#
# A fatal error has been detected by the Java Runtime Environment:
#
#  EXCEPTION_ACCESS_VIOLATION (0xc0000005) at pc=0x00007ff9a4979670, pid=9128, tid=13152
#
# JRE version: OpenJDK Runtime Environment (11.0.2+9) (build 11.0.2+9)
# Java VM: OpenJDK 64-Bit Server VM (11.0.2+9, mixed mode, tiered, compressed oops, g1 gc, windows-amd64)
# Problematic frame:
# C  0x00007ff9a4979670
#
# No core dump will be written. Minidumps are not enabled by default on client versions of Windows
#
# If you would like to submit a bug report, please visit:
#   http://bugreport.java.com/bugreport/crash.jsp
# The crash happened outside the Java Virtual Machine in native code.
# See problematic frame for where to report the bug.
#

---------------  S U M M A R Y ------------

Command Line: -Dsun.java2d.pmoffscreen=false -Dhttps.protocols=TLSv1,TLSv1.1,TLSv1.2 -Dsun.java2d.xrender=false -Dsun.java2d.d3d=false -Dsun.awt.nopixfmt=true -Dsun.java2d.dpiaware=true -Dsun.java2d.uiScale.enabled=false -Xverify:none -Dswing.aatext=true -XX:-UsePerfData -Djdk.map.althashing.threshold=512 -XX:StringTableSize=4072 --add-opens=java.base/java.nio=ALL-UNNAMED --add-opens=java.desktop/sun.swing=ALL-UNNAMED --add-opens=java.desktop/javax.swing=ALL-UNNAMED --add-opens=java.desktop/javax.swing.tree=ALL-UNNAMED --add-opens=java.desktop/javax.swing.plaf.basic=ALL-UNNAMED --add-opens=java.desktop/javax.swing.plaf.synth=ALL-UNNAMED --add-opens=java.desktop/com.sun.awt=ALL-UNNAMED -XX:NewSize=60m -XX:MaxNewSize=60m -Xms128m -Xmx3072m -Xss5m 

Host: 12th Gen Intel(R) Core(TM) i7-1260P, 16 cores, 15G,  Windows 10 , 64 bit Build 26100 (10.0.26100.3912)
Time: Mon May 19 21:33:04 2025 대한민국 표준시 elapsed time: 11041 seconds (0d 3h 4m 1s)

---------------  T H R E A D  ---------------

Current thread (0x000002279eeca800):  JavaThread "AWT-EventQueue-0" [_thread_in_native, id=13152, stack(0x000000bcca700000,0x000000bccac00000)]

Stack: [0x000000bcca700000,0x000000bccac00000],  sp=0x000000bccabf3538,  free space=5069k
Native frames: (J=compiled Java code, j=interpreted, Vv=VM code, C=native code)
C  0x00007ff9a4979670

Java frames: (J=compiled Java code, j=interpreted, Vv=VM code)
J 19981  ui.views.waveform.waveformi.WVExecutive_getGraphicsDataSize(J)J (0 bytes) @ 0x00000227c220bc11 [0x00000227c220bbc0+0x0000000000000051]
J 19980 c1 ui.views.waveform.executive.a.klK()Ljava/io/ByteArrayInputStream; (93 bytes) @ 0x00000227bb2176ac [0x00000227bb2175c0+0x00000000000000ec]
J 29449 c1 ui.views.waveform.b.a.klh()V (144 bytes) @ 0x00000227bd4006b4 [0x00000227bd400620+0x0000000000000094]
J 29442 c1 ui.views.waveform.w.aH(ZZ)V (48 bytes) @ 0x00000227bd3f9eec [0x00000227bd3f9960+0x000000000000058c]
J 29170 c1 ui.views.waveform.c.b.j(Lui/frmwork/a/l;)V (605 bytes) @ 0x00000227bd32efbc [0x00000227bd326c20+0x000000000000839c]
J 19546 c1 ui.views.waveform.w.handleTclEvent(Lui/frmwork/a/l;)V (17 bytes) @ 0x00000227ba29aabc [0x00000227ba29a9e0+0x00000000000000dc]
J 29766 c2 ui.frmwork.E.i(JZ)V (471 bytes) @ 0x00000227c30102f0 [0x00000227c300e5a0+0x0000000000001d50]
J 29682 c2 ui.frmwork.E.fireTclEvent(J)I (113 bytes) @ 0x00000227c2fd130c [0x00000227c2fd0b00+0x000000000000080c]
v  ~StubRoutines::call_stub
J 29263  ui.views.waveform.waveformi.WVExecutive_processModelEvent(JJ)V (0 bytes) @ 0x00000227c2ecb214 [0x00000227c2ecb1c0+0x0000000000000054]
J 29504 c1 ui.views.waveform.c.b.ga(J)V (109 bytes) @ 0x00000227bd433bec [0x00000227bd433b20+0x00000000000000cc]
J 29170 c1 ui.views.waveform.c.b.j(Lui/frmwork/a/l;)V (605 bytes) @ 0x00000227bd32fe0c [0x00000227bd326c20+0x00000000000091ec]
J 19546 c1 ui.views.waveform.w.handleTclEvent(Lui/frmwork/a/l;)V (17 bytes) @ 0x00000227ba29aabc [0x00000227ba29a9e0+0x00000000000000dc]
J 29766 c2 ui.frmwork.E.i(JZ)V (471 bytes) @ 0x00000227c30102f0 [0x00000227c300e5a0+0x0000000000001d50]
J 29682 c2 ui.frmwork.E.fireTclEvent(J)I (113 bytes) @ 0x00000227c2fd130c [0x00000227c2fd0b00+0x000000000000080c]
v  ~StubRoutines::call_stub
J 29263  ui.views.waveform.waveformi.WVExecutive_processModelEvent(JJ)V (0 bytes) @ 0x00000227c2ecb214 [0x00000227c2ecb1c0+0x0000000000000054]
J 29504 c1 ui.views.waveform.c.b.ga(J)V (109 bytes) @ 0x00000227bd433bec [0x00000227bd433b20+0x00000000000000cc]
j  ui.views.waveform.c.e.actionPerformed(Ljava/awt/event/ActionEvent;)V+8
J 21169 c2 javax.swing.Timer.fireActionPerformed(Ljava/awt/event/ActionEvent;)V java.desktop@11.0.2 (46 bytes) @ 0x00000227c2104254 [0x00000227c2104140+0x0000000000000114]
J 21168 c2 javax.swing.Timer$DoPostEvent.run()V java.desktop@11.0.2 (82 bytes) @ 0x00000227c2015cd8 [0x00000227c20159e0+0x00000000000002f8]
J 15634 c2 java.awt.event.InvocationEvent.dispatch()V java.desktop@11.0.2 (69 bytes) @ 0x00000227c22af098 [0x00000227c22af040+0x0000000000000058]
J 15647 c2 java.awt.EventQueue$4.run()Ljava/lang/Object; java.desktop@11.0.2 (5 bytes) @ 0x00000227c22b379c [0x00000227c22b36e0+0x00000000000000bc]
v  ~StubRoutines::call_stub
J 4665  java.security.AccessController.doPrivileged(Ljava/security/PrivilegedAction;Ljava/security/AccessControlContext;)Ljava/lang/Object; java.base@11.0.2 (0 bytes) @ 0x00000227c186ddb6 [0x00000227c186dd40+0x0000000000000076]
J 15645 c2 java.awt.EventQueue.dispatchEvent(Ljava/awt/AWTEvent;)V java.desktop@11.0.2 (80 bytes) @ 0x00000227c22b154c [0x00000227c22b0fc0+0x000000000000058c]
J 19132 c2 ui.frmwork.a.d.dispatchEvent(Ljava/awt/AWTEvent;)V (42 bytes) @ 0x00000227c268d334 [0x00000227c268d220+0x0000000000000114]
J 26753 c2 java.awt.EventDispatchThread.pumpEventsForFilter(ILjava/awt/Conditional;Ljava/awt/EventFilter;)V java.desktop@11.0.2 (47 bytes) @ 0x00000227c22e7eb0 [0x00000227c22e7dc0+0x00000000000000f0]
j  java.awt.EventDispatchThread.pumpEventsForFilter(Ljava/awt/Conditional;Ljava/awt/EventFilter;)V+4 java.desktop@11.0.2
j  java.awt.WaitDispatchSupport$2.run()V+59 java.desktop@11.0.2
j  java.awt.WaitDispatchSupport$4.run()Ljava/lang/Void;+4 java.desktop@11.0.2
j  java.awt.WaitDispatchSupport$4.run()Ljava/lang/Object;+1 java.desktop@11.0.2
v  ~StubRoutines::call_stub
J 1069  java.security.AccessController.doPrivileged(Ljava/security/PrivilegedAction;)Ljava/lang/Object; java.base@11.0.2 (0 bytes) @ 0x00000227c15f8022 [0x00000227c15f7fc0+0x0000000000000062]
j  java.awt.WaitDispatchSupport.enter()Z+260 java.desktop@11.0.2
j  java.awt.Dialog.show()V+224 java.desktop@11.0.2
J 29408 c1 java.awt.Window.setVisible(Z)V java.desktop@11.0.2 (6 bytes) @ 0x00000227bd3cb83c [0x00000227bd3cb600+0x000000000000023c]
j  java.awt.Dialog.setVisible(Z)V+2 java.desktop@11.0.2
j  ui.dlg.c.g.setVisible(Z)V+2
j  ui.dlg.c.bz.bIi()V+64
j  ui.dlg.c.bI.actionPerformed(Ljava/awt/event/ActionEvent;)V+8
j  ui.dlg.c.bz.fud()V+388
j  ui.views.c.t.b.a.run()V+60
j  ui.frmwork.cmd.a.hsT()Z+66
j  ui.frmwork.cmd.d.htb()V+42
j  ui.bm.actionPerformed(Ljava/awt/event/ActionEvent;)V+25
j  javax.swing.AbstractButton.fireActionPerformed(Ljava/awt/event/ActionEvent;)V+83 java.desktop@11.0.2
j  ui.utils.swing.b.E.fireActionPerformed(Ljava/awt/event/ActionEvent;)V+7
j  javax.swing.AbstractButton$Handler.actionPerformed(Ljava/awt/event/ActionEvent;)V+5 java.desktop@11.0.2
j  javax.swing.DefaultButtonModel.fireActionPerformed(Ljava/awt/event/ActionEvent;)V+34 java.desktop@11.0.2
J 29639 c1 javax.swing.DefaultButtonModel.setPressed(Z)V java.desktop@11.0.2 (125 bytes) @ 0x00000227bd48b824 [0x00000227bd48a880+0x0000000000000fa4]
j  javax.swing.plaf.basic.BasicButtonListener.mouseReleased(Ljava/awt/event/MouseEvent;)V+35 java.desktop@11.0.2
j  com.jidesoft.plaf.basic.BasicJideButtonListener.mouseReleased(Ljava/awt/event/MouseEvent;)V+61
J 21547 c1 java.awt.AWTEventMulticaster.mouseReleased(Ljava/awt/event/MouseEvent;)V java.desktop@11.0.2 (27 bytes) @ 0x00000227bbfc78ac [0x00000227bbfc7680+0x000000000000022c]
J 21547 c1 java.awt.AWTEventMulticaster.mouseReleased(Ljava/awt/event/MouseEvent;)V java.desktop@11.0.2 (27 bytes) @ 0x00000227bbfc78ac [0x00000227bbfc7680+0x000000000000022c]
J 21547 c1 java.awt.AWTEventMulticaster.mouseReleased(Ljava/awt/event/MouseEvent;)V java.desktop@11.0.2 (27 bytes) @ 0x00000227bbfc78ac [0x00000227bbfc7680+0x000000000000022c]
J 21547 c1 java.awt.AWTEventMulticaster.mouseReleased(Ljava/awt/event/MouseEvent;)V java.desktop@11.0.2 (27 bytes) @ 0x00000227bbfc78ac [0x00000227bbfc7680+0x000000000000022c]
J 28984 c2 javax.swing.JComponent.processMouseEvent(Ljava/awt/event/MouseEvent;)V java.desktop@11.0.2 (27 bytes) @ 0x00000227c2e28220 [0x00000227c2e27f00+0x0000000000000320]
J 24965 c2 java.awt.Container.processEvent(Ljava/awt/AWTEvent;)V java.desktop@11.0.2 (22 bytes) @ 0x00000227c2648ad4 [0x00000227c2648920+0x00000000000001b4]
J 27038 c2 java.awt.Component.dispatchEventImpl(Ljava/awt/AWTEvent;)V java.desktop@11.0.2 (777 bytes) @ 0x00000227c1c6bf38 [0x00000227c1c6b4a0+0x0000000000000a98]
J 26761 c2 java.awt.Container.dispatchEventImpl(Ljava/awt/AWTEvent;)V java.desktop@11.0.2 (129 bytes) @ 0x00000227c2535680 [0x00000227c2535620+0x0000000000000060]
J 23412 c2 java.awt.LightweightDispatcher.retargetMouseEvent(Ljava/awt/Component;ILjava/awt/event/MouseEvent;)V java.desktop@11.0.2 (372 bytes) @ 0x00000227c2b38f08 [0x00000227c2b38960+0x00000000000005a8]
J 26761 c2 java.awt.Container.dispatchEventImpl(Ljava/awt/AWTEvent;)V java.desktop@11.0.2 (129 bytes) @ 0x00000227c2536524 [0x00000227c2535620+0x0000000000000f04]
J 20320 c2 java.awt.Window.dispatchEventImpl(Ljava/awt/AWTEvent;)V java.desktop@11.0.2 (23 bytes) @ 0x00000227c27e9b8c [0x00000227c27e9b40+0x000000000000004c]
J 15647 c2 java.awt.EventQueue$4.run()Ljava/lang/Object; java.desktop@11.0.2 (5 bytes) @ 0x00000227c22b382c [0x00000227c22b36e0+0x000000000000014c]
v  ~StubRoutines::call_stub
J 4665  java.security.AccessController.doPrivileged(Ljava/security/PrivilegedAction;Ljava/security/AccessControlContext;)Ljava/lang/Object; java.base@11.0.2 (0 bytes) @ 0x00000227c186ddb6 [0x00000227c186dd40+0x0000000000000076]
J 19063 c2 java.awt.EventQueue$5.run()Ljava/lang/Object; java.desktop@11.0.2 (5 bytes) @ 0x00000227c26759d8 [0x00000227c2675960+0x0000000000000078]
v  ~StubRoutines::call_stub
J 4665  java.security.AccessController.doPrivileged(Ljava/security/PrivilegedAction;Ljava/security/AccessControlContext;)Ljava/lang/Object; java.base@11.0.2 (0 bytes) @ 0x00000227c186ddb6 [0x00000227c186dd40+0x0000000000000076]
J 15645 c2 java.awt.EventQueue.dispatchEvent(Ljava/awt/AWTEvent;)V java.desktop@11.0.2 (80 bytes) @ 0x00000227c22b1368 [0x00000227c22b0fc0+0x00000000000003a8]
J 19132 c2 ui.frmwork.a.d.dispatchEvent(Ljava/awt/AWTEvent;)V (42 bytes) @ 0x00000227c268d334 [0x00000227c268d220+0x0000000000000114]
J 26202 c2 java.awt.EventDispatchThread.pumpOneEventForFilters(I)V java.desktop@11.0.2 (113 bytes) @ 0x00000227c2c9c7f8 [0x00000227c2c9c640+0x00000000000001b8]
J 21702% c2 java.awt.EventDispatchThread.pumpEventsForFilter(ILjava/awt/Conditional;Ljava/awt/EventFilter;)V java.desktop@11.0.2 (47 bytes) @ 0x00000227c19a43c0 [0x00000227c19a42c0+0x0000000000000100]
j  java.awt.EventDispatchThread.pumpEventsForHierarchy(ILjava/awt/Conditional;Ljava/awt/Component;)V+11 java.desktop@11.0.2
j  java.awt.EventDispatchThread.pumpEvents(ILjava/awt/Conditional;)V+4 java.desktop@11.0.2
j  java.awt.EventDispatchThread.pumpEvents(Ljava/awt/Conditional;)V+3 java.desktop@11.0.2
j  java.awt.EventDispatchThread.run()V+9 java.desktop@11.0.2
v  ~StubRoutines::call_stub

siginfo: EXCEPTION_ACCESS_VIOLATION (0xc0000005), data execution prevention violation at address 0x00007ff9a4979670


Register to memory mapping:

RIP=0x00007ff9a4979670 points into unknown readable memory: 01 00 00 00 00 00 00 00
RAX=0x00007ff9a4920720 points into unknown readable memory: 00 88 58 a4 f9 7f 00 00
RBX=0x0000000000000001 is an unknown value
RCX=0x00000227db5b1750 points into unknown readable memory: 20 07 92 a4 f9 7f 00 00
RDX=0x00000227931b3850 points into unknown readable memory: d8 84 4b 9c f9 7f 00 00
RSP=0x000000bccabf3538 is pointing into the stack for thread: 0x000002279eeca800
RBP=0x000000bccabf3730 is pointing into the stack for thread: 0x000002279eeca800
RSI=0x00000227db78efe0 points into unknown readable memory: 30 07 92 a4 f9 7f 00 00
RDI=0x00000227db5b1750 points into unknown readable memory: 20 07 92 a4 f9 7f 00 00
R8 =0x000000bccabf3720 is pointing into the stack for thread: 0x000002279eeca800
R9 =0x000000bccabf3760 is pointing into the stack for thread: 0x000002279eeca800
R10=0x0 is NULL
R11=0x00000227df6bc1e0 points into unknown readable memory: e0 ef 78 db 27 02 00 00
R12=0x000000bccabf3720 is pointing into the stack for thread: 0x000002279eeca800
R13=0x000000bccabf3760 is pointing into the stack for thread: 0x000002279eeca800
R14=0x000000bccabf3838 is pointing into the stack for thread: 0x000002279eeca800
R15=0x00000227931b3850 points into unknown readable memory: d8 84 4b 9c f9 7f 00 00


Registers:
RAX=0x00007ff9a4920720, RBX=0x0000000000000001, RCX=0x00000227db5b1750, RDX=0x00000227931b3850
RSP=0x000000bccabf3538, RBP=0x000000bccabf3730, RSI=0x00000227db78efe0, RDI=0x00000227db5b1750
R8 =0x000000bccabf3720, R9 =0x000000bccabf3760, R10=0x0000000000000000, R11=0x00000227df6bc1e0
R12=0x000000bccabf3720, R13=0x000000bccabf3760, R14=0x000000bccabf3838, R15=0x00000227931b3850
RIP=0x00007ff9a4979670, EFLAGS=0x0000000000010202

Top of Stack: (sp=0x000000bccabf3538)
0x000000bccabf3538:   00007ff9a4650855 0000000000000008
0x000000bccabf3548:   00007ffa656b6a04 0000022794b60000
0x000000bccabf3558:   0000000000000007 fffffffffffffffe
0x000000bccabf3568:   0000022700000000 0000000740fc2ff0
0x000000bccabf3578:   00000227c1c45f98 0000000000000550
0x000000bccabf3588:   0000000000000000 0000000000000000
0x000000bccabf3598:   0000000000000000 0000000000000008
0x000000bccabf35a8:   0000000000000008 0000000000000000
0x000000bccabf35b8:   0000000000000001 000000bccabf3868
0x000000bccabf35c8:   0000022794bd0000 0000ac4d6d172e23
0x000000bccabf35d8:   00007ffa656b68c4 0000022700000002
0x000000bccabf35e8:   0000000000000000 000000bccabf3838
0x000000bccabf35f8:   0000022781245228 00000227db5b1750
0x000000bccabf3608:   00000227931b3850 00000227db78efe0
0x000000bccabf3618:   000000bccabf3730 0000000000000001
0x000000bccabf3628:   00007ff9a46483a6 0000022794b60000 

Instructions: (pc=0x00007ff9a4979670)
0x00007ff9a4979650:   00 00 00 00 ff ff ff ff 00 00 00 00 40 00 00 00
0x00007ff9a4979660:   20 96 43 00 00 00 00 00 00 00 00 00 00 00 00 00
0x00007ff9a4979670:   01 00 00 00 00 00 00 00 00 00 00 00 a0 19 57 00
0x00007ff9a4979680:   98 96 43 00 70 96 43 00 00 00 00 00 00 00 00 00 


Stack slot to memory mapping:
stack at sp + 0 slots: 0x00007ff9a4650855 points into unknown readable memory: 8b f0 83
stack at sp + 1 slots: 0x0000000000000008 is an unknown value
stack at sp + 2 slots: 0x00007ffa656b6a04 ntdll.dll
stack at sp + 3 slots: 0x0000022794b60000 points into unknown readable memory: 00 00 00 00 00 00 00 00
stack at sp + 4 slots: 0x0000000000000007 is an unknown value
stack at sp + 5 slots: 0xfffffffffffffffe is an unknown value
stack at sp + 6 slots: 0x0000022700000000 is an unknown value
stack at sp + 7 slots: 0x0000000740fc2ff0 is an oop: javax.swing.JLayeredPane 
{0x0000000740fc2ff0} - klass: 'javax/swing/JLayeredPane'


---------------  P R O C E S S  ---------------

Threads class SMR info:
_java_thread_list=0x00000227f2af0e10, length=45, elements={
0x00000227d3bdb800, 0x00000227d5947000, 0x00000227d3f6c000, 0x00000227d3f6d800,
0x00000227d3f6e800, 0x00000227d6847000, 0x00000227d46c5000, 0x00000227d62ca800,
0x00000227b61d6000, 0x00000227d6066800, 0x00000227b5ac2800, 0x000002279c4dd800,
0x000002279c4de000, 0x000002279c763000, 0x000002279eeca800, 0x000002279e559800,
0x000002279ed8b000, 0x000002279c802800, 0x00000227d5855800, 0x00000227d5858000,
0x00000227d46c4000, 0x00000227d46c8000, 0x00000227d5859800, 0x000002279e9b6000,
0x000002279e9bb000, 0x000002279e9bd800, 0x000002279e9be800, 0x000002279e9bc000,
0x000002279e9c1800, 0x00000227d5859000, 0x00000227d46c5800, 0x00000227d46c9000,
0x0000022792dea800, 0x0000022792df0000, 0x00000227e3ab9800, 0x00000227ffdc7000,
0x00000227ffdcd800, 0x00000227ffdcc000, 0x00000227ffdcd000, 0x00000227ffdcb800,
0x00000227ffdc9800, 0x00000227ffdcf800, 0x00000227ffdc8000, 0x00000227ffdca800,
0x00000227ffdd2000
}

Java Threads: ( => current thread )
  0x00000227d3bdb800 JavaThread "main" [_thread_blocked, id=19736, stack(0x000000bcc5a00000,0x000000bcc5b00000)]
  0x00000227d5947000 JavaThread "Reference Handler" daemon [_thread_blocked, id=7724, stack(0x000000bcc6100000,0x000000bcc6600000)]
  0x00000227d3f6c000 JavaThread "Finalizer" daemon [_thread_blocked, id=7072, stack(0x000000bcc6600000,0x000000bcc6b00000)]
  0x00000227d3f6d800 JavaThread "Signal Dispatcher" daemon [_thread_blocked, id=13016, stack(0x000000bcc6b00000,0x000000bcc7000000)]
  0x00000227d3f6e800 JavaThread "Attach Listener" daemon [_thread_blocked, id=1652, stack(0x000000bcc7000000,0x000000bcc7500000)]
  0x00000227d6847000 JavaThread "C2 CompilerThread0" daemon [_thread_blocked, id=12080, stack(0x000000bcc7500000,0x000000bcc7600000)]
  0x00000227d46c5000 JavaThread "C1 CompilerThread0" daemon [_thread_blocked, id=6516, stack(0x000000bcc7600000,0x000000bcc7700000)]
  0x00000227d62ca800 JavaThread "Sweeper thread" daemon [_thread_blocked, id=7920, stack(0x000000bcc7700000,0x000000bcc7c00000)]
  0x00000227b61d6000 JavaThread "Common-Cleaner" daemon [_thread_blocked, id=12576, stack(0x000000bcc7d00000,0x000000bcc8200000)]
  0x00000227d6066800 JavaThread "Service Thread" daemon [_thread_blocked, id=9568, stack(0x000000bcc8200000,0x000000bcc8700000)]
  0x00000227b5ac2800 JavaThread "Java2D Disposer" daemon [_thread_blocked, id=2696, stack(0x000000bcc8800000,0x000000bcc8d00000)]
  0x000002279c4dd800 JavaThread "AWT-Shutdown" [_thread_blocked, id=14164, stack(0x000000bcc8d00000,0x000000bcc9200000)]
  0x000002279c4de000 JavaThread "AWT-Windows" daemon [_thread_in_native, id=14344, stack(0x000000bcc9200000,0x000000bcc9700000)]
  0x000002279c763000 JavaThread "TimerQueue" daemon [_thread_blocked, id=14152, stack(0x000000bcc9800000,0x000000bcc9d00000)]
=>0x000002279eeca800 JavaThread "AWT-EventQueue-0" [_thread_in_native, id=13152, stack(0x000000bcca700000,0x000000bccac00000)]
  0x000002279e559800 JavaThread "Thread-1" [_thread_in_native, id=6728, stack(0x000000bcc4300000,0x000000bcc5700000)]
  0x000002279ed8b000 JavaThread "Process Messages Thread" [_thread_blocked, id=18148, stack(0x000000bccb100000,0x000000bccb600000)]
  0x000002279c802800 JavaThread "Batik CleanerThread" daemon [_thread_blocked, id=17668, stack(0x000000bccac00000,0x000000bccb100000)]
  0x00000227d5855800 JavaThread "SyntheticaCleanerThread" daemon [_thread_blocked, id=12456, stack(0x000000bccca00000,0x000000bcccf00000)]
  0x00000227d5858000 JavaThread "Monitor HEventQueue Thread" [_thread_blocked, id=12732, stack(0x000000bccd000000,0x000000bccd500000)]
  0x00000227d46c4000 JavaThread "SyntheticaAnimation 50" daemon [_thread_blocked, id=17616, stack(0x000000bccd500000,0x000000bccda00000)]
  0x00000227d46c8000 JavaThread "SyntheticaAnimation 25" daemon [_thread_blocked, id=11508, stack(0x000000bccdc00000,0x000000bcce100000)]
  0x00000227d5859800 JavaThread "SyntheticaAnimation 70" daemon [_thread_blocked, id=12184, stack(0x000000bcce600000,0x000000bcceb00000)]
  0x000002279e9b6000 JavaThread "hw_ila_monitor" [_thread_blocked, id=6364, stack(0x000000bcc9d00000,0x000000bcca200000)]
  0x000002279e9bb000 JavaThread "pool-2-thread-1" [_thread_blocked, id=7888, stack(0x000000bccf000000,0x000000bccf500000)]
  0x000002279e9bd800 JavaThread "pool-3-thread-1" [_thread_blocked, id=1560, stack(0x000000bccf500000,0x000000bccfa00000)]
  0x000002279e9be800 JavaThread "pool-4-thread-1" [_thread_blocked, id=18276, stack(0x000000bccfa00000,0x000000bccff00000)]
  0x000002279e9bc000 JavaThread "SyntheticaAnimation 50" daemon [_thread_blocked, id=13020, stack(0x000000bccff00000,0x000000bcd0400000)]
  0x000002279e9c1800 JavaThread "SyntheticaAnimation 50" daemon [_thread_blocked, id=10452, stack(0x000000bcd0400000,0x000000bcd0900000)]
  0x00000227d5859000 JavaThread "Image Animator 0" daemon [_thread_blocked, id=11632, stack(0x000000bcd1d00000,0x000000bcd2200000)]
  0x00000227d46c5800 JavaThread "Thread-3484" [_thread_in_native, id=14820, stack(0x000000bcc4100000,0x000000bcc4200000)]
  0x00000227d46c9000 JavaThread "Thread-3485" [_thread_in_native, id=5416, stack(0x000000bcc4000000,0x000000bcc4100000)]
  0x0000022792dea800 JavaThread "Thread-5595" [_thread_in_native, id=19804, stack(0x000000bcc4000000,0x000000bcc4100000)]
  0x0000022792df0000 JavaThread "Thread-5596" [_thread_in_native, id=18516, stack(0x000000bccc700000,0x000000bccc800000)]
  0x00000227e3ab9800 JavaThread "Thread-5886" [_thread_in_native, id=16072, stack(0x000000bcccf00000,0x000000bccd000000)]
  0x00000227ffdc7000 JavaThread "Refresh Filesets Swing Worker Thread" [_thread_blocked, id=11796, stack(0x000000bcceb00000,0x000000bccf000000)]
  0x00000227ffdcd800 JavaThread "pool-6-thread-1" [_thread_blocked, id=16688, stack(0x000000bcd0e00000,0x000000bcd1300000)]
  0x00000227ffdcc000 JavaThread "pool-7-thread-1" [_thread_blocked, id=15152, stack(0x000000bcd1300000,0x000000bcd1800000)]
  0x00000227ffdcd000 JavaThread "pool-8-thread-1" [_thread_blocked, id=5764, stack(0x000000bcd2200000,0x000000bcd2700000)]
  0x00000227ffdcb800 JavaThread "Update Runs Swing Worker Thread" [_thread_blocked, id=8664, stack(0x000000bcd2700000,0x000000bcd2c00000)]
  0x00000227ffdc9800 JavaThread "Timer-2" [_thread_blocked, id=10128, stack(0x000000bcd3100000,0x000000bcd3600000)]
  0x00000227ffdcf800 JavaThread "Monitor File Timestamp Swing Worker Thread" [_thread_blocked, id=18720, stack(0x000000bcd3600000,0x000000bcd3b00000)]
  0x00000227ffdc8000 JavaThread "Timer-3" [_thread_blocked, id=14896, stack(0x000000bcd2c00000,0x000000bcd3100000)]
  0x00000227ffdca800 JavaThread "Monitor File Timestamp Swing Worker Thread" [_thread_blocked, id=5124, stack(0x000000bcd3b00000,0x000000bcd4000000)]
  0x00000227ffdd2000 JavaThread "Relaunch Simulation Thread" [_thread_blocked, id=9756, stack(0x000000bcd4000000,0x000000bcd4500000)]

Other Threads:
  0x0000022799a70800 VMThread "VM Thread" [stack: 0x000000bcc6000000,0x000000bcc6100000] [id=11620]
  0x00000227d584e000 WatcherThread [stack: 0x000000bcc8700000,0x000000bcc8800000] [id=2552]
  0x00000227d6024800 GCTaskThread "GC Thread#0" [stack: 0x000000bcc5b00000,0x000000bcc5c00000] [id=6432]
  0x00000227b5aa2000 GCTaskThread "GC Thread#1" [stack: 0x000000bccb600000,0x000000bccb700000] [id=5632]
  0x00000227b5a9f000 GCTaskThread "GC Thread#2" [stack: 0x000000bccb700000,0x000000bccb800000] [id=17764]
  0x00000227b5aa3000 GCTaskThread "GC Thread#3" [stack: 0x000000bccb800000,0x000000bccb900000] [id=18664]
  0x00000227b5aa3800 GCTaskThread "GC Thread#4" [stack: 0x000000bccb900000,0x000000bccba00000] [id=2460]
  0x000002279c559800 GCTaskThread "GC Thread#5" [stack: 0x000000bccba00000,0x000000bccbb00000] [id=19688]
  0x000002279c55a000 GCTaskThread "GC Thread#6" [stack: 0x000000bccbb00000,0x000000bccbc00000] [id=8432]
  0x000002279c55b000 GCTaskThread "GC Thread#7" [stack: 0x000000bccbc00000,0x000000bccbd00000] [id=9988]
  0x000002279c55e800 GCTaskThread "GC Thread#8" [stack: 0x000000bccbd00000,0x000000bccbe00000] [id=2448]
  0x000002279c55c000 GCTaskThread "GC Thread#9" [stack: 0x000000bccbe00000,0x000000bccbf00000] [id=1928]
  0x000002279c560000 GCTaskThread "GC Thread#10" [stack: 0x000000bccbf00000,0x000000bccc000000] [id=10992]
  0x000002279c55d800 GCTaskThread "GC Thread#11" [stack: 0x000000bccc000000,0x000000bccc100000] [id=2556]
  0x00000227b2db4800 GCTaskThread "GC Thread#12" [stack: 0x000000bccdb00000,0x000000bccdc00000] [id=15000]
  0x00000227d6206800 ConcurrentGCThread "G1 Main Marker" [stack: 0x000000bcc5c00000,0x000000bcc5d00000] [id=13144]
  0x00000227d6207000 ConcurrentGCThread "G1 Conc#0" [stack: 0x000000bcc5d00000,0x000000bcc5e00000] [id=18984]
  0x000002279c566800 ConcurrentGCThread "G1 Conc#1" [stack: 0x000000bcca600000,0x000000bcca700000] [id=9880]
  0x000002279c565800 ConcurrentGCThread "G1 Conc#2" [stack: 0x000000bccc100000,0x000000bccc200000] [id=1180]
  0x00000227968ba800 ConcurrentGCThread "G1 Refine#0" [stack: 0x000000bcc5e00000,0x000000bcc5f00000] [id=5724]
  0x00000227b30cf800 ConcurrentGCThread "G1 Refine#1" [stack: 0x000000bccc900000,0x000000bccca00000] [id=17308]
  0x00000227b2db0000 ConcurrentGCThread "G1 Refine#2" [stack: 0x000000bcc4200000,0x000000bcc4300000] [id=8516]
  0x00000227d3cdb800 ConcurrentGCThread "G1 Young RemSet Sampling" [stack: 0x000000bcc5f00000,0x000000bcc6000000] [id=14552]

Threads with active compile tasks:

VM state:not at safepoint (normal execution)

VM Mutex/Monitor currently owned by a thread: None

Heap address: 0x0000000740000000, size: 3072 MB, Compressed Oops mode: Zero based, Oop shift amount: 3
Narrow klass base: 0x0000000800000000, Narrow klass shift: 0
Compressed class space size: 1073741824 Address: 0x0000000800000000

Heap:
 garbage-first heap   total 266240K, used 126020K [0x0000000740000000, 0x0000000800000000)
  region size 1024K, 30 young (30720K), 1 survivors (1024K)
 Metaspace       used 108623K, capacity 109839K, committed 114184K, reserved 1146880K
  class space    used 14619K, capacity 15098K, committed 16640K, reserved 1048576K
Heap Regions: E=young(eden), S=young(survivor), O=old, HS=humongous(starts), HC=humongous(continues), CS=collection set, F=free, A=archive, TAMS=top-at-mark-start (previous, next)
|   0|0x0000000740000000, 0x0000000740100000, 0x0000000740100000|100%|HS|  |TAMS 0x0000000740000000, 0x0000000740000000| Untracked 
|   1|0x0000000740100000, 0x0000000740200000, 0x0000000740200000|100%|HC|  |TAMS 0x0000000740100000, 0x0000000740100000| Untracked 
|   2|0x0000000740200000, 0x0000000740300000, 0x0000000740300000|100%|HS|  |TAMS 0x0000000740200000, 0x0000000740200000| Untracked 
|   3|0x0000000740300000, 0x0000000740400000, 0x0000000740400000|100%| O|  |TAMS 0x0000000740300000, 0x0000000740300000| Untracked 
|   4|0x0000000740400000, 0x00000007404ffff0, 0x0000000740500000| 99%| O|  |TAMS 0x0000000740400000, 0x0000000740400000| Untracked 
|   5|0x0000000740500000, 0x00000007405ffff0, 0x0000000740600000| 99%| O|  |TAMS 0x0000000740500000, 0x0000000740500000| Untracked 
|   6|0x0000000740600000, 0x0000000740700000, 0x0000000740700000|100%| O|  |TAMS 0x0000000740600000, 0x0000000740600000| Untracked 
|   7|0x0000000740700000, 0x00000007407ffff0, 0x0000000740800000| 99%| O|  |TAMS 0x0000000740700000, 0x0000000740700000| Untracked 
|   8|0x0000000740800000, 0x00000007408ffff8, 0x0000000740900000| 99%| O|  |TAMS 0x0000000740800000, 0x0000000740800000| Untracked 
|   9|0x0000000740900000, 0x0000000740a00000, 0x0000000740a00000|100%| O|  |TAMS 0x0000000740900000, 0x0000000740900000| Untracked 
|  10|0x0000000740a00000, 0x0000000740affff8, 0x0000000740b00000| 99%| O|  |TAMS 0x0000000740a00000, 0x0000000740a00000| Untracked 
|  11|0x0000000740b00000, 0x0000000740bffff8, 0x0000000740c00000| 99%| O|  |TAMS 0x0000000740b00000, 0x0000000740b00000| Untracked 
|  12|0x0000000740c00000, 0x0000000740d00000, 0x0000000740d00000|100%| O|  |TAMS 0x0000000740c00000, 0x0000000740c00000| Untracked 
|  13|0x0000000740d00000, 0x0000000740e00000, 0x0000000740e00000|100%| O|  |TAMS 0x0000000740d00000, 0x0000000740d00000| Untracked 
|  14|0x0000000740e00000, 0x0000000740effff0, 0x0000000740f00000| 99%| O|  |TAMS 0x0000000740e00000, 0x0000000740e00000| Untracked 
|  15|0x0000000740f00000, 0x0000000740fffff8, 0x0000000741000000| 99%| O|  |TAMS 0x0000000740f00000, 0x0000000740f00000| Untracked 
|  16|0x0000000741000000, 0x00000007410ffff8, 0x0000000741100000| 99%| O|  |TAMS 0x0000000741000000, 0x0000000741000000| Untracked 
|  17|0x0000000741100000, 0x00000007411ffff8, 0x0000000741200000| 99%| O|  |TAMS 0x0000000741100000, 0x0000000741100000| Untracked 
|  18|0x0000000741200000, 0x00000007412ffff8, 0x0000000741300000| 99%| O|  |TAMS 0x0000000741200000, 0x0000000741200000| Untracked 
|  19|0x0000000741300000, 0x0000000741400000, 0x0000000741400000|100%| O|  |TAMS 0x0000000741300000, 0x0000000741300000| Untracked 
|  20|0x0000000741400000, 0x0000000741500000, 0x0000000741500000|100%| O|  |TAMS 0x0000000741400000, 0x0000000741400000| Untracked 
|  21|0x0000000741500000, 0x00000007415ffff8, 0x0000000741600000| 99%| O|  |TAMS 0x0000000741500000, 0x0000000741500000| Untracked 
|  22|0x0000000741600000, 0x00000007416ffff0, 0x0000000741700000| 99%| O|  |TAMS 0x0000000741600000, 0x0000000741600000| Untracked 
|  23|0x0000000741700000, 0x0000000741800000, 0x0000000741800000|100%| O|  |TAMS 0x0000000741700000, 0x0000000741700000| Untracked 
|  24|0x0000000741800000, 0x00000007418ffff8, 0x0000000741900000| 99%| O|  |TAMS 0x0000000741800000, 0x0000000741800000| Untracked 
|  25|0x0000000741900000, 0x00000007419ffff8, 0x0000000741a00000| 99%| O|  |TAMS 0x0000000741900000, 0x0000000741900000| Untracked 
|  26|0x0000000741a00000, 0x0000000741affff8, 0x0000000741b00000| 99%| O|  |TAMS 0x0000000741a00000, 0x0000000741a00000| Untracked 
|  27|0x0000000741b00000, 0x0000000741c00000, 0x0000000741c00000|100%| O|  |TAMS 0x0000000741b00000, 0x0000000741b00000| Untracked 
|  28|0x0000000741c00000, 0x0000000741cffff8, 0x0000000741d00000| 99%| O|  |TAMS 0x0000000741c00000, 0x0000000741c00000| Untracked 
|  29|0x0000000741d00000, 0x0000000741e00000, 0x0000000741e00000|100%| O|  |TAMS 0x0000000741d00000, 0x0000000741d00000| Untracked 
|  30|0x0000000741e00000, 0x0000000741effff8, 0x0000000741f00000| 99%| O|  |TAMS 0x0000000741e00000, 0x0000000741e00000| Untracked 
|  31|0x0000000741f00000, 0x0000000742000000, 0x0000000742000000|100%| O|  |TAMS 0x0000000741f00000, 0x0000000741f00000| Untracked 
|  32|0x0000000742000000, 0x0000000742100000, 0x0000000742100000|100%| O|  |TAMS 0x0000000742000000, 0x0000000742000000| Untracked 
|  33|0x0000000742100000, 0x00000007421ffff8, 0x0000000742200000| 99%| O|  |TAMS 0x0000000742100000, 0x0000000742100000| Untracked 
|  34|0x0000000742200000, 0x00000007422ffff8, 0x0000000742300000| 99%| O|  |TAMS 0x0000000742200000, 0x0000000742200000| Untracked 
|  35|0x0000000742300000, 0x0000000742400000, 0x0000000742400000|100%| O|  |TAMS 0x0000000742300000, 0x0000000742300000| Untracked 
|  36|0x0000000742400000, 0x0000000742500000, 0x0000000742500000|100%| O|  |TAMS 0x0000000742400000, 0x0000000742400000| Untracked 
|  37|0x0000000742500000, 0x0000000742600000, 0x0000000742600000|100%| O|  |TAMS 0x0000000742500000, 0x0000000742500000| Untracked 
|  38|0x0000000742600000, 0x00000007426ffff0, 0x0000000742700000| 99%| O|  |TAMS 0x0000000742600000, 0x0000000742600000| Untracked 
|  39|0x0000000742700000, 0x0000000742800000, 0x0000000742800000|100%| O|  |TAMS 0x0000000742700000, 0x0000000742700000| Untracked 
|  40|0x0000000742800000, 0x00000007428ffff0, 0x0000000742900000| 99%| O|  |TAMS 0x0000000742800000, 0x0000000742800000| Untracked 
|  41|0x0000000742900000, 0x0000000742a00000, 0x0000000742a00000|100%| O|  |TAMS 0x0000000742900000, 0x0000000742900000| Untracked 
|  42|0x0000000742a00000, 0x0000000742afffe8, 0x0000000742b00000| 99%| O|  |TAMS 0x0000000742a00000, 0x0000000742a00000| Untracked 
|  43|0x0000000742b00000, 0x0000000742c00000, 0x0000000742c00000|100%| O|  |TAMS 0x0000000742b00000, 0x0000000742b00000| Untracked 
|  44|0x0000000742c00000, 0x0000000742cffff8, 0x0000000742d00000| 99%| O|  |TAMS 0x0000000742c00000, 0x0000000742c00000| Untracked 
|  45|0x0000000742d00000, 0x0000000742e00000, 0x0000000742e00000|100%| O|  |TAMS 0x0000000742d00000, 0x0000000742d00000| Untracked 
|  46|0x0000000742e00000, 0x0000000742effff8, 0x0000000742f00000| 99%| O|  |TAMS 0x0000000742e00000, 0x0000000742e00000| Untracked 
|  47|0x0000000742f00000, 0x0000000742fffff8, 0x0000000743000000| 99%| O|  |TAMS 0x0000000742f00000, 0x0000000742f00000| Untracked 
|  48|0x0000000743000000, 0x0000000743100000, 0x0000000743100000|100%| O|  |TAMS 0x0000000743000000, 0x0000000743000000| Untracked 
|  49|0x0000000743100000, 0x00000007431ffff0, 0x0000000743200000| 99%| O|  |TAMS 0x0000000743100000, 0x0000000743100000| Untracked 
|  50|0x0000000743200000, 0x0000000743300000, 0x0000000743300000|100%| O|  |TAMS 0x0000000743200000, 0x0000000743200000| Untracked 
|  51|0x0000000743300000, 0x0000000743400000, 0x0000000743400000|100%| O|  |TAMS 0x0000000743300000, 0x0000000743300000| Untracked 
|  52|0x0000000743400000, 0x0000000743500000, 0x0000000743500000|100%| O|  |TAMS 0x0000000743400000, 0x0000000743400000| Untracked 
|  53|0x0000000743500000, 0x0000000743600000, 0x0000000743600000|100%| O|  |TAMS 0x0000000743500000, 0x0000000743500000| Untracked 
|  54|0x0000000743600000, 0x00000007436ffff8, 0x0000000743700000| 99%| O|  |TAMS 0x0000000743600000, 0x0000000743600000| Untracked 
|  55|0x0000000743700000, 0x00000007437fffd0, 0x0000000743800000| 99%| O|  |TAMS 0x0000000743700000, 0x0000000743700000| Untracked 
|  56|0x0000000743800000, 0x00000007438ffff8, 0x0000000743900000| 99%| O|  |TAMS 0x0000000743800000, 0x0000000743800000| Untracked 
|  57|0x0000000743900000, 0x0000000743a00000, 0x0000000743a00000|100%| O|  |TAMS 0x0000000743900000, 0x0000000743900000| Untracked 
|  58|0x0000000743a00000, 0x0000000743b00000, 0x0000000743b00000|100%| O|  |TAMS 0x0000000743a00000, 0x0000000743a00000| Untracked 
|  59|0x0000000743b00000, 0x0000000743bffff8, 0x0000000743c00000| 99%| O|  |TAMS 0x0000000743b00000, 0x0000000743b00000| Untracked 
|  60|0x0000000743c00000, 0x0000000743cffff8, 0x0000000743d00000| 99%| O|  |TAMS 0x0000000743c00000, 0x0000000743c00000| Untracked 
|  61|0x0000000743d00000, 0x0000000743e00000, 0x0000000743e00000|100%| O|  |TAMS 0x0000000743d00000, 0x0000000743d00000| Untracked 
|  62|0x0000000743e00000, 0x0000000743effff8, 0x0000000743f00000| 99%| O|  |TAMS 0x0000000743e00000, 0x0000000743e00000| Untracked 
|  63|0x0000000743f00000, 0x0000000743fffff8, 0x0000000744000000| 99%| O|  |TAMS 0x0000000743f00000, 0x0000000743f00000| Untracked 
|  64|0x0000000744000000, 0x0000000744100000, 0x0000000744100000|100%| O|  |TAMS 0x0000000744000000, 0x0000000744000000| Untracked 
|  65|0x0000000744100000, 0x0000000744200000, 0x0000000744200000|100%| O|  |TAMS 0x0000000744100000, 0x0000000744100000| Untracked 
|  66|0x0000000744200000, 0x0000000744300000, 0x0000000744300000|100%| O|  |TAMS 0x0000000744200000, 0x0000000744200000| Untracked 
|  67|0x0000000744300000, 0x00000007443ffff8, 0x0000000744400000| 99%| O|  |TAMS 0x0000000744300000, 0x0000000744300000| Untracked 
|  68|0x0000000744400000, 0x0000000744500000, 0x0000000744500000|100%| O|  |TAMS 0x0000000744400000, 0x0000000744400000| Untracked 
|  69|0x0000000744500000, 0x00000007445ffff0, 0x0000000744600000| 99%| O|  |TAMS 0x0000000744500000, 0x0000000744500000| Untracked 
|  70|0x0000000744600000, 0x00000007446fffd0, 0x0000000744700000| 99%| O|  |TAMS 0x0000000744600000, 0x0000000744600000| Untracked 
|  71|0x0000000744700000, 0x00000007447ffff8, 0x0000000744800000| 99%| O|  |TAMS 0x0000000744700000, 0x0000000744700000| Untracked 
|  72|0x0000000744800000, 0x00000007448dec08, 0x0000000744900000| 87%| O|  |TAMS 0x0000000744800000, 0x0000000744800000| Untracked 
|  73|0x0000000744900000, 0x00000007449bfe08, 0x0000000744a00000| 74%| O|  |TAMS 0x0000000744900000, 0x0000000744900000| Untracked 
|  74|0x0000000744a00000, 0x0000000744a80b90, 0x0000000744b00000| 50%| O|  |TAMS 0x0000000744a00000, 0x0000000744a00000| Untracked 
|  75|0x0000000744b00000, 0x0000000744b16390, 0x0000000744c00000|  8%| O|  |TAMS 0x0000000744b00000, 0x0000000744b00000| Untracked 
|  76|0x0000000744c00000, 0x0000000744c01238, 0x0000000744d00000|  0%| O|  |TAMS 0x0000000744c00000, 0x0000000744c00000| Untracked 
|  77|0x0000000744d00000, 0x0000000744d00000, 0x0000000744e00000|  0%| F|  |TAMS 0x0000000744d00000, 0x0000000744d00000| Untracked 
|  78|0x0000000744e00000, 0x0000000744e00000, 0x0000000744f00000|  0%| F|  |TAMS 0x0000000744e00000, 0x0000000744e00000| Untracked 
|  79|0x0000000744f00000, 0x0000000744f00000, 0x0000000745000000|  0%| F|  |TAMS 0x0000000744f00000, 0x0000000744f00000| Untracked 
|  80|0x0000000745000000, 0x0000000745000000, 0x0000000745100000|  0%| F|  |TAMS 0x0000000745000000, 0x0000000745000000| Untracked 
|  81|0x0000000745100000, 0x0000000745100000, 0x0000000745200000|  0%| F|  |TAMS 0x0000000745100000, 0x0000000745100000| Untracked 
|  82|0x0000000745200000, 0x0000000745200000, 0x0000000745300000|  0%| F|  |TAMS 0x0000000745200000, 0x0000000745200000| Untracked 
|  83|0x0000000745300000, 0x0000000745400000, 0x0000000745400000|100%|HS|  |TAMS 0x0000000745300000, 0x0000000745300000| Untracked 
|  84|0x0000000745400000, 0x0000000745500000, 0x0000000745500000|100%|HC|  |TAMS 0x0000000745400000, 0x0000000745400000| Untracked 
|  85|0x0000000745500000, 0x0000000745600000, 0x0000000745600000|100%|HC|  |TAMS 0x0000000745500000, 0x0000000745500000| Untracked 
|  86|0x0000000745600000, 0x0000000745700000, 0x0000000745700000|100%|HC|  |TAMS 0x0000000745600000, 0x0000000745600000| Untracked 
|  87|0x0000000745700000, 0x0000000745800000, 0x0000000745800000|100%|HC|  |TAMS 0x0000000745700000, 0x0000000745700000| Untracked 
|  88|0x0000000745800000, 0x0000000745900000, 0x0000000745900000|100%|HC|  |TAMS 0x0000000745800000, 0x0000000745800000| Untracked 
|  89|0x0000000745900000, 0x0000000745a00000, 0x0000000745a00000|100%|HC|  |TAMS 0x0000000745900000, 0x0000000745900000| Untracked 
|  90|0x0000000745a00000, 0x0000000745b00000, 0x0000000745b00000|100%|HC|  |TAMS 0x0000000745a00000, 0x0000000745a00000| Untracked 
|  91|0x0000000745b00000, 0x0000000745c00000, 0x0000000745c00000|100%|HC|  |TAMS 0x0000000745b00000, 0x0000000745b00000| Untracked 
|  92|0x0000000745c00000, 0x0000000745d00000, 0x0000000745d00000|100%|HC|  |TAMS 0x0000000745c00000, 0x0000000745c00000| Untracked 
|  93|0x0000000745d00000, 0x0000000745e00000, 0x0000000745e00000|100%|HC|  |TAMS 0x0000000745d00000, 0x0000000745d00000| Untracked 
|  94|0x0000000745e00000, 0x0000000745f00000, 0x0000000745f00000|100%|HC|  |TAMS 0x0000000745e00000, 0x0000000745e00000| Untracked 
|  95|0x0000000745f00000, 0x0000000746000000, 0x0000000746000000|100%|HC|  |TAMS 0x0000000745f00000, 0x0000000745f00000| Untracked 
|  96|0x0000000746000000, 0x0000000746100000, 0x0000000746100000|100%|HC|  |TAMS 0x0000000746000000, 0x0000000746000000| Untracked 
|  97|0x0000000746100000, 0x0000000746100000, 0x0000000746200000|  0%| F|  |TAMS 0x0000000746100000, 0x0000000746100000| Untracked 
|  98|0x0000000746200000, 0x0000000746200000, 0x0000000746300000|  0%| F|  |TAMS 0x0000000746200000, 0x0000000746200000| Untracked 
|  99|0x0000000746300000, 0x0000000746300000, 0x0000000746400000|  0%| F|  |TAMS 0x0000000746300000, 0x0000000746300000| Untracked 
| 100|0x0000000746400000, 0x0000000746400000, 0x0000000746500000|  0%| F|  |TAMS 0x0000000746400000, 0x0000000746400000| Untracked 
| 101|0x0000000746500000, 0x0000000746500000, 0x0000000746600000|  0%| F|  |TAMS 0x0000000746500000, 0x0000000746500000| Untracked 
| 102|0x0000000746600000, 0x0000000746600000, 0x0000000746700000|  0%| F|  |TAMS 0x0000000746600000, 0x0000000746600000| Untracked 
| 103|0x0000000746700000, 0x0000000746800000, 0x0000000746800000|100%|HS|  |TAMS 0x0000000746700000, 0x0000000746700000| Untracked 
| 104|0x0000000746800000, 0x0000000746900000, 0x0000000746900000|100%|HC|  |TAMS 0x0000000746800000, 0x0000000746800000| Untracked 
| 105|0x0000000746900000, 0x0000000746a00000, 0x0000000746a00000|100%|HC|  |TAMS 0x0000000746900000, 0x0000000746900000| Untracked 
| 106|0x0000000746a00000, 0x0000000746b00000, 0x0000000746b00000|100%|HC|  |TAMS 0x0000000746a00000, 0x0000000746a00000| Untracked 
| 107|0x0000000746b00000, 0x0000000746c00000, 0x0000000746c00000|100%|HC|  |TAMS 0x0000000746b00000, 0x0000000746b00000| Untracked 
| 108|0x0000000746c00000, 0x0000000746d00000, 0x0000000746d00000|100%|HC|  |TAMS 0x0000000746c00000, 0x0000000746c00000| Untracked 
| 109|0x0000000746d00000, 0x0000000746d00000, 0x0000000746e00000|  0%| F|  |TAMS 0x0000000746d00000, 0x0000000746d00000| Untracked 
| 110|0x0000000746e00000, 0x0000000746e00000, 0x0000000746f00000|  0%| F|  |TAMS 0x0000000746e00000, 0x0000000746e00000| Untracked 
| 111|0x0000000746f00000, 0x0000000746f00000, 0x0000000747000000|  0%| F|  |TAMS 0x0000000746f00000, 0x0000000746f00000| Untracked 
| 112|0x0000000747000000, 0x0000000747000000, 0x0000000747100000|  0%| F|  |TAMS 0x0000000747000000, 0x0000000747000000| Untracked 
| 113|0x0000000747100000, 0x0000000747100000, 0x0000000747200000|  0%| F|  |TAMS 0x0000000747100000, 0x0000000747100000| Untracked 
| 114|0x0000000747200000, 0x0000000747200000, 0x0000000747300000|  0%| F|  |TAMS 0x0000000747200000, 0x0000000747200000| Untracked 
| 115|0x0000000747300000, 0x0000000747300000, 0x0000000747400000|  0%| F|  |TAMS 0x0000000747300000, 0x0000000747300000| Untracked 
| 116|0x0000000747400000, 0x0000000747400000, 0x0000000747500000|  0%| F|  |TAMS 0x0000000747400000, 0x0000000747400000| Untracked 
| 117|0x0000000747500000, 0x0000000747500000, 0x0000000747600000|  0%| F|  |TAMS 0x0000000747500000, 0x0000000747500000| Untracked 
| 118|0x0000000747600000, 0x0000000747600000, 0x0000000747700000|  0%| F|  |TAMS 0x0000000747600000, 0x0000000747600000| Untracked 
| 119|0x0000000747700000, 0x0000000747700000, 0x0000000747800000|  0%| F|  |TAMS 0x0000000747700000, 0x0000000747700000| Untracked 
| 120|0x0000000747800000, 0x0000000747800000, 0x0000000747900000|  0%| F|  |TAMS 0x0000000747800000, 0x0000000747800000| Untracked 
| 121|0x0000000747900000, 0x0000000747900000, 0x0000000747a00000|  0%| F|  |TAMS 0x0000000747900000, 0x0000000747900000| Untracked 
| 122|0x0000000747a00000, 0x0000000747a00000, 0x0000000747b00000|  0%| F|  |TAMS 0x0000000747a00000, 0x0000000747a00000| Untracked 
| 123|0x0000000747b00000, 0x0000000747b00000, 0x0000000747c00000|  0%| F|  |TAMS 0x0000000747b00000, 0x0000000747b00000| Untracked 
| 124|0x0000000747c00000, 0x0000000747c00000, 0x0000000747d00000|  0%| F|  |TAMS 0x0000000747c00000, 0x0000000747c00000| Untracked 
| 125|0x0000000747d00000, 0x0000000747d00000, 0x0000000747e00000|  0%| F|  |TAMS 0x0000000747d00000, 0x0000000747d00000| Untracked 
| 126|0x0000000747e00000, 0x0000000747e00000, 0x0000000747f00000|  0%| F|  |TAMS 0x0000000747e00000, 0x0000000747e00000| Untracked 
| 127|0x0000000747f00000, 0x0000000747f00000, 0x0000000748000000|  0%| F|  |TAMS 0x0000000747f00000, 0x0000000747f00000| Untracked 
| 128|0x0000000748000000, 0x0000000748000000, 0x0000000748100000|  0%| F|  |TAMS 0x0000000748000000, 0x0000000748000000| Untracked 
| 129|0x0000000748100000, 0x0000000748100000, 0x0000000748200000|  0%| F|  |TAMS 0x0000000748100000, 0x0000000748100000| Untracked 
| 130|0x0000000748200000, 0x0000000748200000, 0x0000000748300000|  0%| F|  |TAMS 0x0000000748200000, 0x0000000748200000| Untracked 
| 131|0x0000000748300000, 0x0000000748300000, 0x0000000748400000|  0%| F|  |TAMS 0x0000000748300000, 0x0000000748300000| Untracked 
| 132|0x0000000748400000, 0x0000000748400000, 0x0000000748500000|  0%| F|  |TAMS 0x0000000748400000, 0x0000000748400000| Untracked 
| 133|0x0000000748500000, 0x0000000748500000, 0x0000000748600000|  0%| F|  |TAMS 0x0000000748500000, 0x0000000748500000| Untracked 
| 134|0x0000000748600000, 0x0000000748600000, 0x0000000748700000|  0%| F|  |TAMS 0x0000000748600000, 0x0000000748600000| Untracked 
| 135|0x0000000748700000, 0x0000000748700000, 0x0000000748800000|  0%| F|  |TAMS 0x0000000748700000, 0x0000000748700000| Untracked 
| 136|0x0000000748800000, 0x0000000748800000, 0x0000000748900000|  0%| F|  |TAMS 0x0000000748800000, 0x0000000748800000| Untracked 
| 137|0x0000000748900000, 0x0000000748900000, 0x0000000748a00000|  0%| F|  |TAMS 0x0000000748900000, 0x0000000748900000| Untracked 
| 138|0x0000000748a00000, 0x0000000748a00000, 0x0000000748b00000|  0%| F|  |TAMS 0x0000000748a00000, 0x0000000748a00000| Untracked 
| 139|0x0000000748b00000, 0x0000000748b00000, 0x0000000748c00000|  0%| F|  |TAMS 0x0000000748b00000, 0x0000000748b00000| Untracked 
| 140|0x0000000748c00000, 0x0000000748c00000, 0x0000000748d00000|  0%| F|  |TAMS 0x0000000748c00000, 0x0000000748c00000| Untracked 
| 141|0x0000000748d00000, 0x0000000748d00000, 0x0000000748e00000|  0%| F|  |TAMS 0x0000000748d00000, 0x0000000748d00000| Untracked 
| 142|0x0000000748e00000, 0x0000000748e0e8a8, 0x0000000748f00000|  5%| O|  |TAMS 0x0000000748e00000, 0x0000000748e00000| Untracked 
| 143|0x0000000748f00000, 0x0000000748f00000, 0x0000000749000000|  0%| F|  |TAMS 0x0000000748f00000, 0x0000000748f00000| Untracked 
| 144|0x0000000749000000, 0x0000000749000000, 0x0000000749100000|  0%| F|  |TAMS 0x0000000749000000, 0x0000000749000000| Untracked 
| 145|0x0000000749100000, 0x0000000749100000, 0x0000000749200000|  0%| F|  |TAMS 0x0000000749100000, 0x0000000749100000| Untracked 
| 146|0x0000000749200000, 0x0000000749200000, 0x0000000749300000|  0%| F|  |TAMS 0x0000000749200000, 0x0000000749200000| Untracked 
| 147|0x0000000749300000, 0x0000000749300000, 0x0000000749400000|  0%| F|  |TAMS 0x0000000749300000, 0x0000000749300000| Untracked 
| 148|0x0000000749400000, 0x0000000749400000, 0x0000000749500000|  0%| F|  |TAMS 0x0000000749400000, 0x0000000749400000| Untracked 
| 149|0x0000000749500000, 0x0000000749500000, 0x0000000749600000|  0%| F|  |TAMS 0x0000000749500000, 0x0000000749500000| Untracked 
| 150|0x0000000749600000, 0x0000000749600000, 0x0000000749700000|  0%| F|  |TAMS 0x0000000749600000, 0x0000000749600000| Untracked 
| 151|0x0000000749700000, 0x0000000749700000, 0x0000000749800000|  0%| F|  |TAMS 0x0000000749700000, 0x0000000749700000| Untracked 
| 152|0x0000000749800000, 0x0000000749800000, 0x0000000749900000|  0%| F|  |TAMS 0x0000000749800000, 0x0000000749800000| Untracked 
| 153|0x0000000749900000, 0x0000000749900000, 0x0000000749a00000|  0%| F|  |TAMS 0x0000000749900000, 0x0000000749900000| Untracked 
| 154|0x0000000749a00000, 0x0000000749a00000, 0x0000000749b00000|  0%| F|  |TAMS 0x0000000749a00000, 0x0000000749a00000| Untracked 
| 155|0x0000000749b00000, 0x0000000749b00000, 0x0000000749c00000|  0%| F|  |TAMS 0x0000000749b00000, 0x0000000749b00000| Untracked 
| 156|0x0000000749c00000, 0x0000000749c00000, 0x0000000749d00000|  0%| F|  |TAMS 0x0000000749c00000, 0x0000000749c00000| Untracked 
| 157|0x0000000749d00000, 0x0000000749d00000, 0x0000000749e00000|  0%| F|  |TAMS 0x0000000749d00000, 0x0000000749d00000| Untracked 
| 158|0x0000000749e00000, 0x0000000749e00000, 0x0000000749f00000|  0%| F|  |TAMS 0x0000000749e00000, 0x0000000749e00000| Untracked 
| 159|0x0000000749f00000, 0x0000000749f00000, 0x000000074a000000|  0%| F|  |TAMS 0x0000000749f00000, 0x0000000749f00000| Untracked 
| 160|0x000000074a000000, 0x000000074a000000, 0x000000074a100000|  0%| F|  |TAMS 0x000000074a000000, 0x000000074a000000| Untracked 
| 161|0x000000074a100000, 0x000000074a100000, 0x000000074a200000|  0%| F|  |TAMS 0x000000074a100000, 0x000000074a100000| Untracked 
| 162|0x000000074a200000, 0x000000074a200000, 0x000000074a300000|  0%| F|  |TAMS 0x000000074a200000, 0x000000074a200000| Untracked 
| 163|0x000000074a300000, 0x000000074a300000, 0x000000074a400000|  0%| F|  |TAMS 0x000000074a300000, 0x000000074a300000| Untracked 
| 164|0x000000074a400000, 0x000000074a400000, 0x000000074a500000|  0%| F|  |TAMS 0x000000074a400000, 0x000000074a400000| Untracked 
| 165|0x000000074a500000, 0x000000074a500000, 0x000000074a600000|  0%| F|  |TAMS 0x000000074a500000, 0x000000074a500000| Untracked 
| 166|0x000000074a600000, 0x000000074a600000, 0x000000074a700000|  0%| F|  |TAMS 0x000000074a600000, 0x000000074a600000| Untracked 
| 167|0x000000074a700000, 0x000000074a700000, 0x000000074a800000|  0%| F|  |TAMS 0x000000074a700000, 0x000000074a700000| Untracked 
| 168|0x000000074a800000, 0x000000074a800000, 0x000000074a900000|  0%| F|  |TAMS 0x000000074a800000, 0x000000074a800000| Untracked 
| 169|0x000000074a900000, 0x000000074a900000, 0x000000074aa00000|  0%| F|  |TAMS 0x000000074a900000, 0x000000074a900000| Untracked 
| 170|0x000000074aa00000, 0x000000074aa00000, 0x000000074ab00000|  0%| F|  |TAMS 0x000000074aa00000, 0x000000074aa00000| Untracked 
| 171|0x000000074ab00000, 0x000000074ab00000, 0x000000074ac00000|  0%| F|  |TAMS 0x000000074ab00000, 0x000000074ab00000| Untracked 
| 172|0x000000074ac00000, 0x000000074ac00000, 0x000000074ad00000|  0%| F|  |TAMS 0x000000074ac00000, 0x000000074ac00000| Untracked 
| 173|0x000000074ad00000, 0x000000074ad00000, 0x000000074ae00000|  0%| F|  |TAMS 0x000000074ad00000, 0x000000074ad00000| Untracked 
| 174|0x000000074ae00000, 0x000000074ae00000, 0x000000074af00000|  0%| F|  |TAMS 0x000000074ae00000, 0x000000074ae00000| Untracked 
| 175|0x000000074af00000, 0x000000074af00000, 0x000000074b000000|  0%| F|  |TAMS 0x000000074af00000, 0x000000074af00000| Untracked 
| 176|0x000000074b000000, 0x000000074b000000, 0x000000074b100000|  0%| F|  |TAMS 0x000000074b000000, 0x000000074b000000| Untracked 
| 177|0x000000074b100000, 0x000000074b100000, 0x000000074b200000|  0%| F|  |TAMS 0x000000074b100000, 0x000000074b100000| Untracked 
| 178|0x000000074b200000, 0x000000074b200000, 0x000000074b300000|  0%| F|  |TAMS 0x000000074b200000, 0x000000074b200000| Untracked 
| 179|0x000000074b300000, 0x000000074b300000, 0x000000074b400000|  0%| F|  |TAMS 0x000000074b300000, 0x000000074b300000| Untracked 
| 180|0x000000074b400000, 0x000000074b400000, 0x000000074b500000|  0%| F|  |TAMS 0x000000074b400000, 0x000000074b400000| Untracked 
| 181|0x000000074b500000, 0x000000074b500000, 0x000000074b600000|  0%| F|  |TAMS 0x000000074b500000, 0x000000074b500000| Untracked 
| 182|0x000000074b600000, 0x000000074b600000, 0x000000074b700000|  0%| F|  |TAMS 0x000000074b600000, 0x000000074b600000| Untracked 
| 183|0x000000074b700000, 0x000000074b700000, 0x000000074b800000|  0%| F|  |TAMS 0x000000074b700000, 0x000000074b700000| Untracked 
| 184|0x000000074b800000, 0x000000074b800000, 0x000000074b900000|  0%| F|  |TAMS 0x000000074b800000, 0x000000074b800000| Untracked 
| 185|0x000000074b900000, 0x000000074b900000, 0x000000074ba00000|  0%| F|  |TAMS 0x000000074b900000, 0x000000074b900000| Untracked 
| 186|0x000000074ba00000, 0x000000074ba00000, 0x000000074bb00000|  0%| F|  |TAMS 0x000000074ba00000, 0x000000074ba00000| Untracked 
| 187|0x000000074bb00000, 0x000000074bb00000, 0x000000074bc00000|  0%| F|  |TAMS 0x000000074bb00000, 0x000000074bb00000| Untracked 
| 188|0x000000074bc00000, 0x000000074bc00000, 0x000000074bd00000|  0%| F|  |TAMS 0x000000074bc00000, 0x000000074bc00000| Untracked 
| 189|0x000000074bd00000, 0x000000074bd00000, 0x000000074be00000|  0%| F|  |TAMS 0x000000074bd00000, 0x000000074bd00000| Untracked 
| 190|0x000000074be00000, 0x000000074be00000, 0x000000074bf00000|  0%| F|  |TAMS 0x000000074be00000, 0x000000074be00000| Untracked 
| 191|0x000000074bf00000, 0x000000074bf00000, 0x000000074c000000|  0%| F|  |TAMS 0x000000074bf00000, 0x000000074bf00000| Untracked 
| 192|0x000000074c000000, 0x000000074c000000, 0x000000074c100000|  0%| F|  |TAMS 0x000000074c000000, 0x000000074c000000| Untracked 
| 193|0x000000074c100000, 0x000000074c100000, 0x000000074c200000|  0%| F|  |TAMS 0x000000074c100000, 0x000000074c100000| Untracked 
| 194|0x000000074c200000, 0x000000074c200000, 0x000000074c300000|  0%| F|  |TAMS 0x000000074c200000, 0x000000074c200000| Untracked 
| 195|0x000000074c300000, 0x000000074c300000, 0x000000074c400000|  0%| F|  |TAMS 0x000000074c300000, 0x000000074c300000| Untracked 
| 196|0x000000074c400000, 0x000000074c400000, 0x000000074c500000|  0%| F|  |TAMS 0x000000074c400000, 0x000000074c400000| Untracked 
| 197|0x000000074c500000, 0x000000074c500000, 0x000000074c600000|  0%| F|  |TAMS 0x000000074c500000, 0x000000074c500000| Untracked 
| 198|0x000000074c600000, 0x000000074c600000, 0x000000074c700000|  0%| F|  |TAMS 0x000000074c600000, 0x000000074c600000| Untracked 
| 199|0x000000074c700000, 0x000000074c700000, 0x000000074c800000|  0%| F|  |TAMS 0x000000074c700000, 0x000000074c700000| Untracked 
| 200|0x000000074c800000, 0x000000074c8cbf38, 0x000000074c900000| 79%| S|CS|TAMS 0x000000074c800000, 0x000000074c800000| Complete 
| 201|0x000000074c900000, 0x000000074c900000, 0x000000074ca00000|  0%| F|  |TAMS 0x000000074c900000, 0x000000074c900000| Untracked 
| 202|0x000000074ca00000, 0x000000074ca00000, 0x000000074cb00000|  0%| F|  |TAMS 0x000000074ca00000, 0x000000074ca00000| Untracked 
| 203|0x000000074cb00000, 0x000000074cb00000, 0x000000074cc00000|  0%| F|  |TAMS 0x000000074cb00000, 0x000000074cb00000| Untracked 
| 204|0x000000074cc00000, 0x000000074cc00000, 0x000000074cd00000|  0%| F|  |TAMS 0x000000074cc00000, 0x000000074cc00000| Untracked 
| 205|0x000000074cd00000, 0x000000074cd00000, 0x000000074ce00000|  0%| F|  |TAMS 0x000000074cd00000, 0x000000074cd00000| Untracked 
| 206|0x000000074ce00000, 0x000000074ce00000, 0x000000074cf00000|  0%| F|  |TAMS 0x000000074ce00000, 0x000000074ce00000| Untracked 
| 207|0x000000074cf00000, 0x000000074cf00000, 0x000000074d000000|  0%| F|  |TAMS 0x000000074cf00000, 0x000000074cf00000| Untracked 
| 208|0x000000074d000000, 0x000000074d000000, 0x000000074d100000|  0%| F|  |TAMS 0x000000074d000000, 0x000000074d000000| Untracked 
| 209|0x000000074d100000, 0x000000074d100000, 0x000000074d200000|  0%| F|  |TAMS 0x000000074d100000, 0x000000074d100000| Untracked 
| 210|0x000000074d200000, 0x000000074d200000, 0x000000074d300000|  0%| F|  |TAMS 0x000000074d200000, 0x000000074d200000| Untracked 
| 211|0x000000074d300000, 0x000000074d300000, 0x000000074d400000|  0%| F|  |TAMS 0x000000074d300000, 0x000000074d300000| Untracked 
| 212|0x000000074d400000, 0x000000074d400000, 0x000000074d500000|  0%| F|  |TAMS 0x000000074d400000, 0x000000074d400000| Untracked 
| 213|0x000000074d500000, 0x000000074d500000, 0x000000074d600000|  0%| F|  |TAMS 0x000000074d500000, 0x000000074d500000| Untracked 
| 214|0x000000074d600000, 0x000000074d600000, 0x000000074d700000|  0%| F|  |TAMS 0x000000074d600000, 0x000000074d600000| Untracked 
| 215|0x000000074d700000, 0x000000074d700000, 0x000000074d800000|  0%| F|  |TAMS 0x000000074d700000, 0x000000074d700000| Untracked 
| 216|0x000000074d800000, 0x000000074d800000, 0x000000074d900000|  0%| F|  |TAMS 0x000000074d800000, 0x000000074d800000| Untracked 
| 217|0x000000074d900000, 0x000000074d900000, 0x000000074da00000|  0%| F|  |TAMS 0x000000074d900000, 0x000000074d900000| Untracked 
| 218|0x000000074da00000, 0x000000074da00000, 0x000000074db00000|  0%| F|  |TAMS 0x000000074da00000, 0x000000074da00000| Untracked 
| 219|0x000000074db00000, 0x000000074db00000, 0x000000074dc00000|  0%| F|  |TAMS 0x000000074db00000, 0x000000074db00000| Untracked 
| 220|0x000000074dc00000, 0x000000074dc00000, 0x000000074dd00000|  0%| F|  |TAMS 0x000000074dc00000, 0x000000074dc00000| Untracked 
| 221|0x000000074dd00000, 0x000000074dd00000, 0x000000074de00000|  0%| F|  |TAMS 0x000000074dd00000, 0x000000074dd00000| Untracked 
| 222|0x000000074de00000, 0x000000074de00000, 0x000000074df00000|  0%| F|  |TAMS 0x000000074de00000, 0x000000074de00000| Untracked 
| 223|0x000000074df00000, 0x000000074df00000, 0x000000074e000000|  0%| F|  |TAMS 0x000000074df00000, 0x000000074df00000| Untracked 
| 224|0x000000074e000000, 0x000000074e000000, 0x000000074e100000|  0%| F|  |TAMS 0x000000074e000000, 0x000000074e000000| Untracked 
| 225|0x000000074e100000, 0x000000074e100000, 0x000000074e200000|  0%| F|  |TAMS 0x000000074e100000, 0x000000074e100000| Untracked 
| 226|0x000000074e200000, 0x000000074e200000, 0x000000074e300000|  0%| F|  |TAMS 0x000000074e200000, 0x000000074e200000| Untracked 
| 227|0x000000074e300000, 0x000000074e300000, 0x000000074e400000|  0%| F|  |TAMS 0x000000074e300000, 0x000000074e300000| Untracked 
| 228|0x000000074e400000, 0x000000074e400000, 0x000000074e500000|  0%| F|  |TAMS 0x000000074e400000, 0x000000074e400000| Untracked 
| 229|0x000000074e500000, 0x000000074e500000, 0x000000074e600000|  0%| F|  |TAMS 0x000000074e500000, 0x000000074e500000| Untracked 
| 230|0x000000074e600000, 0x000000074e600000, 0x000000074e700000|  0%| F|  |TAMS 0x000000074e600000, 0x000000074e600000| Untracked 
| 231|0x000000074e700000, 0x000000074e7b9dd0, 0x000000074e800000| 72%| E|  |TAMS 0x000000074e700000, 0x000000074e700000| Complete 
| 232|0x000000074e800000, 0x000000074e900000, 0x000000074e900000|100%| E|CS|TAMS 0x000000074e800000, 0x000000074e800000| Complete 
| 233|0x000000074e900000, 0x000000074ea00000, 0x000000074ea00000|100%| E|CS|TAMS 0x000000074e900000, 0x000000074e900000| Complete 
| 234|0x000000074ea00000, 0x000000074eb00000, 0x000000074eb00000|100%| E|CS|TAMS 0x000000074ea00000, 0x000000074ea00000| Complete 
| 235|0x000000074eb00000, 0x000000074ec00000, 0x000000074ec00000|100%| E|CS|TAMS 0x000000074eb00000, 0x000000074eb00000| Complete 
| 236|0x000000074ec00000, 0x000000074ed00000, 0x000000074ed00000|100%| E|CS|TAMS 0x000000074ec00000, 0x000000074ec00000| Complete 
| 237|0x000000074ed00000, 0x000000074ee00000, 0x000000074ee00000|100%| E|CS|TAMS 0x000000074ed00000, 0x000000074ed00000| Complete 
| 238|0x000000074ee00000, 0x000000074ef00000, 0x000000074ef00000|100%| E|CS|TAMS 0x000000074ee00000, 0x000000074ee00000| Complete 
| 239|0x000000074ef00000, 0x000000074f000000, 0x000000074f000000|100%| E|CS|TAMS 0x000000074ef00000, 0x000000074ef00000| Complete 
| 240|0x000000074f000000, 0x000000074f100000, 0x000000074f100000|100%| E|CS|TAMS 0x000000074f000000, 0x000000074f000000| Complete 
| 241|0x000000074f100000, 0x000000074f200000, 0x000000074f200000|100%| E|CS|TAMS 0x000000074f100000, 0x000000074f100000| Complete 
| 242|0x000000074f200000, 0x000000074f300000, 0x000000074f300000|100%| E|CS|TAMS 0x000000074f200000, 0x000000074f200000| Complete 
| 243|0x000000074f300000, 0x000000074f400000, 0x000000074f400000|100%| E|CS|TAMS 0x000000074f300000, 0x000000074f300000| Complete 
| 244|0x000000074f400000, 0x000000074f500000, 0x000000074f500000|100%| E|CS|TAMS 0x000000074f400000, 0x000000074f400000| Complete 
| 245|0x000000074f500000, 0x000000074f600000, 0x000000074f600000|100%| E|CS|TAMS 0x000000074f500000, 0x000000074f500000| Complete 
| 246|0x000000074f600000, 0x000000074f700000, 0x000000074f700000|100%| E|CS|TAMS 0x000000074f600000, 0x000000074f600000| Complete 
| 247|0x000000074f700000, 0x000000074f800000, 0x000000074f800000|100%| E|CS|TAMS 0x000000074f700000, 0x000000074f700000| Complete 
| 248|0x000000074f800000, 0x000000074f900000, 0x000000074f900000|100%| E|CS|TAMS 0x000000074f800000, 0x000000074f800000| Complete 
| 249|0x000000074f900000, 0x000000074fa00000, 0x000000074fa00000|100%| E|CS|TAMS 0x000000074f900000, 0x000000074f900000| Complete 
| 250|0x000000074fa00000, 0x000000074fb00000, 0x000000074fb00000|100%| E|CS|TAMS 0x000000074fa00000, 0x000000074fa00000| Complete 
| 251|0x000000074fb00000, 0x000000074fc00000, 0x000000074fc00000|100%| E|CS|TAMS 0x000000074fb00000, 0x000000074fb00000| Complete 
| 252|0x000000074fc00000, 0x000000074fd00000, 0x000000074fd00000|100%| E|CS|TAMS 0x000000074fc00000, 0x000000074fc00000| Complete 
| 253|0x000000074fd00000, 0x000000074fe00000, 0x000000074fe00000|100%| E|CS|TAMS 0x000000074fd00000, 0x000000074fd00000| Complete 
| 254|0x000000074fe00000, 0x000000074ff00000, 0x000000074ff00000|100%| E|CS|TAMS 0x000000074fe00000, 0x000000074fe00000| Complete 
| 255|0x000000074ff00000, 0x0000000750000000, 0x0000000750000000|100%| E|CS|TAMS 0x000000074ff00000, 0x000000074ff00000| Complete 
| 256|0x0000000750000000, 0x0000000750100000, 0x0000000750100000|100%| E|CS|TAMS 0x0000000750000000, 0x0000000750000000| Complete 
| 257|0x0000000750100000, 0x0000000750200000, 0x0000000750200000|100%| E|CS|TAMS 0x0000000750100000, 0x0000000750100000| Complete 
| 258|0x0000000750200000, 0x0000000750300000, 0x0000000750300000|100%| E|CS|TAMS 0x0000000750200000, 0x0000000750200000| Complete 
| 259|0x0000000750300000, 0x0000000750400000, 0x0000000750400000|100%| E|CS|TAMS 0x0000000750300000, 0x0000000750300000| Complete 

Card table byte_map: [0x00000227a8460000,0x00000227a8a60000] _byte_map_base: 0x00000227a4a60000

Marking Bits (Prev, Next): (CMBitMap*) 0x0000022797662e58, (CMBitMap*) 0x0000022797662e90
 Prev Bits: [0x00000227a9060000, 0x00000227ac060000)
 Next Bits: [0x00000227ac060000, 0x00000227af060000)

Polling page: 0x0000022796710000

Metaspace:

Usage:
  Non-class:     92.52 MB capacity,    91.80 MB (>99%) used,   544.75 KB ( <1%) free+waste,   192.88 KB ( <1%) overhead. 
      Class:     14.74 MB capacity,    14.28 MB ( 97%) used,   396.35 KB (  3%) free+waste,    81.88 KB ( <1%) overhead. 
       Both:    107.26 MB capacity,   106.08 MB ( 99%) used,   941.10 KB ( <1%) free+waste,   274.75 KB ( <1%) overhead. 

Virtual space:
  Non-class space:       96.00 MB reserved,      95.26 MB (>99%) committed 
      Class space:        1.00 GB reserved,      16.25 MB (  2%) committed 
             Both:        1.09 GB reserved,     111.51 MB ( 10%) committed 

Chunk freelists:
   Non-Class:  326.38 KB
       Class:  180.75 KB
        Both:  507.13 KB

CodeHeap 'non-profiled nmethods': size=119168Kb used=27311Kb max_used=27311Kb free=91857Kb
 bounds [0x00000227c15a0000, 0x00000227c3060000, 0x00000227c8a00000]
CodeHeap 'profiled nmethods': size=119168Kb used=52638Kb max_used=52638Kb free=66529Kb
 bounds [0x00000227ba140000, 0x00000227bd520000, 0x00000227c15a0000]
CodeHeap 'non-nmethods': size=7424Kb used=1776Kb max_used=3511Kb free=5647Kb
 bounds [0x00000227b9a00000, 0x00000227b9e80000, 0x00000227ba140000]
 total_blobs=43933 nmethods=22232 adapters=1286
 compilation: enabled
              stopped_count=0, restarted_count=0
 full_count=0

Compilation events (10 events):
Event: 11039.965 Thread 0x00000227d6847000 29805       4       ui.utils.swing.e.o::actionPerformed (69 bytes)
Event: 11039.967 Thread 0x00000227d6847000 nmethod 29805 0x00000227c3056190 code [0x00000227c3056340, 0x00000227c30564f8]
Event: 11040.733 Thread 0x00000227d46c5000 29816       3       ui.views.dm::getRowCount (11 bytes)
Event: 11040.734 Thread 0x00000227d46c5000 nmethod 29816 0x00000227bbae2c10 code [0x00000227bbae2de0, 0x00000227bbae3110]
Event: 11041.326 Thread 0x00000227d46c5000 29817       1       java.net.URI::getScheme (5 bytes)
Event: 11041.326 Thread 0x00000227d46c5000 nmethod 29817 0x00000227c3056690 code [0x00000227c3056840, 0x00000227c3056958]
Event: 11041.326 Thread 0x00000227d46c5000 29818       3       ui.views.U.a.bP::hME (49 bytes)
Event: 11041.326 Thread 0x00000227d46c5000 nmethod 29818 0x00000227bc12d090 code [0x00000227bc12d280, 0x00000227bc12d830]
Event: 11041.329 Thread 0x00000227d6847000 29819       4       sun.font.CMap$CMapFormat12::getGlyph (138 bytes)
Event: 11041.331 Thread 0x00000227d6847000 nmethod 29819 0x00000227c3056a10 code [0x00000227c3056bc0, 0x00000227c3056eb8]

GC Heap History (10 events):
Event: 10971.853 GC heap before
{Heap before GC invocations=930 (full 254):
 garbage-first heap   total 266240K, used 131430K [0x0000000740000000, 0x0000000800000000)
  region size 1024K, 35 young (35840K), 0 survivors (0K)
 Metaspace       used 108610K, capacity 109839K, committed 114184K, reserved 1146880K
  class space    used 14619K, capacity 15098K, committed 16640K, reserved 1048576K
}
Event: 10971.930 GC heap after
{Heap after GC invocations=931 (full 255):
 garbage-first heap   total 266240K, used 96637K [0x0000000740000000, 0x0000000800000000)
  region size 1024K, 0 young (0K), 0 survivors (0K)
 Metaspace       used 108610K, capacity 109839K, committed 114184K, reserved 1146880K
  class space    used 14619K, capacity 15098K, committed 16640K, reserved 1048576K
}
Event: 10972.212 GC heap before
{Heap before GC invocations=931 (full 255):
 garbage-first heap   total 266240K, used 98685K [0x0000000740000000, 0x0000000800000000)
  region size 1024K, 3 young (3072K), 0 survivors (0K)
 Metaspace       used 108610K, capacity 109839K, committed 114184K, reserved 1146880K
  class space    used 14619K, capacity 15098K, committed 16640K, reserved 1048576K
}
Event: 10972.287 GC heap after
{Heap after GC invocations=932 (full 256):
 garbage-first heap   total 266240K, used 96512K [0x0000000740000000, 0x0000000800000000)
  region size 1024K, 0 young (0K), 0 survivors (0K)
 Metaspace       used 108610K, capacity 109839K, committed 114184K, reserved 1146880K
  class space    used 14619K, capacity 15098K, committed 16640K, reserved 1048576K
}
Event: 10973.359 GC heap before
{Heap before GC invocations=932 (full 256):
 garbage-first heap   total 266240K, used 111872K [0x0000000740000000, 0x0000000800000000)
  region size 1024K, 4 young (4096K), 0 survivors (0K)
 Metaspace       used 108610K, capacity 109839K, committed 114184K, reserved 1146880K
  class space    used 14619K, capacity 15098K, committed 16640K, reserved 1048576K
}
Event: 10973.441 GC heap after
{Heap after GC invocations=933 (full 257):
 garbage-first heap   total 266240K, used 96532K [0x0000000740000000, 0x0000000800000000)
  region size 1024K, 0 young (0K), 0 survivors (0K)
 Metaspace       used 108610K, capacity 109839K, committed 114184K, reserved 1146880K
  class space    used 14619K, capacity 15098K, committed 16640K, reserved 1048576K
}
Event: 11036.182 GC heap before
{Heap before GC invocations=933 (full 257):
 garbage-first heap   total 266240K, used 157972K [0x0000000740000000, 0x0000000800000000)
  region size 1024K, 60 young (61440K), 0 survivors (0K)
 Metaspace       used 108610K, capacity 109839K, committed 114184K, reserved 1146880K
  class space    used 14619K, capacity 15098K, committed 16640K, reserved 1048576K
}
Event: 11036.184 GC heap after
{Heap after GC invocations=934 (full 257):
 garbage-first heap   total 266240K, used 96971K [0x0000000740000000, 0x0000000800000000)
  region size 1024K, 1 young (1024K), 1 survivors (1024K)
 Metaspace       used 108610K, capacity 109839K, committed 114184K, reserved 1146880K
  class space    used 14619K, capacity 15098K, committed 16640K, reserved 1048576K
}
Event: 11039.840 GC heap before
{Heap before GC invocations=934 (full 257):
 garbage-first heap   total 266240K, used 157387K [0x0000000740000000, 0x0000000800000000)
  region size 1024K, 60 young (61440K), 1 survivors (1024K)
 Metaspace       used 108615K, capacity 109839K, committed 114184K, reserved 1146880K
  class space    used 14619K, capacity 15098K, committed 16640K, reserved 1048576K
}
Event: 11039.841 GC heap after
{Heap after GC invocations=935 (full 257):
 garbage-first heap   total 266240K, used 97348K [0x0000000740000000, 0x0000000800000000)
  region size 1024K, 1 young (1024K), 1 survivors (1024K)
 Metaspace       used 108615K, capacity 109839K, committed 114184K, reserved 1146880K
  class space    used 14619K, capacity 15098K, committed 16640K, reserved 1048576K
}

Deoptimization events (10 events):
Event: 10930.235 Thread 0x000002279e9c1800 Uncommon trap: reason=unstable_if action=reinterpret pc=0x00000227c219d9b8 method=com.jidesoft.plaf.synthetica.AnimationThreadFactory$AnimationThread$ComponentAnimation.next()Z @ 18 c2
Event: 10930.543 Thread 0x000002279eeca800 Uncommon trap: reason=class_check action=maybe_recompile pc=0x00000227c2ddce38 method=javax.swing.plaf.synth.SynthButtonUI.getIcon(Ljavax/swing/AbstractButton;Ljavax/swing/Icon;Ljavax/swing/Icon;I)Ljavax/swing/Icon; @ 13 c2
Event: 10931.550 Thread 0x000002279eeca800 Uncommon trap: reason=unstable_if action=reinterpret pc=0x00000227c2116eb0 method=javax.swing.text.html.parser.Parser.parseIdentifier(Z)Z @ 295 c2
Event: 10948.616 Thread 0x000002279e9c1800 Uncommon trap: reason=class_check action=maybe_recompile pc=0x00000227c21368ac method=com.jidesoft.plaf.synthetica.AnimationThreadFactory$AnimationThread.run()V @ 130 c2
Event: 10950.639 Thread 0x000002279eeca800 Uncommon trap: reason=unstable_if action=reinterpret pc=0x00000227c2488ea0 method=sun.awt.GlobalCursorManager._updateCursor(Z)V @ 135 c2
Event: 10966.777 Thread 0x000002279e9c1800 Uncommon trap: reason=class_check action=maybe_recompile pc=0x00000227c21368ac method=com.jidesoft.plaf.synthetica.AnimationThreadFactory$AnimationThread.run()V @ 130 c2
Event: 10986.725 Thread 0x000002279e9c1800 Uncommon trap: reason=class_check action=maybe_recompile pc=0x00000227c21368ac method=com.jidesoft.plaf.synthetica.AnimationThreadFactory$AnimationThread.run()V @ 130 c2
Event: 11029.150 Thread 0x000002279e9c1800 Uncommon trap: reason=class_check action=maybe_recompile pc=0x00000227c1e762a4 method=com.jidesoft.plaf.synthetica.AnimationThreadFactory$AnimationThread.run()V @ 130 c2
Event: 11039.047 Thread 0x000002279eeca800 Uncommon trap: reason=bimorphic_or_optimized_type_check action=maybe_recompile pc=0x00000227c2e282f0 method=java.awt.Component.processMouseEvent(Ljava/awt/event/MouseEvent;)V @ 74 c2
Event: 11039.860 Thread 0x000002279eeca800 Uncommon trap: reason=array_check action=maybe_recompile pc=0x00000227c2f31f34 method=javax.swing.SortingFocusTraversalPolicy.mergeSort([Ljava/lang/Object;[Ljava/lang/Object;IIILjava/util/Comparator;)V @ 237 c2

Classes redefined (0 events):
No events

Internal exceptions (10 events):
Event: 10316.178 Thread 0x00000227ffdc4800 Exception <a 'java/lang/InterruptedException'{0x000000074f830b28}: sleep interrupted> (0x000000074f830b28) thrown at [t:/workspace/open/src/hotspot/share/prims/jvm.cpp, line 3091]
Event: 10324.139 Thread 0x00000227ffdc6800 Exception <a 'java/lang/InterruptedException'{0x000000074f282778}: sleep interrupted> (0x000000074f282778) thrown at [t:/workspace/open/src/hotspot/share/prims/jvm.cpp, line 3091]
Event: 10328.121 Thread 0x00000227ffdc6800 Exception <a 'java/lang/InterruptedException'{0x000000074ff85b90}: sleep interrupted> (0x000000074ff85b90) thrown at [t:/workspace/open/src/hotspot/share/prims/jvm.cpp, line 3091]
Event: 10336.119 Thread 0x00000227ffdc4800 Exception <a 'java/lang/InterruptedException'{0x0000000750180bb8}: sleep interrupted> (0x0000000750180bb8) thrown at [t:/workspace/open/src/hotspot/share/prims/jvm.cpp, line 3091]
Event: 10344.116 Thread 0x00000227ffdc6800 Exception <a 'java/lang/InterruptedException'{0x000000074eea05f0}: sleep interrupted> (0x000000074eea05f0) thrown at [t:/workspace/open/src/hotspot/share/prims/jvm.cpp, line 3091]
Event: 10408.054 Thread 0x00000227ffdc4800 Exception <a 'ui/frmwork/cmd/CommandFailedException'{0x000000074dfb9e38}> (0x000000074dfb9e38) thrown at [t:/workspace/open/src/hotspot/share/prims/jni.cpp, line 615]
Event: 10654.347 Thread 0x00000227ffdc4800 Exception <a 'java/lang/InterruptedException'{0x000000074e800ec0}: sleep interrupted> (0x000000074e800ec0) thrown at [t:/workspace/open/src/hotspot/share/prims/jvm.cpp, line 3091]
Event: 10654.493 Thread 0x000002279eeca800 Implicit null exception at 0x00000227c27db209 to 0x00000227c27db5a2
Event: 10922.949 Thread 0x00000227ffdc8000 Exception <a 'java/lang/InterruptedException'{0x000000074e507a48}: sleep interrupted> (0x000000074e507a48) thrown at [t:/workspace/open/src/hotspot/share/prims/jvm.cpp, line 3117]
Event: 10950.639 Thread 0x000002279eeca800 Implicit null exception at 0x00000227c248748a to 0x00000227c2488e96

Events (10 events):
Event: 11040.705 Thread 0x00000227ffdd2000 Thread added: 0x00000227ffdd2000
Event: 11040.707 Executing VM operation: RevokeBias
Event: 11040.708 Executing VM operation: RevokeBias done
Event: 11040.718 Executing VM operation: BulkRevokeBias
Event: 11040.718 Executing VM operation: BulkRevokeBias done
Event: 11041.305 Thread 0x00000227ffdd1000 Thread added: 0x00000227ffdd1000
Event: 11041.311 Thread 0x00000227ffdd1000 Thread exited: 0x00000227ffdd1000
Event: 11041.325 Thread 0x00000227ffdc4800 Thread exited: 0x00000227ffdc4800
Event: 11041.325 Executing VM operation: RevokeBias
Event: 11041.325 Executing VM operation: RevokeBias done


Dynamic libraries:
0x00007ff7a8980000 - 0x00007ff7a89af000 	C:\Xilinx\Vivado\2020.2\bin\unwrapped\win64.o\vivado.exe
0x00007ffa656a0000 - 0x00007ffa65906000 	C:\WINDOWS\SYSTEM32\ntdll.dll
0x00007ffa644e0000 - 0x00007ffa645a9000 	C:\WINDOWS\System32\KERNEL32.DLL
0x00007ffa62a90000 - 0x00007ffa62e5c000 	C:\WINDOWS\System32\KERNELBASE.dll
0x00007ffa63310000 - 0x00007ffa6345b000 	C:\WINDOWS\System32\ucrtbase.dll
0x00007ffa34fa0000 - 0x00007ffa35039000 	C:\WINDOWS\SYSTEM32\MSVCP140.dll
0x00007ff9dac40000 - 0x00007ff9dbdb7000 	C:\Xilinx\Vivado\2020.2\lib\win64.o\librdi_common.dll
0x00007ffa3a410000 - 0x00007ffa3a428000 	C:\Xilinx\Vivado\2020.2\lib\win64.o\librdi_commonmain.dll
0x00007ffa3b420000 - 0x00007ffa3b436000 	C:\WINDOWS\SYSTEM32\VCRUNTIME140.dll
0x00007ffa3a430000 - 0x00007ffa3a443000 	C:\Xilinx\Vivado\2020.2\lib\win64.o\libboost_signals.dll
0x00007ffa65320000 - 0x00007ffa654ea000 	C:\WINDOWS\System32\USER32.dll
0x00007ffa62830000 - 0x00007ffa62857000 	C:\WINDOWS\System32\win32u.dll
0x00007ffa64220000 - 0x00007ffa6424b000 	C:\WINDOWS\System32\GDI32.dll
0x00007ff9d9530000 - 0x00007ff9d989e000 	C:\Xilinx\Vivado\2020.2\lib\win64.o\libCOIN-all.dll
0x00007ffa62f00000 - 0x00007ffa63032000 	C:\WINDOWS\System32\gdi32full.dll
0x00007ffa3a3e0000 - 0x00007ffa3a402000 	C:\Xilinx\Vivado\2020.2\lib\win64.o\libboost_filesystem.dll
0x00007ffa2d090000 - 0x00007ffa2d0a0000 	C:\Xilinx\Vivado\2020.2\lib\win64.o\libboost_date_time.dll
0x00007ffa63960000 - 0x00007ffa63a12000 	C:\WINDOWS\System32\ADVAPI32.dll
0x00007ffa62860000 - 0x00007ffa62903000 	C:\WINDOWS\System32\msvcp_win.dll
0x00007ffa64350000 - 0x00007ffa643f9000 	C:\WINDOWS\System32\msvcrt.dll
0x00007ffa63ad0000 - 0x00007ffa641fd000 	C:\WINDOWS\System32\SHELL32.dll
0x00007ffa344f0000 - 0x00007ffa344f9000 	C:\Xilinx\Vivado\2020.2\lib\win64.o\librdi_commonversion.dll
0x00007ffa63a20000 - 0x00007ffa63ac6000 	C:\WINDOWS\System32\sechost.dll
0x00007ffa63190000 - 0x00007ffa63304000 	C:\WINDOWS\System32\wintypes.dll
0x00007ffa65170000 - 0x00007ffa65286000 	C:\WINDOWS\System32\RPCRT4.dll
0x00007ffa63560000 - 0x00007ffa638e4000 	C:\WINDOWS\System32\combase.dll
0x00007ff9daaa0000 - 0x00007ff9dac39000 	C:\Xilinx\Vivado\2020.2\lib\win64.o\librdi_commonxillic.dll
0x0000000052460000 - 0x000000005258b000 	C:\Xilinx\Vivado\2020.2\lib\win64.o\tcl85t.dll
0x00007ffa634d0000 - 0x00007ffa63544000 	C:\WINDOWS\System32\WS2_32.dll
0x00007ff9d94b0000 - 0x00007ff9d9523000 	C:\Xilinx\Vivado\2020.2\lib\win64.o\libboost_program_options.dll
0x00007ffa33fe0000 - 0x00007ffa33fe9000 	C:\Xilinx\Vivado\2020.2\lib\win64.o\libboost_system.dll
0x00007ff9da6a0000 - 0x00007ff9da7b1000 	C:\Xilinx\Vivado\2020.2\lib\win64.o\libboost_regex.dll
0x00007ff9d9490000 - 0x00007ff9d94ae000 	C:\Xilinx\Vivado\2020.2\lib\win64.o\libboost_thread.dll
0x00007ffa2cf10000 - 0x00007ffa2cf1c000 	C:\Xilinx\Vivado\2020.2\lib\win64.o\libboost_xilinx.dll
0x00007ff9d9400000 - 0x00007ff9d9482000 	C:\Xilinx\Vivado\2020.2\lib\win64.o\libhdlpsolve.dll
0x00007ff9d9350000 - 0x00007ff9d93f5000 	C:\Xilinx\Vivado\2020.2\lib\win64.o\libhdxml.dll
0x00007ff9d9320000 - 0x00007ff9d9348000 	C:\Xilinx\Vivado\2020.2\lib\win64.o\libisl_sysinfo.dll
0x00007ff9d98a0000 - 0x00007ff9da692600 	C:\Xilinx\Vivado\2020.2\lib\win64.o\libisl_iostreams.dll
0x00007ff9d92b0000 - 0x00007ff9d9315000 	C:\Xilinx\Vivado\2020.2\lib\win64.o\liblmx6.0.dll
0x00007ff9d9290000 - 0x00007ff9d92aa000 	C:\Xilinx\Vivado\2020.2\lib\win64.o\pthreadVC2.dll
0x00007ff9d9270000 - 0x00007ff9d928c000 	C:\Xilinx\Vivado\2020.2\lib\win64.o\librdiconfig.dll
0x00007ff9d9240000 - 0x00007ff9d9261000 	C:\Xilinx\Vivado\2020.2\lib\win64.o\librdizlib.dll
0x00007ffa63460000 - 0x00007ffa634c9000 	C:\WINDOWS\System32\SHLWAPI.dll
0x0000000012000000 - 0x0000000012270000 	C:\Xilinx\Vivado\2020.2\lib\win64.o\xerces-c_3_1.dll
0x00007ffa433e0000 - 0x00007ffa433fa000 	C:\WINDOWS\SYSTEM32\NETAPI32.dll
0x00007ffa4efb0000 - 0x00007ffa4f233000 	C:\WINDOWS\SYSTEM32\WININET.dll
0x00007ffa5ba70000 - 0x00007ffa5bb8e000 	C:\WINDOWS\SYSTEM32\WINHTTP.dll
0x00007ffa4d090000 - 0x00007ffa4d26c000 	C:\WINDOWS\SYSTEM32\urlmon.dll
0x00007ff9d9210000 - 0x00007ff9d9239000 	C:\WINDOWS\SYSTEM32\VCOMP140.DLL
0x00007ffa4b1c0000 - 0x00007ffa4b1ca000 	C:\WINDOWS\SYSTEM32\WSOCK32.dll
0x00007ff9d72f0000 - 0x00007ff9d9207000 	C:\Xilinx\Vivado\2020.2\lib\win64.o\gurobi90.dll
0x00007ffa62910000 - 0x00007ffa62a87000 	C:\WINDOWS\System32\CRYPT32.dll
0x00007ffa64280000 - 0x00007ffa642f4000 	C:\WINDOWS\System32\WLDAP32.dll
0x00007ff9da7c0000 - 0x00007ff9daa9b000 	C:\Xilinx\Vivado\2020.2\lib\win64.o\libXil_lmgr11.dll
0x00007ffa64660000 - 0x00007ffa64754000 	C:\WINDOWS\System32\COMDLG32.dll
0x00007ffa63550000 - 0x00007ffa63558000 	C:\WINDOWS\System32\Normaliz.dll
0x00007ffa64bf0000 - 0x00007ffa64cdf000 	C:\WINDOWS\System32\shcore.dll
0x00007ffa62710000 - 0x00007ffa62736000 	C:\WINDOWS\SYSTEM32\bcrypt.dll
0x00007ffa64cf0000 - 0x00007ffa64dd0000 	C:\WINDOWS\System32\OLEAUT32.dll
0x00007ffa64fc0000 - 0x00007ffa6515f000 	C:\WINDOWS\System32\ole32.dll
0x00007ffa29540000 - 0x00007ffa2954c000 	C:\Xilinx\Vivado\2020.2\lib\win64.o\libboost_chrono.dll
0x00007ffa63100000 - 0x00007ffa63180000 	C:\WINDOWS\System32\WINTRUST.dll
0x00007ff9d72a0000 - 0x00007ff9d72c3000 	C:\Xilinx\Vivado\2020.2\lib\win64.o\libisl_iosutils.dll
0x00007ff9d72d0000 - 0x00007ff9d72e6000 	C:\Xilinx\Vivado\2020.2\lib\win64.o\libboost_iostreams.dll
0x00007ffa4cc10000 - 0x00007ffa4ceda000 	C:\WINDOWS\SYSTEM32\iertutil.dll
0x00007ffa604e0000 - 0x00007ffa60d36000 	C:\WINDOWS\SYSTEM32\windows.storage.dll
0x00007ffa3f120000 - 0x00007ffa3f1d4000 	C:\WINDOWS\WinSxS\amd64_microsoft.windows.common-controls_6595b64144ccf1df_5.82.26100.1882_none_87f34cef7a28f535\COMCTL32.dll
0x00007ffa5c080000 - 0x00007ffa5c0a5000 	C:\WINDOWS\SYSTEM32\dhcpcsvc.DLL
0x00007ffa4cba0000 - 0x00007ffa4cbc9000 	C:\WINDOWS\SYSTEM32\srvcli.dll
0x00007ffa610b0000 - 0x00007ffa610bd000 	C:\WINDOWS\SYSTEM32\netutils.dll
0x00007ffa61c80000 - 0x00007ffa61cea000 	C:\WINDOWS\SYSTEM32\MSWSOCK.DLL
0x00007ffa64300000 - 0x00007ffa64330000 	C:\WINDOWS\System32\IMM32.DLL
0x00007ffa61f90000 - 0x00007ffa61fa3000 	C:\WINDOWS\SYSTEM32\MSASN1.dll
0x00007ffa61670000 - 0x00007ffa6168a000 	C:\WINDOWS\SYSTEM32\kernel.appcore.dll
0x00007ff9d68e0000 - 0x00007ff9d6e02000 	C:\Xilinx\Vivado\2020.2\lib\win64.o\librdi_commontasks.dll
0x00007ff9d5db0000 - 0x00007ff9d68d3000 	C:\Xilinx\Vivado\2020.2\tps\win64\jre11.0.2\bin\server\jvm.dll
0x00007ff9d5ad0000 - 0x00007ff9d5da5000 	C:\Xilinx\Vivado\2020.2\lib\win64.o\librdi_sio.dll
0x00007ffa51a00000 - 0x00007ffa51a0b000 	C:\WINDOWS\SYSTEM32\VERSION.dll
0x00007ffa64340000 - 0x00007ffa64348000 	C:\WINDOWS\System32\PSAPI.DLL
0x00007ffa610c0000 - 0x00007ffa610f3000 	C:\WINDOWS\SYSTEM32\IPHLPAPI.DLL
0x00007ffa2cc30000 - 0x00007ffa2cc66000 	C:\WINDOWS\SYSTEM32\WINMM.dll
0x00007ff9d2ff0000 - 0x00007ff9d5aae000 	C:\Xilinx\Vivado\2020.2\lib\win64.o\librdi_tcltasks.dll
0x00007ff9d2b40000 - 0x00007ff9d2fe6000 	C:\Xilinx\Vivado\2020.2\lib\win64.o\librdi_bitstream.dll
0x00007ff9d2980000 - 0x00007ff9d2b33000 	C:\Xilinx\Vivado\2020.2\lib\win64.o\librdi_board.dll
0x00007ff9d2800000 - 0x00007ff9d287e000 	C:\Xilinx\Vivado\2020.2\lib\win64.o\librdi_boarddep.dll
0x00007ff9d09d0000 - 0x00007ff9d27fc000 	C:\Xilinx\Vivado\2020.2\lib\win64.o\librdi_constraints.dll
0x00007ff9d2880000 - 0x00007ff9d2976000 	C:\Xilinx\Vivado\2020.2\lib\win64.o\librdi_chipscope.dll
0x00007ff9d0670000 - 0x00007ff9d07d1000 	C:\Xilinx\Vivado\2020.2\lib\win64.o\librdi_containers.dll
0x00007ff9d07e0000 - 0x00007ff9d09ca000 	C:\Xilinx\Vivado\2020.2\lib\win64.o\librdi_chipscopeimpl.dll
0x00007ff9cdb90000 - 0x00007ff9ce2a8000 	C:\Xilinx\Vivado\2020.2\lib\win64.o\librdi_coregenipxact.dll
0x00007ff9cbe20000 - 0x00007ff9cdb81000 	C:\Xilinx\Vivado\2020.2\lib\win64.o\librdi_designutils.dll
0x00007ff9ce2b0000 - 0x00007ff9d066d000 	C:\Xilinx\Vivado\2020.2\lib\win64.o\librdi_coregen.dll
0x00007ff9b3840000 - 0x00007ff9cbe1f000 	C:\Xilinx\Vivado\2020.2\lib\win64.o\librdi_device.dll
0x00007ff9b34d0000 - 0x00007ff9b3838000 	C:\Xilinx\Vivado\2020.2\lib\win64.o\librdi_dlyest.dll
0x00007ff9b2e70000 - 0x00007ff9b34cd000 	C:\Xilinx\Vivado\2020.2\lib\win64.o\librdi_drc.dll
0x00007ff9b26e0000 - 0x00007ff9b2da2000 	C:\Xilinx\Vivado\2020.2\lib\win64.o\librdi_filemgmt.dll
0x00007ff9b23c0000 - 0x00007ff9b26dd000 	C:\Xilinx\Vivado\2020.2\lib\win64.o\librdi_guitools.dll
0x00007ff9b2350000 - 0x00007ff9b23bb000 	C:\Xilinx\Vivado\2020.2\lib\win64.o\librdi_hdf.dll
0x00007ff9b2db0000 - 0x00007ff9b2e63000 	C:\Xilinx\Vivado\2020.2\lib\win64.o\librdi_dsp.dll
0x00007ff9b20d0000 - 0x00007ff9b2347000 	C:\Xilinx\Vivado\2020.2\lib\win64.o\librdi_hip_devdesign.dll
0x00007ff9b1f80000 - 0x00007ff9b20c7000 	C:\Xilinx\Vivado\2020.2\lib\win64.o\librdi_hip_perf_analysis.dll
0x00007ff9b03a0000 - 0x00007ff9b1f74000 	C:\Xilinx\Vivado\2020.2\lib\win64.o\librdi_implflow.dll
0x00007ff9afcd0000 - 0x00007ff9afd42000 	C:\Xilinx\Vivado\2020.2\lib\win64.o\librdi_memoryarray.dll
0x00007ff9ad880000 - 0x00007ff9afcc4000 	C:\Xilinx\Vivado\2020.2\lib\win64.o\librdi_mig.dll
0x00007ff9afd50000 - 0x00007ff9b039c000 	C:\Xilinx\Vivado\2020.2\lib\win64.o\librdi_memdata.dll
0x00007ff9ad0f0000 - 0x00007ff9ad81c000 	C:\Xilinx\Vivado\2020.2\lib\win64.o\librdi_netlist.dll
0x00007ff9ad820000 - 0x00007ff9ad874000 	C:\Xilinx\Vivado\2020.2\lib\win64.o\librdi_pfi.dll
0x00007ff9a9320000 - 0x00007ff9a96be000 	C:\Xilinx\Vivado\2020.2\lib\win64.o\librdi_platform.dll
0x00007ff9a96c0000 - 0x00007ff9a9ed7000 	C:\Xilinx\Vivado\2020.2\lib\win64.o\librdi_power.dll
0x00007ff9a7d60000 - 0x00007ff9a83d4000 	C:\Xilinx\Vivado\2020.2\lib\win64.o\librdi_project.dll
0x00007ff9a9ee0000 - 0x00007ff9ad0e7000 	C:\Xilinx\Vivado\2020.2\lib\win64.o\librdi_place.dll
0x00007ff9a8bf0000 - 0x00007ff9a9312000 	C:\Xilinx\Vivado\2020.2\lib\win64.o\librdi_psta.dll
0x00007ff9a83e0000 - 0x00007ff9a8bec000 	C:\Xilinx\Vivado\2020.2\lib\win64.o\librdi_rsb.dll
0x00007ff9a7830000 - 0x00007ff9a7d5b000 	C:\Xilinx\Vivado\2020.2\lib\win64.o\librdi_runs.dll
0x00007ff9a74a0000 - 0x00007ff9a7714000 	C:\Xilinx\Vivado\2020.2\lib\win64.o\librdi_simdata.dll
0x00007ff9a7720000 - 0x00007ff9a7829000 	C:\Xilinx\Vivado\2020.2\lib\win64.o\librdi_runsbase.dll
0x00007ff9a6510000 - 0x00007ff9a7491000 	C:\Xilinx\Vivado\2020.2\lib\win64.o\librdi_timing.dll
0x00007ff9a63f0000 - 0x00007ff9a6506000 	C:\Xilinx\Vivado\2020.2\lib\win64.o\librdi_xhub.dll
0x00007ff9a6340000 - 0x00007ff9a63e7000 	C:\Xilinx\Vivado\2020.2\lib\win64.o\librdi_xhubtasks.dll
0x00007ff9a6100000 - 0x00007ff9a6147000 	C:\Xilinx\Vivado\2020.2\lib\win64.o\libboost_serialization.dll
0x00007ff9a6010000 - 0x00007ff9a60fb000 	C:\Xilinx\Vivado\2020.2\lib\win64.o\librdi_ipconfig_readwrite.dll
0x00007ff9a6150000 - 0x00007ff9a633b000 	C:\Xilinx\Vivado\2020.2\lib\win64.o\librdi_advchipscopeimpl.dll
0x00007ff9a5fa0000 - 0x00007ff9a600a000 	C:\Xilinx\Vivado\2020.2\lib\win64.o\librdi_noc_frameworks.dll
0x00007ff9a41f0000 - 0x00007ff9a44eb000 	C:\Xilinx\Vivado\2020.2\lib\win64.o\librdi_hip_config.dll
0x00007ff9a3ca0000 - 0x00007ff9a41ee000 	C:\Xilinx\Vivado\2020.2\lib\win64.o\librdi_xdm.dll
0x00007ff9a4b10000 - 0x00007ff9a5666000 	C:\Xilinx\Vivado\2020.2\lib\win64.o\libverific.dll
0x00007ff9a3c10000 - 0x00007ff9a3c9d000 	C:\Xilinx\Vivado\2020.2\lib\win64.o\treelite_runtime.dll
0x00007ff9a5de0000 - 0x00007ff9a5ea6000 	C:\Xilinx\Vivado\2020.2\lib\win64.o\librdi_bda.dll

dbghelp: loaded successfully - version: 4.0.5 - missing functions: none
symbol engine: initialized successfully - sym options: 0x614 - pdb path: .;C:\Xilinx\Vivado\2020.2\bin\unwrapped\win64.o;C:\WINDOWS\SYSTEM32;C:\Xilinx\Vivado\2020.2\lib\win64.o;C:\WINDOWS\WinSxS\amd64_microsoft.windows.common-controls_6595b64144ccf1df_5.82.26100.1882_none_87f34cef7a28f535;C:\Xilinx\Vivado\2020.2\tps\win64\jre11.0.2\bin\server;C:\Xilinx\Vivado\2020.2\tps\win64\python-3.8.3;C:\Xilinx\Vivado\2020.2\tps\win64\jre11.0.2\bin;C:\WINDOWS\WinSxS\amd64_microsoft.windows.common-controls_6595b64144ccf1df_6.0.26100.3912_none_3e07963ce335137e

VM Arguments:
jvm_args: -Dsun.java2d.pmoffscreen=false -Dhttps.protocols=TLSv1,TLSv1.1,TLSv1.2 -Dsun.java2d.xrender=false -Dsun.java2d.d3d=false -Dsun.awt.nopixfmt=true -Dsun.java2d.dpiaware=true -Dsun.java2d.uiScale.enabled=false -Xverify:none -Dswing.aatext=true -XX:-UsePerfData -Djdk.map.althashing.threshold=512 -XX:StringTableSize=4072 --add-opens=java.base/java.nio=ALL-UNNAMED --add-opens=java.desktop/sun.swing=ALL-UNNAMED --add-opens=java.desktop/javax.swing=ALL-UNNAMED --add-opens=java.desktop/javax.swing.tree=ALL-UNNAMED --add-opens=java.desktop/javax.swing.plaf.basic=ALL-UNNAMED --add-opens=java.desktop/javax.swing.plaf.synth=ALL-UNNAMED --add-opens=java.desktop/com.sun.awt=ALL-UNNAMED -XX:NewSize=60m -XX:MaxNewSize=60m -Xms128m -Xmx3072m -Xss5m 
java_command: <unknown>
java_class_path (initial): C:/Xilinx/Vivado/2020.2\lib\classes\alloy.jar;C:/Xilinx/Vivado/2020.2\lib\classes\ArchiveSummary.jar;C:/Xilinx/Vivado/2020.2\lib\classes\autoesl-models.jar;C:/Xilinx/Vivado/2020.2\lib\classes\autopilot.scelaborator.jar;C:/Xilinx/Vivado/2020.2\lib\classes\autopilot.sourceprocessor.jar;C:/Xilinx/Vivado/2020.2\lib\classes\autopilot.tbprocessor.jar;C:/Xilinx/Vivado/2020.2\lib\classes\batik-anim.jar;C:/Xilinx/Vivado/2020.2\lib\classes\batik-awt-util.jar;C:/Xilinx/Vivado/2020.2\lib\classes\batik-bridge.jar;C:/Xilinx/Vivado/2020.2\lib\classes\batik-codec.jar;C:/Xilinx/Vivado/2020.2\lib\classes\batik-css.jar;C:/Xilinx/Vivado/2020.2\lib\classes\batik-dom.jar;C:/Xilinx/Vivado/2020.2\lib\classes\batik-ext.jar;C:/Xilinx/Vivado/2020.2\lib\classes\batik-gui-util.jar;C:/Xilinx/Vivado/2020.2\lib\classes\batik-gvt.jar;C:/Xilinx/Vivado/2020.2\lib\classes\batik-parser.jar;C:/Xilinx/Vivado/2020.2\lib\classes\batik-script.jar;C:/Xilinx/Vivado/2020.2\lib\classes\batik-svg-dom.jar;C:/Xilinx/Vivado/2020.2\lib\classes\batik-swing.jar;C:/Xilinx/Vivado/2020.2\lib\classes\batik-transcoder.jar;C:/Xilinx/Vivado/2020.2\lib\classes\batik-util.jar;C:/Xilinx/Vivado/2020.2\lib\classes\batik-xml.jar;C:/Xilinx/Vivado/2020.2\lib\classes\com.google.gson_2.8.2.v20180104-1110.jar;C:/Xilinx/Vivado/2020.2\lib\classes\com.google.guava_27.1.0.v20190517-1946.jar;C:/Xilinx/Vivado/2020.2\lib\classes\com.ibm.icu_4.4.2.v20110208.jar;C:/Xilinx/Vivado/2020.2\lib\classes\com.sigasi.hdt.connection_4.9.0.202009050929.jar;C:/Xilinx/Vivado/2020.2\lib\classes\com.sigasi.hdt.epl_4.9.0.202009050929.jar;C:/Xilinx/Vivado/2020.2\lib\classes\com.sigasi.hdt.project_4.9.0.202009050929.jar;C:/Xilinx/Vivado/2020.2\lib\classes\com.sigasi.hdt.readonlyfilesystem_4.9.0.202009050929.jar;C:/Xilinx/Vivado/2020.2\lib\classes\com.sigasi.lcm_4.9.0.202009050929.jar;C:/Xilinx/Vivado/2020.2\lib\classes\com.sigasi.sdk.client_4.9.0.202009050929.jar;C:/Xilinx/Vivado/2020.2\lib\classes\com.xilinx.hls.services.jar;C:/Xili
Launcher Type: generic

[Global flags]
     bool BytecodeVerificationLocal                = false                                     {product} {command line}
     bool BytecodeVerificationRemote               = false                                     {product} {command line}
     intx CICompilerCount                          = 12                                        {product} {ergonomic}
     uint ConcGCThreads                            = 3                                         {product} {ergonomic}
     uint G1ConcRefinementThreads                  = 13                                        {product} {ergonomic}
   size_t G1HeapRegionSize                         = 1048576                                   {product} {ergonomic}
    uintx GCDrainStackTargetSize                   = 64                                        {product} {ergonomic}
   size_t InitialHeapSize                          = 134217728                                 {product} {command line}
   size_t MarkStackSize                            = 4194304                                   {product} {ergonomic}
   size_t MaxHeapSize                              = 3221225472                                {product} {command line}
   size_t MaxNewSize                               = 62914560                                  {product} {command line}
   size_t MinHeapDeltaBytes                        = 1048576                                   {product} {ergonomic}
   size_t NewSize                                  = 62914560                                  {product} {command line}
    uintx NonNMethodCodeHeapSize                   = 7591728                                {pd product} {ergonomic}
    uintx NonProfiledCodeHeapSize                  = 122033256                              {pd product} {ergonomic}
    uintx ProfiledCodeHeapSize                     = 122033256                              {pd product} {ergonomic}
    uintx ReservedCodeCacheSize                    = 251658240                              {pd product} {ergonomic}
     bool SegmentedCodeCache                       = true                                      {product} {ergonomic}
    uintx StringTableSize                          = 4072                                      {product} {command line}
     intx ThreadStackSize                          = 5120                                   {pd product} {command line}
     bool UseCompressedClassPointers               = true                                 {lp64_product} {ergonomic}
     bool UseCompressedOops                        = true                                 {lp64_product} {ergonomic}
     bool UseG1GC                                  = true                                      {product} {ergonomic}
     bool UseLargePagesIndividualAllocation        = false                                  {pd product} {ergonomic}
     bool UsePerfData                              = false                                     {product} {command line}

Logging:
Log output configuration:
 #0: stdout all=warning uptime,level,tags
 #1: stderr all=off uptime,level,tags

Environment Variables:
PATH=C:/Xilinx/Vivado/2020.2\gnuwin\bin;C:/Xilinx/Vivado/2020.2\gnu\microblaze\nt\bin;C:/Xilinx/Vivado/2020.2/bin;C:/Xilinx/Vivado/2020.2/tps/win64/javafx-sdk-11.0.2/lib;C:/Xilinx/Vivado/2020.2/tps/win64/javafx-sdk-11.0.2/bin;C:/Xilinx/Vivado/2020.2/lib/win64.o;C:/Xilinx/Vivado/2020.2/tps/win64/jre11.0.2/bin/server;C:/Xilinx/Vivado/2020.2/tps/win64/jre11.0.2/bin;C:/Xilinx/Vitis/2020.2/bin;C:/Xilinx/Vivado/2020.2/ids_lite/ISE/bin/nt64;C:/Xilinx/Vivado/2020.2/ids_lite/ISE/lib/nt64;C:/Xilinx/Vitis_HLS/2020.2/bin;C:\WINDOWS\system32;C:\WINDOWS;C:\WINDOWS\System32\Wbem;C:\WINDOWS\System32\WindowsPowerShell\v1.0\;C:\WINDOWS\System32\OpenSSH\;C:\Program Files\Bandizip\;C:\Program Files\Microsoft SQL Server\130\Tools\Binn\;C:\Program Files\Amazon\AWSCLIV2\;C:\CodeSourcery\Sourcery G++ Lite\bin;C:\Users\kccistc\AppData\Local\Microsoft\WindowsApps;C:\Users\kccistc\AppData\Local\Programs\Microsoft VS Code\bin;;C:/Xilinx/Vivado/2020.2\tps\mingw\6.2.0\win64.o\nt\bin;C:/Xilinx/Vivado/2020.2\tps\mingw\6.2.0\win64.o\nt\libexec\gcc\x86_64-w64-mingw32\6.2.0;C:/Xilinx/Vivado/2020.2\tps\win64\python-3.8.3;C:/Xilinx/Vivado/2020.2\tps\win64\python-3.8.3\bin;C:/Xilinx/Vivado/2020.2\tps\win64\python-3.8.3\lib;C:/Xilinx/Vivado/2020.2\tps\win64\python-3.8.3\lib\site-packages
USERNAME=kccistc
OS=Windows_NT
PROCESSOR_IDENTIFIER=Intel64 Family 6 Model 154 Stepping 3, GenuineIntel



---------------  S Y S T E M  ---------------

OS: Windows 10 , 64 bit Build 26100 (10.0.26100.3912)

CPU:total 16 (initial active 16) (8 cores per cpu, 2 threads per core) family 6 model 154 stepping 3, cmov, cx8, fxsr, mmx, sse, sse2, sse3, ssse3, sse4.1, sse4.2, popcnt, avx, avx2, aes, clmul, erms, 3dnowpref, lzcnt, ht, tsc, tscinvbit, bmi1, bmi2, adx, sha, fma

Memory: 4k page, system-wide physical 16066M (4973M free)
TotalPageFile size 32450M (AvailPageFile size 11701M)
current process WorkingSet (physical memory assigned to process): 888M, peak: 3157M
current process commit charge ("private bytes"): 3503M, peak: 3644M

vm_info: OpenJDK 64-Bit Server VM (11.0.2+9) for windows-amd64 JRE (11.0.2+9), built on Jan 18 2019 05:23:22 by "mach5one" with MS VC++ 15.5 (VS2017)

END.
