#
# A fatal error has been detected by the Java Runtime Environment:
#
#  EXCEPTION_ACCESS_VIOLATION (0xc0000005) at pc=0x00007ff9a4979670, pid=15224, tid=2996
#
# JRE version: OpenJDK Runtime Environment (11.0.2+9) (build 11.0.2+9)
# Java VM: OpenJDK 64-Bit Server VM (11.0.2+9, mixed mode, tiered, compressed oops, g1 gc, windows-amd64)
# Problematic frame:
# C  0x00007ff9a4979670
#
# No core dump will be written. Minidumps are not enabled by default on client versions of Windows
#
# If you would like to submit a bug report, please visit:
#   http://bugreport.java.com/bugreport/crash.jsp
# The crash happened outside the Java Virtual Machine in native code.
# See problematic frame for where to report the bug.
#

---------------  S U M M A R Y ------------

Command Line: -Dsun.java2d.pmoffscreen=false -Dhttps.protocols=TLSv1,TLSv1.1,TLSv1.2 -Dsun.java2d.xrender=false -Dsun.java2d.d3d=false -Dsun.awt.nopixfmt=true -Dsun.java2d.dpiaware=true -Dsun.java2d.uiScale.enabled=false -Xverify:none -Dswing.aatext=true -XX:-UsePerfData -Djdk.map.althashing.threshold=512 -XX:StringTableSize=4072 --add-opens=java.base/java.nio=ALL-UNNAMED --add-opens=java.desktop/sun.swing=ALL-UNNAMED --add-opens=java.desktop/javax.swing=ALL-UNNAMED --add-opens=java.desktop/javax.swing.tree=ALL-UNNAMED --add-opens=java.desktop/javax.swing.plaf.basic=ALL-UNNAMED --add-opens=java.desktop/javax.swing.plaf.synth=ALL-UNNAMED --add-opens=java.desktop/com.sun.awt=ALL-UNNAMED -XX:NewSize=60m -XX:MaxNewSize=60m -Xms128m -Xmx3072m -Xss5m 

Host: 12th Gen Intel(R) Core(TM) i7-1260P, 16 cores, 15G,  Windows 10 , 64 bit Build 26100 (10.0.26100.3912)
Time: Mon May 19 21:40:08 2025 대한민국 표준시 elapsed time: 415 seconds (0d 0h 6m 55s)

---------------  T H R E A D  ---------------

Current thread (0x000001dd568cc800):  JavaThread "AWT-EventQueue-0" [_thread_in_native, id=2996, stack(0x0000006242200000,0x0000006242700000)]

Stack: [0x0000006242200000,0x0000006242700000],  sp=0x00000062426f36c8,  free space=5069k
Native frames: (J=compiled Java code, j=interpreted, Vv=VM code, C=native code)
C  0x00007ff9a4979670

Java frames: (J=compiled Java code, j=interpreted, Vv=VM code)
J 19570  ui.views.waveform.waveformi.WVExecutive_getGraphicsDataSize(J)J (0 bytes) @ 0x000001dd08ce5611 [0x000001dd08ce55c0+0x0000000000000051]
J 19569 c1 ui.views.waveform.executive.a.klK()Ljava/io/ByteArrayInputStream; (93 bytes) @ 0x000001dd032924ac [0x000001dd032923c0+0x00000000000000ec]
J 20132 c1 ui.views.waveform.b.a.klh()V (144 bytes) @ 0x000001dd034527b4 [0x000001dd03452720+0x0000000000000094]
J 19542 c1 ui.views.waveform.w.aH(ZZ)V (48 bytes) @ 0x000001dd0327d8e4 [0x000001dd0327d3e0+0x0000000000000504]
J 19111 c1 ui.views.waveform.c.b.j(Lui/frmwork/a/l;)V (605 bytes) @ 0x000001dd030eddec [0x000001dd030e5280+0x0000000000008b6c]
J 19110 c1 ui.views.waveform.w.handleTclEvent(Lui/frmwork/a/l;)V (17 bytes) @ 0x000001dd030e3dbc [0x000001dd030e3ce0+0x00000000000000dc]
J 14741 c1 ui.frmwork.a.o.c(Lui/frmwork/a/l;)V (61 bytes) @ 0x000001dd0265db0c [0x000001dd0265d160+0x00000000000009ac]
J 21985 c2 ui.frmwork.E.i(JZ)V (471 bytes) @ 0x000001dd09035378 [0x000001dd090339e0+0x0000000000001998]
J 14719 c1 ui.frmwork.E.fireTclEvent(J)I (113 bytes) @ 0x000001dd0262d414 [0x000001dd0262cc40+0x00000000000007d4]
v  ~StubRoutines::call_stub
j  ui.views.waveform.waveformi.WVExecutive_processModelEvent(JJ)V+0
j  ui.views.waveform.executive.a.gb(J)V+5
j  ui.views.waveform.c.b.ga(J)V+8
J 19111 c1 ui.views.waveform.c.b.j(Lui/frmwork/a/l;)V (605 bytes) @ 0x000001dd030eeb84 [0x000001dd030e5280+0x0000000000009904]
J 19110 c1 ui.views.waveform.w.handleTclEvent(Lui/frmwork/a/l;)V (17 bytes) @ 0x000001dd030e3dbc [0x000001dd030e3ce0+0x00000000000000dc]
J 14741 c1 ui.frmwork.a.o.c(Lui/frmwork/a/l;)V (61 bytes) @ 0x000001dd0265db0c [0x000001dd0265d160+0x00000000000009ac]
J 21985 c2 ui.frmwork.E.i(JZ)V (471 bytes) @ 0x000001dd09035378 [0x000001dd090339e0+0x0000000000001998]
J 14719 c1 ui.frmwork.E.fireTclEvent(J)I (113 bytes) @ 0x000001dd0262d414 [0x000001dd0262cc40+0x00000000000007d4]
v  ~StubRoutines::call_stub
j  ui.views.waveform.waveformi.WVExecutive_processModelEvent(JJ)V+0
j  ui.views.waveform.executive.a.gb(J)V+5
j  ui.views.waveform.c.b.ga(J)V+8
j  ui.views.waveform.c.e.actionPerformed(Ljava/awt/event/ActionEvent;)V+8
J 15009 c1 javax.swing.Timer.fireActionPerformed(Ljava/awt/event/ActionEvent;)V java.desktop@11.0.2 (46 bytes) @ 0x000001dd007cc364 [0x000001dd007cc080+0x00000000000002e4]
J 14846 c1 javax.swing.Timer$DoPostEvent.run()V java.desktop@11.0.2 (82 bytes) @ 0x000001dd0269c714 [0x000001dd0269bf60+0x00000000000007b4]
J 15429 c2 java.awt.event.InvocationEvent.dispatch()V java.desktop@11.0.2 (69 bytes) @ 0x000001dd0834e818 [0x000001dd0834e7c0+0x0000000000000058]
J 15410 c2 java.awt.EventQueue$4.run()Ljava/lang/Object; java.desktop@11.0.2 (5 bytes) @ 0x000001dd0823c19c [0x000001dd0823c0e0+0x00000000000000bc]
v  ~StubRoutines::call_stub
J 4708  java.security.AccessController.doPrivileged(Ljava/security/PrivilegedAction;Ljava/security/AccessControlContext;)Ljava/lang/Object; java.base@11.0.2 (0 bytes) @ 0x000001dd07e76a36 [0x000001dd07e769c0+0x0000000000000076]
J 15033 c2 java.awt.EventQueue.dispatchEvent(Ljava/awt/AWTEvent;)V java.desktop@11.0.2 (80 bytes) @ 0x000001dd07d985cc [0x000001dd07d98040+0x000000000000058c]
J 18969 c2 ui.frmwork.a.d.dispatchEvent(Ljava/awt/AWTEvent;)V (42 bytes) @ 0x000001dd08c0bab4 [0x000001dd08c0b9a0+0x0000000000000114]
J 19074 c2 java.awt.EventDispatchThread.pumpOneEventForFilters(I)V java.desktop@11.0.2 (113 bytes) @ 0x000001dd08c2a824 [0x000001dd08c2a6c0+0x0000000000000164]
j  java.awt.EventDispatchThread.pumpEventsForFilter(ILjava/awt/Conditional;Ljava/awt/EventFilter;)V+35 java.desktop@11.0.2
j  java.awt.EventDispatchThread.pumpEventsForFilter(Ljava/awt/Conditional;Ljava/awt/EventFilter;)V+4 java.desktop@11.0.2
j  java.awt.WaitDispatchSupport$2.run()V+59 java.desktop@11.0.2
j  java.awt.WaitDispatchSupport$4.run()Ljava/lang/Void;+4 java.desktop@11.0.2
j  java.awt.WaitDispatchSupport$4.run()Ljava/lang/Object;+1 java.desktop@11.0.2
v  ~StubRoutines::call_stub
J 1085  java.security.AccessController.doPrivileged(Ljava/security/PrivilegedAction;)Ljava/lang/Object; java.base@11.0.2 (0 bytes) @ 0x000001dd07bf5322 [0x000001dd07bf52c0+0x0000000000000062]
j  java.awt.WaitDispatchSupport.enter()Z+260 java.desktop@11.0.2
j  java.awt.Dialog.show()V+224 java.desktop@11.0.2
J 9959 c1 java.awt.Component.setVisible(Z)V java.desktop@11.0.2 (6 bytes) @ 0x000001dd0107a864 [0x000001dd0107a660+0x0000000000000204]
j  java.awt.Window.setVisible(Z)V+2 java.desktop@11.0.2
j  java.awt.Dialog.setVisible(Z)V+2 java.desktop@11.0.2
j  ui.dlg.c.g.setVisible(Z)V+2
j  ui.dlg.c.bz.bIi()V+64
j  ui.dlg.c.bI.actionPerformed(Ljava/awt/event/ActionEvent;)V+8
j  ui.dlg.c.bz.fud()V+388
j  ui.views.c.t.b.a.run()V+60
j  ui.frmwork.cmd.a.hsT()Z+66
j  ui.frmwork.cmd.d.htb()V+42
j  ui.bm.actionPerformed(Ljava/awt/event/ActionEvent;)V+25
j  javax.swing.AbstractButton.fireActionPerformed(Ljava/awt/event/ActionEvent;)V+83 java.desktop@11.0.2
j  ui.utils.swing.b.E.fireActionPerformed(Ljava/awt/event/ActionEvent;)V+7
j  javax.swing.AbstractButton$Handler.actionPerformed(Ljava/awt/event/ActionEvent;)V+5 java.desktop@11.0.2
j  javax.swing.DefaultButtonModel.fireActionPerformed(Ljava/awt/event/ActionEvent;)V+34 java.desktop@11.0.2
j  javax.swing.DefaultButtonModel.setPressed(Z)V+117 java.desktop@11.0.2
j  javax.swing.plaf.basic.BasicButtonListener.mouseReleased(Ljava/awt/event/MouseEvent;)V+35 java.desktop@11.0.2
j  com.jidesoft.plaf.basic.BasicJideButtonListener.mouseReleased(Ljava/awt/event/MouseEvent;)V+61
J 21876 c1 java.awt.AWTEventMulticaster.mouseReleased(Ljava/awt/event/MouseEvent;)V java.desktop@11.0.2 (27 bytes) @ 0x000001dd00f165ac [0x000001dd00f16380+0x000000000000022c]
J 21876 c1 java.awt.AWTEventMulticaster.mouseReleased(Ljava/awt/event/MouseEvent;)V java.desktop@11.0.2 (27 bytes) @ 0x000001dd00f165ac [0x000001dd00f16380+0x000000000000022c]
J 21876 c1 java.awt.AWTEventMulticaster.mouseReleased(Ljava/awt/event/MouseEvent;)V java.desktop@11.0.2 (27 bytes) @ 0x000001dd00f165ac [0x000001dd00f16380+0x000000000000022c]
J 21876 c1 java.awt.AWTEventMulticaster.mouseReleased(Ljava/awt/event/MouseEvent;)V java.desktop@11.0.2 (27 bytes) @ 0x000001dd00f165ac [0x000001dd00f16380+0x000000000000022c]
J 17727 c1 java.awt.Component.processMouseEvent(Ljava/awt/event/MouseEvent;)V java.desktop@11.0.2 (100 bytes) @ 0x000001dd02cd453c [0x000001dd02cd40c0+0x000000000000047c]
J 17751 c1 javax.swing.JComponent.processMouseEvent(Ljava/awt/event/MouseEvent;)V java.desktop@11.0.2 (27 bytes) @ 0x000001dd02cfb874 [0x000001dd02cfb660+0x0000000000000214]
J 15257 c2 java.awt.Container.processEvent(Ljava/awt/AWTEvent;)V java.desktop@11.0.2 (22 bytes) @ 0x000001dd07fcfdd4 [0x000001dd07fcfca0+0x0000000000000134]
J 21875 c1 java.awt.Component.dispatchEventImpl(Ljava/awt/AWTEvent;)V java.desktop@11.0.2 (777 bytes) @ 0x000001dd01cb1484 [0x000001dd01cad2c0+0x00000000000041c4]
J 19032 c2 java.awt.Container.dispatchEventImpl(Ljava/awt/AWTEvent;)V java.desktop@11.0.2 (129 bytes) @ 0x000001dd08c1d098 [0x000001dd08c1d040+0x0000000000000058]
J 21238 c2 java.awt.LightweightDispatcher.retargetMouseEvent(Ljava/awt/Component;ILjava/awt/event/MouseEvent;)V java.desktop@11.0.2 (372 bytes) @ 0x000001dd08f78624 [0x000001dd08f78200+0x0000000000000424]
J 19032 c2 java.awt.Container.dispatchEventImpl(Ljava/awt/AWTEvent;)V java.desktop@11.0.2 (129 bytes) @ 0x000001dd08c1dd50 [0x000001dd08c1d040+0x0000000000000d10]
J 21239 c2 java.awt.Window.dispatchEventImpl(Ljava/awt/AWTEvent;)V java.desktop@11.0.2 (23 bytes) @ 0x000001dd08f7a28c [0x000001dd08f7a240+0x000000000000004c]
J 15410 c2 java.awt.EventQueue$4.run()Ljava/lang/Object; java.desktop@11.0.2 (5 bytes) @ 0x000001dd0823c228 [0x000001dd0823c0e0+0x0000000000000148]
v  ~StubRoutines::call_stub
J 4708  java.security.AccessController.doPrivileged(Ljava/security/PrivilegedAction;Ljava/security/AccessControlContext;)Ljava/lang/Object; java.base@11.0.2 (0 bytes) @ 0x000001dd07e76a36 [0x000001dd07e769c0+0x0000000000000076]
J 19333 c2 java.awt.EventQueue$5.run()Ljava/lang/Object; java.desktop@11.0.2 (5 bytes) @ 0x000001dd08c88d74 [0x000001dd08c88b00+0x0000000000000274]
v  ~StubRoutines::call_stub
J 4708  java.security.AccessController.doPrivileged(Ljava/security/PrivilegedAction;Ljava/security/AccessControlContext;)Ljava/lang/Object; java.base@11.0.2 (0 bytes) @ 0x000001dd07e76a36 [0x000001dd07e769c0+0x0000000000000076]
J 15033 c2 java.awt.EventQueue.dispatchEvent(Ljava/awt/AWTEvent;)V java.desktop@11.0.2 (80 bytes) @ 0x000001dd07d983e8 [0x000001dd07d98040+0x00000000000003a8]
J 18969 c2 ui.frmwork.a.d.dispatchEvent(Ljava/awt/AWTEvent;)V (42 bytes) @ 0x000001dd08c0bab4 [0x000001dd08c0b9a0+0x0000000000000114]
J 19074 c2 java.awt.EventDispatchThread.pumpOneEventForFilters(I)V java.desktop@11.0.2 (113 bytes) @ 0x000001dd08c2a824 [0x000001dd08c2a6c0+0x0000000000000164]
j  java.awt.EventDispatchThread.pumpEventsForFilter(ILjava/awt/Conditional;Ljava/awt/EventFilter;)V+35 java.desktop@11.0.2
j  java.awt.EventDispatchThread.pumpEventsForHierarchy(ILjava/awt/Conditional;Ljava/awt/Component;)V+11 java.desktop@11.0.2
j  java.awt.EventDispatchThread.pumpEvents(ILjava/awt/Conditional;)V+4 java.desktop@11.0.2
j  java.awt.EventDispatchThread.pumpEvents(Ljava/awt/Conditional;)V+3 java.desktop@11.0.2
j  java.awt.EventDispatchThread.run()V+9 java.desktop@11.0.2
v  ~StubRoutines::call_stub

siginfo: EXCEPTION_ACCESS_VIOLATION (0xc0000005), data execution prevention violation at address 0x00007ff9a4979670


Register to memory mapping:

RIP=0x00007ff9a4979670 points into unknown readable memory: 01 00 00 00 00 00 00 00
RAX=0x00007ff9a4920720 points into unknown readable memory: 00 88 58 a4 f9 7f 00 00
RBX=0x0000000000000001 is an unknown value
RCX=0x000001dd7ea03ee0 points into unknown readable memory: 20 07 92 a4 f9 7f 00 00
RDX=0x000001dd7b67b570 points into unknown readable memory: d8 84 4b 9c f9 7f 00 00
RSP=0x00000062426f36c8 is pointing into the stack for thread: 0x000001dd568cc800
RBP=0x00000062426f38c0 is pointing into the stack for thread: 0x000001dd568cc800
RSI=0x000001dd6e14b880 points into unknown readable memory: 30 07 92 a4 f9 7f 00 00
RDI=0x000001dd7ea03ee0 points into unknown readable memory: 20 07 92 a4 f9 7f 00 00
R8 =0x00000062426f38b0 is pointing into the stack for thread: 0x000001dd568cc800
R9 =0x00000062426f38f0 is pointing into the stack for thread: 0x000001dd568cc800
R10=0x0 is NULL
R11=0x000001dd56dd2da0 points into unknown readable memory: 80 b8 14 6e dd 01 00 00
R12=0x00000062426f38b0 is pointing into the stack for thread: 0x000001dd568cc800
R13=0x00000062426f38f0 is pointing into the stack for thread: 0x000001dd568cc800
R14=0x00000062426f39c8 is pointing into the stack for thread: 0x000001dd568cc800
R15=0x000001dd7b67b570 points into unknown readable memory: d8 84 4b 9c f9 7f 00 00


Registers:
RAX=0x00007ff9a4920720, RBX=0x0000000000000001, RCX=0x000001dd7ea03ee0, RDX=0x000001dd7b67b570
RSP=0x00000062426f36c8, RBP=0x00000062426f38c0, RSI=0x000001dd6e14b880, RDI=0x000001dd7ea03ee0
R8 =0x00000062426f38b0, R9 =0x00000062426f38f0, R10=0x0000000000000000, R11=0x000001dd56dd2da0
R12=0x00000062426f38b0, R13=0x00000062426f38f0, R14=0x00000062426f39c8, R15=0x000001dd7b67b570
RIP=0x00007ff9a4979670, EFLAGS=0x0000000000010206

Top of Stack: (sp=0x00000062426f36c8)
0x00000062426f36c8:   00007ff9a4650855 0000000000000008
0x00000062426f36d8:   00007ffa656b6a04 000001dd4c760000
0x00000062426f36e8:   000001dd00000009 fffffffffffffffe
0x00000062426f36f8:   00007ff900000000 000001dd00029380
0x00000062426f3708:   000001dd766138b0 000001dd6ba6d900
0x00000062426f3718:   000001dd6ba6d900 000001dd002d9760
0x00000062426f3728:   0000000000000000 0000000000000008
0x00000062426f3738:   0000000000000008 0000000000000000
0x00000062426f3748:   0000000000000001 00000062426f39f8
0x00000062426f3758:   000001dd4c660000 00009574fb985ac3
0x00000062426f3768:   00007ffa656b68c4 000001dd00000002
0x00000062426f3778:   0000000000000000 00000062426f39c8
0x00000062426f3788:   000001dd1542f188 000001dd7ea03ee0
0x00000062426f3798:   000001dd7b67b570 000001dd6e14b880
0x00000062426f37a8:   00000062426f38c0 0000000000000001
0x00000062426f37b8:   00007ff9a46483a6 000001dd4c760000 

Instructions: (pc=0x00007ff9a4979670)
0x00007ff9a4979650:   00 00 00 00 ff ff ff ff 00 00 00 00 40 00 00 00
0x00007ff9a4979660:   20 96 43 00 00 00 00 00 00 00 00 00 00 00 00 00
0x00007ff9a4979670:   01 00 00 00 00 00 00 00 00 00 00 00 a0 19 57 00
0x00007ff9a4979680:   98 96 43 00 70 96 43 00 00 00 00 00 00 00 00 00 


Stack slot to memory mapping:
stack at sp + 0 slots: 0x00007ff9a4650855 points into unknown readable memory: 8b f0 83
stack at sp + 1 slots: 0x0000000000000008 is an unknown value
stack at sp + 2 slots: 0x00007ffa656b6a04 ntdll.dll
stack at sp + 3 slots: 0x000001dd4c760000 points into unknown readable memory: 00 00 00 00 00 00 00 00
stack at sp + 4 slots: 0x000001dd00000009 points into unknown readable memory: 00 00 00 00 00 00 00
stack at sp + 5 slots: 0xfffffffffffffffe is an unknown value
stack at sp + 6 slots: 0x00007ff900000000 is an unknown value
stack at sp + 7 slots: 0x000001dd00029380 is pointing into InlineCacheBuffer


---------------  P R O C E S S  ---------------

Threads class SMR info:
_java_thread_list=0x000001dd56d30c20, length=35, elements={
0x000001dd75a30800, 0x000001dd75ffc800, 0x000001dd75c6a800, 0x000001dd7590e800,
0x000001dd7582f000, 0x000001dd75831000, 0x000001dd75807000, 0x000001dd7634e800,
0x000001dd76ae1800, 0x000001dd76aea800, 0x000001dd6af53800, 0x000001dd6aec9800,
0x000001dd6aeb7000, 0x000001dd6b173000, 0x000001dd568cc800, 0x000001dd5663e800,
0x000001dd56f47800, 0x000001dd56b70800, 0x000001dd70049800, 0x000001dd7947a800,
0x000001dd7947b000, 0x000001dd7947c000, 0x000001dd79484000, 0x000001dd79481800,
0x000001dd79481000, 0x000001dd79486800, 0x000001dd79487800, 0x000001dd79488800,
0x000001dd7004f000, 0x000001dd15d5e800, 0x000001dd15d62000, 0x000001dd15d65800,
0x000001dd15d64800, 0x000001dd15d63000, 0x000001dd15d61000
}

Java Threads: ( => current thread )
  0x000001dd75a30800 JavaThread "main" [_thread_blocked, id=14380, stack(0x000000623d300000,0x000000623d400000)]
  0x000001dd75ffc800 JavaThread "Reference Handler" daemon [_thread_blocked, id=2840, stack(0x000000623da00000,0x000000623df00000)]
  0x000001dd75c6a800 JavaThread "Finalizer" daemon [_thread_blocked, id=17480, stack(0x000000623df00000,0x000000623e400000)]
  0x000001dd7590e800 JavaThread "Signal Dispatcher" daemon [_thread_blocked, id=7316, stack(0x000000623e400000,0x000000623e900000)]
  0x000001dd7582f000 JavaThread "Attach Listener" daemon [_thread_blocked, id=20296, stack(0x000000623e900000,0x000000623ee00000)]
  0x000001dd75831000 JavaThread "C2 CompilerThread0" daemon [_thread_blocked, id=6652, stack(0x000000623ee00000,0x000000623ef00000)]
  0x000001dd75807000 JavaThread "C1 CompilerThread0" daemon [_thread_blocked, id=2608, stack(0x000000623ef00000,0x000000623f000000)]
  0x000001dd7634e800 JavaThread "Sweeper thread" daemon [_thread_blocked, id=7760, stack(0x000000623f000000,0x000000623f500000)]
  0x000001dd76ae1800 JavaThread "Common-Cleaner" daemon [_thread_blocked, id=16888, stack(0x000000623f900000,0x000000623fe00000)]
  0x000001dd76aea800 JavaThread "Service Thread" daemon [_thread_blocked, id=5572, stack(0x000000623fe00000,0x0000006240300000)]
  0x000001dd6af53800 JavaThread "Java2D Disposer" daemon [_thread_blocked, id=5556, stack(0x0000006240400000,0x0000006240900000)]
  0x000001dd6aec9800 JavaThread "AWT-Shutdown" [_thread_blocked, id=15304, stack(0x0000006240900000,0x0000006240e00000)]
  0x000001dd6aeb7000 JavaThread "AWT-Windows" daemon [_thread_in_native, id=16368, stack(0x0000006240e00000,0x0000006241300000)]
  0x000001dd6b173000 JavaThread "TimerQueue" daemon [_thread_blocked, id=14564, stack(0x0000006241300000,0x0000006241800000)]
=>0x000001dd568cc800 JavaThread "AWT-EventQueue-0" [_thread_in_native, id=2996, stack(0x0000006242200000,0x0000006242700000)]
  0x000001dd5663e800 JavaThread "Thread-1" [_thread_in_native, id=7324, stack(0x000000623bc00000,0x000000623d000000)]
  0x000001dd56f47800 JavaThread "Process Messages Thread" [_thread_blocked, id=10256, stack(0x0000006242c00000,0x0000006243100000)]
  0x000001dd56b70800 JavaThread "Batik CleanerThread" daemon [_thread_blocked, id=19748, stack(0x0000006242700000,0x0000006242c00000)]
  0x000001dd70049800 JavaThread "SyntheticaCleanerThread" daemon [_thread_blocked, id=14352, stack(0x0000006244300000,0x0000006244800000)]
  0x000001dd7947a800 JavaThread "Monitor HEventQueue Thread" [_thread_blocked, id=7976, stack(0x0000006244f00000,0x0000006245400000)]
  0x000001dd7947b000 JavaThread "SyntheticaAnimation 50" daemon [_thread_blocked, id=9464, stack(0x0000006245400000,0x0000006245900000)]
  0x000001dd7947c000 JavaThread "SyntheticaAnimation 25" daemon [_thread_blocked, id=9276, stack(0x0000006245b00000,0x0000006246000000)]
  0x000001dd79484000 JavaThread "SyntheticaAnimation 70" daemon [_thread_blocked, id=8044, stack(0x0000006244800000,0x0000006244d00000)]
  0x000001dd79481800 JavaThread "Refresh Filesets Swing Worker Thread" [_thread_blocked, id=14516, stack(0x0000006246000000,0x0000006246500000)]
  0x000001dd79481000 JavaThread "hw_ila_monitor" [_thread_blocked, id=8472, stack(0x0000006246500000,0x0000006246a00000)]
  0x000001dd79486800 JavaThread "pool-2-thread-1" [_thread_blocked, id=11364, stack(0x0000006247400000,0x0000006247900000)]
  0x000001dd79487800 JavaThread "pool-3-thread-1" [_thread_blocked, id=16220, stack(0x0000006247900000,0x0000006247e00000)]
  0x000001dd79488800 JavaThread "pool-4-thread-1" [_thread_blocked, id=18608, stack(0x0000006247e00000,0x0000006248300000)]
  0x000001dd7004f000 JavaThread "Update Runs Swing Worker Thread" [_thread_blocked, id=10152, stack(0x0000006248800000,0x0000006248d00000)]
  0x000001dd15d5e800 JavaThread "SyntheticaAnimation 50" daemon [_thread_blocked, id=5712, stack(0x0000006241800000,0x0000006241d00000)]
  0x000001dd15d62000 JavaThread "Timer-0" [_thread_blocked, id=8628, stack(0x0000006246f00000,0x0000006247400000)]
  0x000001dd15d65800 JavaThread "Monitor File Timestamp Swing Worker Thread" [_thread_blocked, id=16792, stack(0x0000006248300000,0x0000006248800000)]
  0x000001dd15d64800 JavaThread "Image Animator 3" daemon [_thread_blocked, id=5580, stack(0x0000006248d00000,0x0000006249200000)]
  0x000001dd15d63000 JavaThread "SyntheticaAnimation 50" daemon [_thread_blocked, id=9344, stack(0x0000006246a00000,0x0000006246f00000)]
  0x000001dd15d61000 JavaThread "Relaunch Simulation Thread" [_thread_blocked, id=18696, stack(0x0000006249200000,0x0000006249700000)]

Other Threads:
  0x000001dd75c2d800 VMThread "VM Thread" [stack: 0x000000623d900000,0x000000623da00000] [id=7256]
  0x000001dd73e1f000 WatcherThread [stack: 0x0000006240300000,0x0000006240400000] [id=18020]
  0x000001dd516a5800 GCTaskThread "GC Thread#0" [stack: 0x000000623d400000,0x000000623d500000] [id=8320]
  0x000001dd76afe000 GCTaskThread "GC Thread#1" [stack: 0x0000006243100000,0x0000006243200000] [id=16004]
  0x000001dd76afb000 GCTaskThread "GC Thread#2" [stack: 0x0000006243200000,0x0000006243300000] [id=14312]
  0x000001dd76afc000 GCTaskThread "GC Thread#3" [stack: 0x0000006243300000,0x0000006243400000] [id=7160]
  0x000001dd76afc800 GCTaskThread "GC Thread#4" [stack: 0x0000006243400000,0x0000006243500000] [id=10516]
  0x000001dd76afd800 GCTaskThread "GC Thread#5" [stack: 0x0000006243500000,0x0000006243600000] [id=18632]
  0x000001dd516aa000 GCTaskThread "GC Thread#6" [stack: 0x0000006243600000,0x0000006243700000] [id=8124]
  0x000001dd5683a000 GCTaskThread "GC Thread#7" [stack: 0x0000006243700000,0x0000006243800000] [id=15608]
  0x000001dd5683b800 GCTaskThread "GC Thread#8" [stack: 0x0000006243800000,0x0000006243900000] [id=8120]
  0x000001dd56839800 GCTaskThread "GC Thread#9" [stack: 0x0000006243900000,0x0000006243a00000] [id=9420]
  0x000001dd5683f000 GCTaskThread "GC Thread#10" [stack: 0x0000006243a00000,0x0000006243b00000] [id=8756]
  0x000001dd5683d000 GCTaskThread "GC Thread#11" [stack: 0x0000006243b00000,0x0000006243c00000] [id=11476]
  0x000001dd760d6800 GCTaskThread "GC Thread#12" [stack: 0x0000006244000000,0x0000006244100000] [id=18272]
  0x000001dd74166800 ConcurrentGCThread "G1 Main Marker" [stack: 0x000000623d500000,0x000000623d600000] [id=7284]
  0x000001dd516a6000 ConcurrentGCThread "G1 Conc#0" [stack: 0x000000623d600000,0x000000623d700000] [id=3104]
  0x000001dd56841800 ConcurrentGCThread "G1 Conc#1" [stack: 0x0000006242100000,0x0000006242200000] [id=1640]
  0x000001dd56844800 ConcurrentGCThread "G1 Conc#2" [stack: 0x0000006243d00000,0x0000006243e00000] [id=9036]
  0x000001dd6d711000 ConcurrentGCThread "G1 Refine#0" [stack: 0x000000623d700000,0x000000623d800000] [id=8644]
  0x000001dd6b33e000 ConcurrentGCThread "G1 Refine#1" [stack: 0x0000006243c00000,0x0000006243d00000] [id=13376]
  0x000001dd76cfb800 ConcurrentGCThread "G1 Refine#2" [stack: 0x0000006242000000,0x0000006242100000] [id=19540]
  0x000001dd74223800 ConcurrentGCThread "G1 Young RemSet Sampling" [stack: 0x000000623d800000,0x000000623d900000] [id=18748]

Threads with active compile tasks:

VM state:not at safepoint (normal execution)

VM Mutex/Monitor currently owned by a thread: None

Heap address: 0x0000000740000000, size: 3072 MB, Compressed Oops mode: Zero based, Oop shift amount: 3
Narrow klass base: 0x0000000800000000, Narrow klass shift: 0
Compressed class space size: 1073741824 Address: 0x0000000800000000

Heap:
 garbage-first heap   total 269312K, used 123342K [0x0000000740000000, 0x0000000800000000)
  region size 1024K, 24 young (24576K), 0 survivors (0K)
 Metaspace       used 96622K, capacity 99317K, committed 99464K, reserved 1134592K
  class space    used 13130K, capacity 14369K, committed 14464K, reserved 1048576K
Heap Regions: E=young(eden), S=young(survivor), O=old, HS=humongous(starts), HC=humongous(continues), CS=collection set, F=free, A=archive, TAMS=top-at-mark-start (previous, next)
|   0|0x0000000740000000, 0x0000000740100000, 0x0000000740100000|100%|HS|  |TAMS 0x0000000740000000, 0x0000000740000000| Untracked 
|   1|0x0000000740100000, 0x0000000740200000, 0x0000000740200000|100%|HC|  |TAMS 0x0000000740100000, 0x0000000740100000| Untracked 
|   2|0x0000000740200000, 0x0000000740300000, 0x0000000740300000|100%|HS|  |TAMS 0x0000000740200000, 0x0000000740200000| Untracked 
|   3|0x0000000740300000, 0x00000007403ffff8, 0x0000000740400000| 99%| O|  |TAMS 0x0000000740300000, 0x0000000740300000| Untracked 
|   4|0x0000000740400000, 0x00000007404ffff8, 0x0000000740500000| 99%| O|  |TAMS 0x0000000740400000, 0x0000000740400000| Untracked 
|   5|0x0000000740500000, 0x0000000740600000, 0x0000000740600000|100%| O|  |TAMS 0x0000000740500000, 0x0000000740500000| Untracked 
|   6|0x0000000740600000, 0x0000000740700000, 0x0000000740700000|100%| O|  |TAMS 0x0000000740600000, 0x0000000740600000| Untracked 
|   7|0x0000000740700000, 0x00000007407ffff0, 0x0000000740800000| 99%| O|  |TAMS 0x0000000740700000, 0x0000000740700000| Untracked 
|   8|0x0000000740800000, 0x00000007408fffc0, 0x0000000740900000| 99%| O|  |TAMS 0x0000000740800000, 0x0000000740800000| Untracked 
|   9|0x0000000740900000, 0x00000007409ffff8, 0x0000000740a00000| 99%| O|  |TAMS 0x0000000740900000, 0x0000000740900000| Untracked 
|  10|0x0000000740a00000, 0x0000000740affff0, 0x0000000740b00000| 99%| O|  |TAMS 0x0000000740a00000, 0x0000000740a00000| Untracked 
|  11|0x0000000740b00000, 0x0000000740bffff0, 0x0000000740c00000| 99%| O|  |TAMS 0x0000000740b00000, 0x0000000740b00000| Untracked 
|  12|0x0000000740c00000, 0x0000000740d00000, 0x0000000740d00000|100%| O|  |TAMS 0x0000000740c00000, 0x0000000740c00000| Untracked 
|  13|0x0000000740d00000, 0x0000000740dffff0, 0x0000000740e00000| 99%| O|  |TAMS 0x0000000740d00000, 0x0000000740d00000| Untracked 
|  14|0x0000000740e00000, 0x0000000740effff8, 0x0000000740f00000| 99%| O|  |TAMS 0x0000000740e00000, 0x0000000740e00000| Untracked 
|  15|0x0000000740f00000, 0x0000000740fffff0, 0x0000000741000000| 99%| O|  |TAMS 0x0000000740f00000, 0x0000000740f00000| Untracked 
|  16|0x0000000741000000, 0x0000000741100000, 0x0000000741100000|100%| O|  |TAMS 0x0000000741000000, 0x0000000741000000| Untracked 
|  17|0x0000000741100000, 0x00000007411ffff0, 0x0000000741200000| 99%| O|  |TAMS 0x0000000741100000, 0x0000000741100000| Untracked 
|  18|0x0000000741200000, 0x00000007412ffff8, 0x0000000741300000| 99%| O|  |TAMS 0x0000000741200000, 0x0000000741200000| Untracked 
|  19|0x0000000741300000, 0x0000000741400000, 0x0000000741400000|100%| O|  |TAMS 0x0000000741300000, 0x0000000741300000| Untracked 
|  20|0x0000000741400000, 0x00000007414ffff0, 0x0000000741500000| 99%| O|  |TAMS 0x0000000741400000, 0x0000000741400000| Untracked 
|  21|0x0000000741500000, 0x00000007415ffff8, 0x0000000741600000| 99%| O|  |TAMS 0x0000000741500000, 0x0000000741500000| Untracked 
|  22|0x0000000741600000, 0x00000007416fffe0, 0x0000000741700000| 99%| O|  |TAMS 0x0000000741600000, 0x0000000741600000| Untracked 
|  23|0x0000000741700000, 0x0000000741800000, 0x0000000741800000|100%| O|  |TAMS 0x0000000741700000, 0x0000000741700000| Untracked 
|  24|0x0000000741800000, 0x00000007418fff48, 0x0000000741900000| 99%| O|  |TAMS 0x0000000741800000, 0x0000000741800000| Untracked 
|  25|0x0000000741900000, 0x00000007419fffc8, 0x0000000741a00000| 99%| O|  |TAMS 0x0000000741900000, 0x0000000741900000| Untracked 
|  26|0x0000000741a00000, 0x0000000741b00000, 0x0000000741b00000|100%| O|  |TAMS 0x0000000741a00000, 0x0000000741a00000| Untracked 
|  27|0x0000000741b00000, 0x0000000741bfffe8, 0x0000000741c00000| 99%| O|  |TAMS 0x0000000741b00000, 0x0000000741b00000| Untracked 
|  28|0x0000000741c00000, 0x0000000741d00000, 0x0000000741d00000|100%| O|  |TAMS 0x0000000741c00000, 0x0000000741c00000| Untracked 
|  29|0x0000000741d00000, 0x0000000741e00000, 0x0000000741e00000|100%| O|  |TAMS 0x0000000741d00000, 0x0000000741d00000| Untracked 
|  30|0x0000000741e00000, 0x0000000741f00000, 0x0000000741f00000|100%| O|  |TAMS 0x0000000741e00000, 0x0000000741e00000| Untracked 
|  31|0x0000000741f00000, 0x0000000741fffff0, 0x0000000742000000| 99%| O|  |TAMS 0x0000000741f00000, 0x0000000741f00000| Untracked 
|  32|0x0000000742000000, 0x0000000742100000, 0x0000000742100000|100%| O|  |TAMS 0x0000000742000000, 0x0000000742000000| Untracked 
|  33|0x0000000742100000, 0x0000000742200000, 0x0000000742200000|100%| O|  |TAMS 0x0000000742100000, 0x0000000742100000| Untracked 
|  34|0x0000000742200000, 0x00000007422ffff8, 0x0000000742300000| 99%| O|  |TAMS 0x0000000742200000, 0x0000000742200000| Untracked 
|  35|0x0000000742300000, 0x00000007423ffff0, 0x0000000742400000| 99%| O|  |TAMS 0x0000000742300000, 0x0000000742300000| Untracked 
|  36|0x0000000742400000, 0x00000007424ffff8, 0x0000000742500000| 99%| O|  |TAMS 0x0000000742400000, 0x0000000742400000| Untracked 
|  37|0x0000000742500000, 0x0000000742600000, 0x0000000742600000|100%| O|  |TAMS 0x0000000742500000, 0x0000000742500000| Untracked 
|  38|0x0000000742600000, 0x0000000742700000, 0x0000000742700000|100%| O|  |TAMS 0x0000000742600000, 0x0000000742600000| Untracked 
|  39|0x0000000742700000, 0x00000007427ffff0, 0x0000000742800000| 99%| O|  |TAMS 0x0000000742700000, 0x0000000742700000| Untracked 
|  40|0x0000000742800000, 0x0000000742900000, 0x0000000742900000|100%| O|  |TAMS 0x0000000742800000, 0x0000000742800000| Untracked 
|  41|0x0000000742900000, 0x00000007429ffff8, 0x0000000742a00000| 99%| O|  |TAMS 0x0000000742900000, 0x0000000742900000| Untracked 
|  42|0x0000000742a00000, 0x0000000742b00000, 0x0000000742b00000|100%| O|  |TAMS 0x0000000742a00000, 0x0000000742a00000| Untracked 
|  43|0x0000000742b00000, 0x0000000742c00000, 0x0000000742c00000|100%| O|  |TAMS 0x0000000742b00000, 0x0000000742b00000| Untracked 
|  44|0x0000000742c00000, 0x0000000742d00000, 0x0000000742d00000|100%| O|  |TAMS 0x0000000742c00000, 0x0000000742c00000| Untracked 
|  45|0x0000000742d00000, 0x0000000742e00000, 0x0000000742e00000|100%| O|  |TAMS 0x0000000742d00000, 0x0000000742d00000| Untracked 
|  46|0x0000000742e00000, 0x0000000742f00000, 0x0000000742f00000|100%| O|  |TAMS 0x0000000742e00000, 0x0000000742e00000| Untracked 
|  47|0x0000000742f00000, 0x0000000742ffffe0, 0x0000000743000000| 99%| O|  |TAMS 0x0000000742f00000, 0x0000000742f00000| Untracked 
|  48|0x0000000743000000, 0x0000000743100000, 0x0000000743100000|100%| O|  |TAMS 0x0000000743000000, 0x0000000743000000| Untracked 
|  49|0x0000000743100000, 0x0000000743200000, 0x0000000743200000|100%| O|  |TAMS 0x0000000743100000, 0x0000000743100000| Untracked 
|  50|0x0000000743200000, 0x00000007432fffd0, 0x0000000743300000| 99%| O|  |TAMS 0x0000000743200000, 0x0000000743200000| Untracked 
|  51|0x0000000743300000, 0x00000007433fffe8, 0x0000000743400000| 99%| O|  |TAMS 0x0000000743300000, 0x0000000743300000| Untracked 
|  52|0x0000000743400000, 0x00000007434fffe8, 0x0000000743500000| 99%| O|  |TAMS 0x0000000743400000, 0x0000000743400000| Untracked 
|  53|0x0000000743500000, 0x00000007435fffc8, 0x0000000743600000| 99%| O|  |TAMS 0x0000000743500000, 0x0000000743500000| Untracked 
|  54|0x0000000743600000, 0x00000007436ffff8, 0x0000000743700000| 99%| O|  |TAMS 0x0000000743600000, 0x0000000743600000| Untracked 
|  55|0x0000000743700000, 0x00000007437ffff8, 0x0000000743800000| 99%| O|  |TAMS 0x0000000743700000, 0x0000000743700000| Untracked 
|  56|0x0000000743800000, 0x0000000743900000, 0x0000000743900000|100%| O|  |TAMS 0x0000000743800000, 0x0000000743800000| Untracked 
|  57|0x0000000743900000, 0x00000007439fffd0, 0x0000000743a00000| 99%| O|  |TAMS 0x0000000743900000, 0x0000000743900000| Untracked 
|  58|0x0000000743a00000, 0x0000000743b00000, 0x0000000743b00000|100%| O|  |TAMS 0x0000000743a00000, 0x0000000743a00000| Untracked 
|  59|0x0000000743b00000, 0x0000000743c00000, 0x0000000743c00000|100%| O|  |TAMS 0x0000000743b00000, 0x0000000743b00000| Untracked 
|  60|0x0000000743c00000, 0x0000000743cffff8, 0x0000000743d00000| 99%| O|  |TAMS 0x0000000743c00000, 0x0000000743c00000| Untracked 
|  61|0x0000000743d00000, 0x0000000743dffff8, 0x0000000743e00000| 99%| O|  |TAMS 0x0000000743d00000, 0x0000000743d00000| Untracked 
|  62|0x0000000743e00000, 0x0000000743effff8, 0x0000000743f00000| 99%| O|  |TAMS 0x0000000743e00000, 0x0000000743e00000| Untracked 
|  63|0x0000000743f00000, 0x0000000743fffff0, 0x0000000744000000| 99%| O|  |TAMS 0x0000000743f00000, 0x0000000743f00000| Untracked 
|  64|0x0000000744000000, 0x00000007440fffe8, 0x0000000744100000| 99%| O|  |TAMS 0x0000000744000000, 0x0000000744000000| Untracked 
|  65|0x0000000744100000, 0x00000007441ffff8, 0x0000000744200000| 99%| O|  |TAMS 0x0000000744100000, 0x0000000744100000| Untracked 
|  66|0x0000000744200000, 0x00000007442fffb8, 0x0000000744300000| 99%| O|  |TAMS 0x0000000744200000, 0x0000000744200000| Untracked 
|  67|0x0000000744300000, 0x00000007443ffff0, 0x0000000744400000| 99%| O|  |TAMS 0x0000000744300000, 0x0000000744300000| Untracked 
|  68|0x0000000744400000, 0x00000007444fffe8, 0x0000000744500000| 99%| O|  |TAMS 0x0000000744400000, 0x0000000744400000| Untracked 
|  69|0x0000000744500000, 0x0000000744600000, 0x0000000744600000|100%| O|  |TAMS 0x0000000744500000, 0x0000000744500000| Untracked 
|  70|0x0000000744600000, 0x00000007446ffc80, 0x0000000744700000| 99%| O|  |TAMS 0x0000000744600000, 0x0000000744600000| Untracked 
|  71|0x0000000744700000, 0x00000007447ffff0, 0x0000000744800000| 99%| O|  |TAMS 0x0000000744700000, 0x0000000744700000| Untracked 
|  72|0x0000000744800000, 0x00000007448ffbd8, 0x0000000744900000| 99%| O|  |TAMS 0x0000000744800000, 0x0000000744800000| Untracked 
|  73|0x0000000744900000, 0x00000007449ed030, 0x0000000744a00000| 92%| O|  |TAMS 0x0000000744900000, 0x0000000744900000| Untracked 
|  74|0x0000000744a00000, 0x0000000744ae9f60, 0x0000000744b00000| 91%| O|  |TAMS 0x0000000744a00000, 0x0000000744a00000| Untracked 
|  75|0x0000000744b00000, 0x0000000744bf96e8, 0x0000000744c00000| 97%| O|  |TAMS 0x0000000744b00000, 0x0000000744b00000| Untracked 
|  76|0x0000000744c00000, 0x0000000744cdc3d0, 0x0000000744d00000| 86%| O|  |TAMS 0x0000000744c00000, 0x0000000744c00000| Untracked 
|  77|0x0000000744d00000, 0x0000000744d99330, 0x0000000744e00000| 59%| O|  |TAMS 0x0000000744d00000, 0x0000000744d00000| Untracked 
|  78|0x0000000744e00000, 0x0000000744e2e928, 0x0000000744f00000| 18%| O|  |TAMS 0x0000000744e00000, 0x0000000744e00000| Untracked 
|  79|0x0000000744f00000, 0x0000000744f00000, 0x0000000745000000|  0%| F|  |TAMS 0x0000000744f00000, 0x0000000744f00000| Untracked 
|  80|0x0000000745000000, 0x0000000745000000, 0x0000000745100000|  0%| F|  |TAMS 0x0000000745000000, 0x0000000745000000| Untracked 
|  81|0x0000000745100000, 0x0000000745100000, 0x0000000745200000|  0%| F|  |TAMS 0x0000000745100000, 0x0000000745100000| Untracked 
|  82|0x0000000745200000, 0x0000000745200000, 0x0000000745300000|  0%| F|  |TAMS 0x0000000745200000, 0x0000000745200000| Untracked 
|  83|0x0000000745300000, 0x0000000745300000, 0x0000000745400000|  0%| F|  |TAMS 0x0000000745300000, 0x0000000745300000| Untracked 
|  84|0x0000000745400000, 0x0000000745400000, 0x0000000745500000|  0%| F|  |TAMS 0x0000000745400000, 0x0000000745400000| Untracked 
|  85|0x0000000745500000, 0x0000000745500000, 0x0000000745600000|  0%| F|  |TAMS 0x0000000745500000, 0x0000000745500000| Untracked 
|  86|0x0000000745600000, 0x0000000745600000, 0x0000000745700000|  0%| F|  |TAMS 0x0000000745600000, 0x0000000745600000| Untracked 
|  87|0x0000000745700000, 0x0000000745700000, 0x0000000745800000|  0%| F|  |TAMS 0x0000000745700000, 0x0000000745700000| Untracked 
|  88|0x0000000745800000, 0x0000000745800000, 0x0000000745900000|  0%| F|  |TAMS 0x0000000745800000, 0x0000000745800000| Untracked 
|  89|0x0000000745900000, 0x0000000745900000, 0x0000000745a00000|  0%| F|  |TAMS 0x0000000745900000, 0x0000000745900000| Untracked 
|  90|0x0000000745a00000, 0x0000000745a00000, 0x0000000745b00000|  0%| F|  |TAMS 0x0000000745a00000, 0x0000000745a00000| Untracked 
|  91|0x0000000745b00000, 0x0000000745c00000, 0x0000000745c00000|100%|HS|  |TAMS 0x0000000745b00000, 0x0000000745b00000| Untracked 
|  92|0x0000000745c00000, 0x0000000745d00000, 0x0000000745d00000|100%|HC|  |TAMS 0x0000000745c00000, 0x0000000745c00000| Untracked 
|  93|0x0000000745d00000, 0x0000000745e00000, 0x0000000745e00000|100%|HC|  |TAMS 0x0000000745d00000, 0x0000000745d00000| Untracked 
|  94|0x0000000745e00000, 0x0000000745f00000, 0x0000000745f00000|100%|HC|  |TAMS 0x0000000745e00000, 0x0000000745e00000| Untracked 
|  95|0x0000000745f00000, 0x0000000746000000, 0x0000000746000000|100%|HC|  |TAMS 0x0000000745f00000, 0x0000000745f00000| Untracked 
|  96|0x0000000746000000, 0x0000000746100000, 0x0000000746100000|100%|HC|  |TAMS 0x0000000746000000, 0x0000000746000000| Untracked 
|  97|0x0000000746100000, 0x0000000746100000, 0x0000000746200000|  0%| F|  |TAMS 0x0000000746100000, 0x0000000746100000| Untracked 
|  98|0x0000000746200000, 0x0000000746200000, 0x0000000746300000|  0%| F|  |TAMS 0x0000000746200000, 0x0000000746200000| Untracked 
|  99|0x0000000746300000, 0x0000000746300000, 0x0000000746400000|  0%| F|  |TAMS 0x0000000746300000, 0x0000000746300000| Untracked 
| 100|0x0000000746400000, 0x0000000746400000, 0x0000000746500000|  0%| F|  |TAMS 0x0000000746400000, 0x0000000746400000| Untracked 
| 101|0x0000000746500000, 0x0000000746500000, 0x0000000746600000|  0%| F|  |TAMS 0x0000000746500000, 0x0000000746500000| Untracked 
| 102|0x0000000746600000, 0x0000000746600000, 0x0000000746700000|  0%| F|  |TAMS 0x0000000746600000, 0x0000000746600000| Untracked 
| 103|0x0000000746700000, 0x0000000746700000, 0x0000000746800000|  0%| F|  |TAMS 0x0000000746700000, 0x0000000746700000| Untracked 
| 104|0x0000000746800000, 0x0000000746800000, 0x0000000746900000|  0%| F|  |TAMS 0x0000000746800000, 0x0000000746800000| Untracked 
| 105|0x0000000746900000, 0x0000000746900000, 0x0000000746a00000|  0%| F|  |TAMS 0x0000000746900000, 0x0000000746900000| Untracked 
| 106|0x0000000746a00000, 0x0000000746a00000, 0x0000000746b00000|  0%| F|  |TAMS 0x0000000746a00000, 0x0000000746a00000| Untracked 
| 107|0x0000000746b00000, 0x0000000746b00000, 0x0000000746c00000|  0%| F|  |TAMS 0x0000000746b00000, 0x0000000746b00000| Untracked 
| 108|0x0000000746c00000, 0x0000000746c00000, 0x0000000746d00000|  0%| F|  |TAMS 0x0000000746c00000, 0x0000000746c00000| Untracked 
| 109|0x0000000746d00000, 0x0000000746d00000, 0x0000000746e00000|  0%| F|  |TAMS 0x0000000746d00000, 0x0000000746d00000| Untracked 
| 110|0x0000000746e00000, 0x0000000746e00000, 0x0000000746f00000|  0%| F|  |TAMS 0x0000000746e00000, 0x0000000746e00000| Untracked 
| 111|0x0000000746f00000, 0x0000000746f00000, 0x0000000747000000|  0%| F|  |TAMS 0x0000000746f00000, 0x0000000746f00000| Untracked 
| 112|0x0000000747000000, 0x0000000747000000, 0x0000000747100000|  0%| F|  |TAMS 0x0000000747000000, 0x0000000747000000| Untracked 
| 113|0x0000000747100000, 0x0000000747100000, 0x0000000747200000|  0%| F|  |TAMS 0x0000000747100000, 0x0000000747100000| Untracked 
| 114|0x0000000747200000, 0x0000000747200000, 0x0000000747300000|  0%| F|  |TAMS 0x0000000747200000, 0x0000000747200000| Untracked 
| 115|0x0000000747300000, 0x0000000747300000, 0x0000000747400000|  0%| F|  |TAMS 0x0000000747300000, 0x0000000747300000| Untracked 
| 116|0x0000000747400000, 0x0000000747400000, 0x0000000747500000|  0%| F|  |TAMS 0x0000000747400000, 0x0000000747400000| Untracked 
| 117|0x0000000747500000, 0x0000000747500000, 0x0000000747600000|  0%| F|  |TAMS 0x0000000747500000, 0x0000000747500000| Untracked 
| 118|0x0000000747600000, 0x0000000747600000, 0x0000000747700000|  0%| F|  |TAMS 0x0000000747600000, 0x0000000747600000| Untracked 
| 119|0x0000000747700000, 0x0000000747700000, 0x0000000747800000|  0%| F|  |TAMS 0x0000000747700000, 0x0000000747700000| Untracked 
| 120|0x0000000747800000, 0x0000000747800000, 0x0000000747900000|  0%| F|  |TAMS 0x0000000747800000, 0x0000000747800000| Untracked 
| 121|0x0000000747900000, 0x0000000747900000, 0x0000000747a00000|  0%| F|  |TAMS 0x0000000747900000, 0x0000000747900000| Untracked 
| 122|0x0000000747a00000, 0x0000000747a00000, 0x0000000747b00000|  0%| F|  |TAMS 0x0000000747a00000, 0x0000000747a00000| Untracked 
| 123|0x0000000747b00000, 0x0000000747b00000, 0x0000000747c00000|  0%| F|  |TAMS 0x0000000747b00000, 0x0000000747b00000| Untracked 
| 124|0x0000000747c00000, 0x0000000747d00000, 0x0000000747d00000|100%|HS|  |TAMS 0x0000000747c00000, 0x0000000747c00000| Untracked 
| 125|0x0000000747d00000, 0x0000000747e00000, 0x0000000747e00000|100%|HC|  |TAMS 0x0000000747d00000, 0x0000000747d00000| Untracked 
| 126|0x0000000747e00000, 0x0000000747f00000, 0x0000000747f00000|100%|HC|  |TAMS 0x0000000747e00000, 0x0000000747e00000| Untracked 
| 127|0x0000000747f00000, 0x0000000748000000, 0x0000000748000000|100%|HC|  |TAMS 0x0000000747f00000, 0x0000000747f00000| Untracked 
| 128|0x0000000748000000, 0x0000000748100000, 0x0000000748100000|100%|HC|  |TAMS 0x0000000748000000, 0x0000000748000000| Untracked 
| 129|0x0000000748100000, 0x0000000748200000, 0x0000000748200000|100%|HC|  |TAMS 0x0000000748100000, 0x0000000748100000| Untracked 
| 130|0x0000000748200000, 0x0000000748300000, 0x0000000748300000|100%|HC|  |TAMS 0x0000000748200000, 0x0000000748200000| Untracked 
| 131|0x0000000748300000, 0x0000000748400000, 0x0000000748400000|100%|HC|  |TAMS 0x0000000748300000, 0x0000000748300000| Untracked 
| 132|0x0000000748400000, 0x0000000748500000, 0x0000000748500000|100%|HC|  |TAMS 0x0000000748400000, 0x0000000748400000| Untracked 
| 133|0x0000000748500000, 0x0000000748600000, 0x0000000748600000|100%|HC|  |TAMS 0x0000000748500000, 0x0000000748500000| Untracked 
| 134|0x0000000748600000, 0x0000000748700000, 0x0000000748700000|100%|HC|  |TAMS 0x0000000748600000, 0x0000000748600000| Untracked 
| 135|0x0000000748700000, 0x0000000748800000, 0x0000000748800000|100%|HC|  |TAMS 0x0000000748700000, 0x0000000748700000| Untracked 
| 136|0x0000000748800000, 0x0000000748900000, 0x0000000748900000|100%|HC|  |TAMS 0x0000000748800000, 0x0000000748800000| Untracked 
| 137|0x0000000748900000, 0x0000000748a00000, 0x0000000748a00000|100%|HC|  |TAMS 0x0000000748900000, 0x0000000748900000| Untracked 
| 138|0x0000000748a00000, 0x0000000748a00000, 0x0000000748b00000|  0%| F|  |TAMS 0x0000000748a00000, 0x0000000748a00000| Untracked 
| 139|0x0000000748b00000, 0x0000000748b00000, 0x0000000748c00000|  0%| F|  |TAMS 0x0000000748b00000, 0x0000000748b00000| Untracked 
| 140|0x0000000748c00000, 0x0000000748c00000, 0x0000000748d00000|  0%| F|  |TAMS 0x0000000748c00000, 0x0000000748c00000| Untracked 
| 141|0x0000000748d00000, 0x0000000748d00000, 0x0000000748e00000|  0%| F|  |TAMS 0x0000000748d00000, 0x0000000748d00000| Untracked 
| 142|0x0000000748e00000, 0x0000000748e00000, 0x0000000748f00000|  0%| F|  |TAMS 0x0000000748e00000, 0x0000000748e00000| Untracked 
| 143|0x0000000748f00000, 0x0000000748f00000, 0x0000000749000000|  0%| F|  |TAMS 0x0000000748f00000, 0x0000000748f00000| Untracked 
| 144|0x0000000749000000, 0x0000000749000000, 0x0000000749100000|  0%| F|  |TAMS 0x0000000749000000, 0x0000000749000000| Untracked 
| 145|0x0000000749100000, 0x0000000749100000, 0x0000000749200000|  0%| F|  |TAMS 0x0000000749100000, 0x0000000749100000| Untracked 
| 146|0x0000000749200000, 0x0000000749200000, 0x0000000749300000|  0%| F|  |TAMS 0x0000000749200000, 0x0000000749200000| Untracked 
| 147|0x0000000749300000, 0x0000000749300000, 0x0000000749400000|  0%| F|  |TAMS 0x0000000749300000, 0x0000000749300000| Untracked 
| 148|0x0000000749400000, 0x0000000749400000, 0x0000000749500000|  0%| F|  |TAMS 0x0000000749400000, 0x0000000749400000| Untracked 
| 149|0x0000000749500000, 0x0000000749500000, 0x0000000749600000|  0%| F|  |TAMS 0x0000000749500000, 0x0000000749500000| Untracked 
| 150|0x0000000749600000, 0x0000000749600000, 0x0000000749700000|  0%| F|  |TAMS 0x0000000749600000, 0x0000000749600000| Untracked 
| 151|0x0000000749700000, 0x0000000749700000, 0x0000000749800000|  0%| F|  |TAMS 0x0000000749700000, 0x0000000749700000| Untracked 
| 152|0x0000000749800000, 0x0000000749800000, 0x0000000749900000|  0%| F|  |TAMS 0x0000000749800000, 0x0000000749800000| Untracked 
| 153|0x0000000749900000, 0x0000000749900000, 0x0000000749a00000|  0%| F|  |TAMS 0x0000000749900000, 0x0000000749900000| Untracked 
| 154|0x0000000749a00000, 0x0000000749a00000, 0x0000000749b00000|  0%| F|  |TAMS 0x0000000749a00000, 0x0000000749a00000| Untracked 
| 155|0x0000000749b00000, 0x0000000749b00000, 0x0000000749c00000|  0%| F|  |TAMS 0x0000000749b00000, 0x0000000749b00000| Untracked 
| 156|0x0000000749c00000, 0x0000000749c00000, 0x0000000749d00000|  0%| F|  |TAMS 0x0000000749c00000, 0x0000000749c00000| Untracked 
| 157|0x0000000749d00000, 0x0000000749d00000, 0x0000000749e00000|  0%| F|  |TAMS 0x0000000749d00000, 0x0000000749d00000| Untracked 
| 158|0x0000000749e00000, 0x0000000749e00000, 0x0000000749f00000|  0%| F|  |TAMS 0x0000000749e00000, 0x0000000749e00000| Untracked 
| 159|0x0000000749f00000, 0x0000000749f00000, 0x000000074a000000|  0%| F|  |TAMS 0x0000000749f00000, 0x0000000749f00000| Untracked 
| 160|0x000000074a000000, 0x000000074a000000, 0x000000074a100000|  0%| F|  |TAMS 0x000000074a000000, 0x000000074a000000| Untracked 
| 161|0x000000074a100000, 0x000000074a100000, 0x000000074a200000|  0%| F|  |TAMS 0x000000074a100000, 0x000000074a100000| Untracked 
| 162|0x000000074a200000, 0x000000074a200000, 0x000000074a300000|  0%| F|  |TAMS 0x000000074a200000, 0x000000074a200000| Untracked 
| 163|0x000000074a300000, 0x000000074a300000, 0x000000074a400000|  0%| F|  |TAMS 0x000000074a300000, 0x000000074a300000| Untracked 
| 164|0x000000074a400000, 0x000000074a400000, 0x000000074a500000|  0%| F|  |TAMS 0x000000074a400000, 0x000000074a400000| Untracked 
| 165|0x000000074a500000, 0x000000074a500000, 0x000000074a600000|  0%| F|  |TAMS 0x000000074a500000, 0x000000074a500000| Untracked 
| 166|0x000000074a600000, 0x000000074a600000, 0x000000074a700000|  0%| F|  |TAMS 0x000000074a600000, 0x000000074a600000| Untracked 
| 167|0x000000074a700000, 0x000000074a700000, 0x000000074a800000|  0%| F|  |TAMS 0x000000074a700000, 0x000000074a700000| Untracked 
| 168|0x000000074a800000, 0x000000074a800000, 0x000000074a900000|  0%| F|  |TAMS 0x000000074a800000, 0x000000074a800000| Untracked 
| 169|0x000000074a900000, 0x000000074a900000, 0x000000074aa00000|  0%| F|  |TAMS 0x000000074a900000, 0x000000074a900000| Untracked 
| 170|0x000000074aa00000, 0x000000074aa00000, 0x000000074ab00000|  0%| F|  |TAMS 0x000000074aa00000, 0x000000074aa00000| Untracked 
| 171|0x000000074ab00000, 0x000000074ab00000, 0x000000074ac00000|  0%| F|  |TAMS 0x000000074ab00000, 0x000000074ab00000| Untracked 
| 172|0x000000074ac00000, 0x000000074ac00000, 0x000000074ad00000|  0%| F|  |TAMS 0x000000074ac00000, 0x000000074ac00000| Untracked 
| 173|0x000000074ad00000, 0x000000074ad00000, 0x000000074ae00000|  0%| F|  |TAMS 0x000000074ad00000, 0x000000074ad00000| Untracked 
| 174|0x000000074ae00000, 0x000000074ae00000, 0x000000074af00000|  0%| F|  |TAMS 0x000000074ae00000, 0x000000074ae00000| Untracked 
| 175|0x000000074af00000, 0x000000074af00000, 0x000000074b000000|  0%| F|  |TAMS 0x000000074af00000, 0x000000074af00000| Untracked 
| 176|0x000000074b000000, 0x000000074b000000, 0x000000074b100000|  0%| F|  |TAMS 0x000000074b000000, 0x000000074b000000| Untracked 
| 177|0x000000074b100000, 0x000000074b100000, 0x000000074b200000|  0%| F|  |TAMS 0x000000074b100000, 0x000000074b100000| Untracked 
| 178|0x000000074b200000, 0x000000074b200000, 0x000000074b300000|  0%| F|  |TAMS 0x000000074b200000, 0x000000074b200000| Untracked 
| 179|0x000000074b300000, 0x000000074b300000, 0x000000074b400000|  0%| F|  |TAMS 0x000000074b300000, 0x000000074b300000| Untracked 
| 180|0x000000074b400000, 0x000000074b400000, 0x000000074b500000|  0%| F|  |TAMS 0x000000074b400000, 0x000000074b400000| Untracked 
| 181|0x000000074b500000, 0x000000074b500000, 0x000000074b600000|  0%| F|  |TAMS 0x000000074b500000, 0x000000074b500000| Untracked 
| 182|0x000000074b600000, 0x000000074b600000, 0x000000074b700000|  0%| F|  |TAMS 0x000000074b600000, 0x000000074b600000| Untracked 
| 183|0x000000074b700000, 0x000000074b700000, 0x000000074b800000|  0%| F|  |TAMS 0x000000074b700000, 0x000000074b700000| Untracked 
| 184|0x000000074b800000, 0x000000074b800000, 0x000000074b900000|  0%| F|  |TAMS 0x000000074b800000, 0x000000074b800000| Untracked 
| 185|0x000000074b900000, 0x000000074b900000, 0x000000074ba00000|  0%| F|  |TAMS 0x000000074b900000, 0x000000074b900000| Untracked 
| 186|0x000000074ba00000, 0x000000074ba00000, 0x000000074bb00000|  0%| F|  |TAMS 0x000000074ba00000, 0x000000074ba00000| Untracked 
| 187|0x000000074bb00000, 0x000000074bb00000, 0x000000074bc00000|  0%| F|  |TAMS 0x000000074bb00000, 0x000000074bb00000| Untracked 
| 188|0x000000074bc00000, 0x000000074bc00000, 0x000000074bd00000|  0%| F|  |TAMS 0x000000074bc00000, 0x000000074bc00000| Untracked 
| 189|0x000000074bd00000, 0x000000074bd00000, 0x000000074be00000|  0%| F|  |TAMS 0x000000074bd00000, 0x000000074bd00000| Untracked 
| 190|0x000000074be00000, 0x000000074be00000, 0x000000074bf00000|  0%| F|  |TAMS 0x000000074be00000, 0x000000074be00000| Untracked 
| 191|0x000000074bf00000, 0x000000074bf00000, 0x000000074c000000|  0%| F|  |TAMS 0x000000074bf00000, 0x000000074bf00000| Untracked 
| 192|0x000000074c000000, 0x000000074c000000, 0x000000074c100000|  0%| F|  |TAMS 0x000000074c000000, 0x000000074c000000| Untracked 
| 193|0x000000074c100000, 0x000000074c100000, 0x000000074c200000|  0%| F|  |TAMS 0x000000074c100000, 0x000000074c100000| Untracked 
| 194|0x000000074c200000, 0x000000074c200000, 0x000000074c300000|  0%| F|  |TAMS 0x000000074c200000, 0x000000074c200000| Untracked 
| 195|0x000000074c300000, 0x000000074c300000, 0x000000074c400000|  0%| F|  |TAMS 0x000000074c300000, 0x000000074c300000| Untracked 
| 196|0x000000074c400000, 0x000000074c400000, 0x000000074c500000|  0%| F|  |TAMS 0x000000074c400000, 0x000000074c400000| Untracked 
| 197|0x000000074c500000, 0x000000074c500000, 0x000000074c600000|  0%| F|  |TAMS 0x000000074c500000, 0x000000074c500000| Untracked 
| 198|0x000000074c600000, 0x000000074c600000, 0x000000074c700000|  0%| F|  |TAMS 0x000000074c600000, 0x000000074c600000| Untracked 
| 199|0x000000074c700000, 0x000000074c700000, 0x000000074c800000|  0%| F|  |TAMS 0x000000074c700000, 0x000000074c700000| Untracked 
| 200|0x000000074c800000, 0x000000074c800000, 0x000000074c900000|  0%| F|  |TAMS 0x000000074c800000, 0x000000074c800000| Untracked 
| 201|0x000000074c900000, 0x000000074c900000, 0x000000074ca00000|  0%| F|  |TAMS 0x000000074c900000, 0x000000074c900000| Untracked 
| 202|0x000000074ca00000, 0x000000074ca00000, 0x000000074cb00000|  0%| F|  |TAMS 0x000000074ca00000, 0x000000074ca00000| Untracked 
| 203|0x000000074cb00000, 0x000000074cb00000, 0x000000074cc00000|  0%| F|  |TAMS 0x000000074cb00000, 0x000000074cb00000| Untracked 
| 204|0x000000074cc00000, 0x000000074cc00000, 0x000000074cd00000|  0%| F|  |TAMS 0x000000074cc00000, 0x000000074cc00000| Untracked 
| 205|0x000000074cd00000, 0x000000074cd00000, 0x000000074ce00000|  0%| F|  |TAMS 0x000000074cd00000, 0x000000074cd00000| Untracked 
| 206|0x000000074ce00000, 0x000000074ce00000, 0x000000074cf00000|  0%| F|  |TAMS 0x000000074ce00000, 0x000000074ce00000| Untracked 
| 207|0x000000074cf00000, 0x000000074cf00000, 0x000000074d000000|  0%| F|  |TAMS 0x000000074cf00000, 0x000000074cf00000| Untracked 
| 208|0x000000074d000000, 0x000000074d000000, 0x000000074d100000|  0%| F|  |TAMS 0x000000074d000000, 0x000000074d000000| Untracked 
| 209|0x000000074d100000, 0x000000074d100000, 0x000000074d200000|  0%| F|  |TAMS 0x000000074d100000, 0x000000074d100000| Untracked 
| 210|0x000000074d200000, 0x000000074d200000, 0x000000074d300000|  0%| F|  |TAMS 0x000000074d200000, 0x000000074d200000| Untracked 
| 211|0x000000074d300000, 0x000000074d300000, 0x000000074d400000|  0%| F|  |TAMS 0x000000074d300000, 0x000000074d300000| Untracked 
| 212|0x000000074d400000, 0x000000074d400000, 0x000000074d500000|  0%| F|  |TAMS 0x000000074d400000, 0x000000074d400000| Untracked 
| 213|0x000000074d500000, 0x000000074d500000, 0x000000074d600000|  0%| F|  |TAMS 0x000000074d500000, 0x000000074d500000| Untracked 
| 214|0x000000074d600000, 0x000000074d600000, 0x000000074d700000|  0%| F|  |TAMS 0x000000074d600000, 0x000000074d600000| Untracked 
| 215|0x000000074d700000, 0x000000074d700000, 0x000000074d800000|  0%| F|  |TAMS 0x000000074d700000, 0x000000074d700000| Untracked 
| 216|0x000000074d800000, 0x000000074d800000, 0x000000074d900000|  0%| F|  |TAMS 0x000000074d800000, 0x000000074d800000| Untracked 
| 217|0x000000074d900000, 0x000000074d900000, 0x000000074da00000|  0%| F|  |TAMS 0x000000074d900000, 0x000000074d900000| Untracked 
| 218|0x000000074da00000, 0x000000074da00000, 0x000000074db00000|  0%| F|  |TAMS 0x000000074da00000, 0x000000074da00000| Untracked 
| 219|0x000000074db00000, 0x000000074db00000, 0x000000074dc00000|  0%| F|  |TAMS 0x000000074db00000, 0x000000074db00000| Untracked 
| 220|0x000000074dc00000, 0x000000074dc00000, 0x000000074dd00000|  0%| F|  |TAMS 0x000000074dc00000, 0x000000074dc00000| Untracked 
| 221|0x000000074dd00000, 0x000000074dd00000, 0x000000074de00000|  0%| F|  |TAMS 0x000000074dd00000, 0x000000074dd00000| Untracked 
| 222|0x000000074de00000, 0x000000074de00000, 0x000000074df00000|  0%| F|  |TAMS 0x000000074de00000, 0x000000074de00000| Untracked 
| 223|0x000000074df00000, 0x000000074df00000, 0x000000074e000000|  0%| F|  |TAMS 0x000000074df00000, 0x000000074df00000| Untracked 
| 224|0x000000074e000000, 0x000000074e000000, 0x000000074e100000|  0%| F|  |TAMS 0x000000074e000000, 0x000000074e000000| Untracked 
| 225|0x000000074e100000, 0x000000074e100000, 0x000000074e200000|  0%| F|  |TAMS 0x000000074e100000, 0x000000074e100000| Untracked 
| 226|0x000000074e200000, 0x000000074e200000, 0x000000074e300000|  0%| F|  |TAMS 0x000000074e200000, 0x000000074e200000| Untracked 
| 227|0x000000074e300000, 0x000000074e300000, 0x000000074e400000|  0%| F|  |TAMS 0x000000074e300000, 0x000000074e300000| Untracked 
| 228|0x000000074e400000, 0x000000074e400000, 0x000000074e500000|  0%| F|  |TAMS 0x000000074e400000, 0x000000074e400000| Untracked 
| 229|0x000000074e500000, 0x000000074e500000, 0x000000074e600000|  0%| F|  |TAMS 0x000000074e500000, 0x000000074e500000| Untracked 
| 230|0x000000074e600000, 0x000000074e600000, 0x000000074e700000|  0%| F|  |TAMS 0x000000074e600000, 0x000000074e600000| Untracked 
| 231|0x000000074e700000, 0x000000074e700000, 0x000000074e800000|  0%| F|  |TAMS 0x000000074e700000, 0x000000074e700000| Untracked 
| 232|0x000000074e800000, 0x000000074e800000, 0x000000074e900000|  0%| F|  |TAMS 0x000000074e800000, 0x000000074e800000| Untracked 
| 233|0x000000074e900000, 0x000000074e900000, 0x000000074ea00000|  0%| F|  |TAMS 0x000000074e900000, 0x000000074e900000| Untracked 
| 234|0x000000074ea00000, 0x000000074ea00000, 0x000000074eb00000|  0%| F|  |TAMS 0x000000074ea00000, 0x000000074ea00000| Untracked 
| 235|0x000000074eb00000, 0x000000074eb00000, 0x000000074ec00000|  0%| F|  |TAMS 0x000000074eb00000, 0x000000074eb00000| Untracked 
| 236|0x000000074ec00000, 0x000000074ec00000, 0x000000074ed00000|  0%| F|  |TAMS 0x000000074ec00000, 0x000000074ec00000| Untracked 
| 237|0x000000074ed00000, 0x000000074ed00000, 0x000000074ee00000|  0%| F|  |TAMS 0x000000074ed00000, 0x000000074ed00000| Untracked 
| 238|0x000000074ee00000, 0x000000074ee00000, 0x000000074ef00000|  0%| F|  |TAMS 0x000000074ee00000, 0x000000074ee00000| Untracked 
| 239|0x000000074ef00000, 0x000000074ef0a760, 0x000000074f000000|  4%| E|  |TAMS 0x000000074ef00000, 0x000000074ef00000| Complete 
| 240|0x000000074f000000, 0x000000074f100000, 0x000000074f100000|100%| E|CS|TAMS 0x000000074f000000, 0x000000074f000000| Complete 
| 241|0x000000074f100000, 0x000000074f200000, 0x000000074f200000|100%| E|CS|TAMS 0x000000074f100000, 0x000000074f100000| Complete 
| 242|0x000000074f200000, 0x000000074f300000, 0x000000074f300000|100%| E|CS|TAMS 0x000000074f200000, 0x000000074f200000| Complete 
| 243|0x000000074f300000, 0x000000074f400000, 0x000000074f400000|100%| E|CS|TAMS 0x000000074f300000, 0x000000074f300000| Complete 
| 244|0x000000074f400000, 0x000000074f500000, 0x000000074f500000|100%| E|CS|TAMS 0x000000074f400000, 0x000000074f400000| Complete 
| 245|0x000000074f500000, 0x000000074f600000, 0x000000074f600000|100%| E|CS|TAMS 0x000000074f500000, 0x000000074f500000| Complete 
| 246|0x000000074f600000, 0x000000074f700000, 0x000000074f700000|100%| E|CS|TAMS 0x000000074f600000, 0x000000074f600000| Complete 
| 247|0x000000074f700000, 0x000000074f800000, 0x000000074f800000|100%| E|CS|TAMS 0x000000074f700000, 0x000000074f700000| Complete 
| 248|0x000000074f800000, 0x000000074f900000, 0x000000074f900000|100%| E|CS|TAMS 0x000000074f800000, 0x000000074f800000| Complete 
| 249|0x000000074f900000, 0x000000074fa00000, 0x000000074fa00000|100%| E|CS|TAMS 0x000000074f900000, 0x000000074f900000| Complete 
| 250|0x000000074fa00000, 0x000000074fb00000, 0x000000074fb00000|100%| E|CS|TAMS 0x000000074fa00000, 0x000000074fa00000| Complete 
| 251|0x000000074fb00000, 0x000000074fc00000, 0x000000074fc00000|100%| E|CS|TAMS 0x000000074fb00000, 0x000000074fb00000| Complete 
| 252|0x000000074fc00000, 0x000000074fd00000, 0x000000074fd00000|100%| E|CS|TAMS 0x000000074fc00000, 0x000000074fc00000| Complete 
| 253|0x000000074fd00000, 0x000000074fe00000, 0x000000074fe00000|100%| E|CS|TAMS 0x000000074fd00000, 0x000000074fd00000| Complete 
| 254|0x000000074fe00000, 0x000000074ff00000, 0x000000074ff00000|100%| E|CS|TAMS 0x000000074fe00000, 0x000000074fe00000| Complete 
| 255|0x000000074ff00000, 0x0000000750000000, 0x0000000750000000|100%| E|CS|TAMS 0x000000074ff00000, 0x000000074ff00000| Complete 
| 256|0x0000000750000000, 0x0000000750100000, 0x0000000750100000|100%| E|CS|TAMS 0x0000000750000000, 0x0000000750000000| Complete 
| 257|0x0000000750100000, 0x0000000750200000, 0x0000000750200000|100%| E|CS|TAMS 0x0000000750100000, 0x0000000750100000| Complete 
| 258|0x0000000750200000, 0x0000000750300000, 0x0000000750300000|100%| E|CS|TAMS 0x0000000750200000, 0x0000000750200000| Complete 
| 259|0x0000000750300000, 0x0000000750400000, 0x0000000750400000|100%| E|CS|TAMS 0x0000000750300000, 0x0000000750300000| Complete 
| 260|0x0000000750400000, 0x0000000750500000, 0x0000000750500000|100%| E|CS|TAMS 0x0000000750400000, 0x0000000750400000| Complete 
| 261|0x0000000750500000, 0x0000000750600000, 0x0000000750600000|100%| E|CS|TAMS 0x0000000750500000, 0x0000000750500000| Complete 
| 262|0x0000000750600000, 0x0000000750700000, 0x0000000750700000|100%| E|CS|TAMS 0x0000000750600000, 0x0000000750600000| Complete 

Card table byte_map: [0x000001dd607f0000,0x000001dd60df0000] _byte_map_base: 0x000001dd5cdf0000

Marking Bits (Prev, Next): (CMBitMap*) 0x000001dd737199f0, (CMBitMap*) 0x000001dd737199b8
 Prev Bits: [0x000001dd643f0000, 0x000001dd673f0000)
 Next Bits: [0x000001dd613f0000, 0x000001dd643f0000)

Polling page: 0x000001dd4e1f0000

Metaspace:

Usage:
  Non-class:     82.96 MB capacity,    81.53 MB ( 98%) used,     1.07 MB (  1%) free+waste,   358.38 KB ( <1%) overhead. 
      Class:     14.03 MB capacity,    12.82 MB ( 91%) used,     1.04 MB (  7%) free+waste,   173.88 KB (  1%) overhead. 
       Both:     96.99 MB capacity,    94.36 MB ( 97%) used,     2.11 MB (  2%) free+waste,   532.25 KB ( <1%) overhead. 

Virtual space:
  Non-class space:       84.00 MB reserved,      83.01 MB ( 99%) committed 
      Class space:        1.00 GB reserved,      14.13 MB (  1%) committed 
             Both:        1.08 GB reserved,      97.13 MB (  9%) committed 

Chunk freelists:
   Non-Class:  6.50 KB
       Class:  0 bytes
        Both:  6.50 KB

CodeHeap 'non-profiled nmethods': size=119168Kb used=21408Kb max_used=21408Kb free=97759Kb
 bounds [0x000001dd07ba0000, 0x000001dd09090000, 0x000001dd0f000000]
CodeHeap 'profiled nmethods': size=119168Kb used=47242Kb max_used=48238Kb free=71925Kb
 bounds [0x000001dd00740000, 0x000001dd03690000, 0x000001dd07ba0000]
CodeHeap 'non-nmethods': size=7424Kb used=1686Kb max_used=3413Kb free=5737Kb
 bounds [0x000001dd00000000, 0x000001dd003c0000, 0x000001dd00740000]
 total_blobs=32061 nmethods=18414 adapters=1159
 compilation: enabled
              stopped_count=0, restarted_count=0
 full_count=0

Compilation events (10 events):
Event: 414.065 Thread 0x000001dd75807000 nmethod 22188 0x000001dd09084e90 code [0x000001dd09085040, 0x000001dd09085158]
Event: 414.068 Thread 0x000001dd75831000 nmethod 22189 0x000001dd09085210 code [0x000001dd090853c0, 0x000001dd090855c8]
Event: 414.325 Thread 0x000001dd75807000 22192       3       com.jidesoft.editor.selection.DefaultSelectionModel::fireSelectionChangeEvent (98 bytes)
Event: 414.325 Thread 0x000001dd75831000 22190 %     4       com.jidesoft.editor.CodeEditor$r_::a @ 164 (408 bytes)
Event: 414.326 Thread 0x000001dd75807000 nmethod 22192 0x000001dd01934a10 code [0x000001dd01934c40, 0x000001dd019355c0]
Event: 414.326 Thread 0x000001dd75807000 22191  s    3       com.jidesoft.editor.selection.DefaultSelectionModel::setSelection (133 bytes)
Event: 414.326 Thread 0x000001dd75807000 nmethod 22191 0x000001dd01a7f810 code [0x000001dd01a7fa40, 0x000001dd01a80790]
Event: 414.326 Thread 0x000001dd75807000 22193       3       com.jidesoft.editor.selection.SelectionEvent::<init> (28 bytes)
Event: 414.326 Thread 0x000001dd75807000 nmethod 22193 0x000001dd01824110 code [0x000001dd018242e0, 0x000001dd01824690]
Event: 414.356 Thread 0x000001dd75831000 nmethod 22190% 0x000001dd09085710 code [0x000001dd09085b20, 0x000001dd09087be8]

GC Heap History (10 events):
Event: 408.027 GC heap before
{Heap before GC invocations=242 (full 114):
 garbage-first heap   total 269312K, used 107971K [0x0000000740000000, 0x0000000800000000)
  region size 1024K, 3 young (3072K), 0 survivors (0K)
 Metaspace       used 96607K, capacity 99317K, committed 99464K, reserved 1134592K
  class space    used 13130K, capacity 14369K, committed 14464K, reserved 1048576K
}
Event: 408.075 GC heap after
{Heap after GC invocations=243 (full 115):
 garbage-first heap   total 269312K, used 99770K [0x0000000740000000, 0x0000000800000000)
  region size 1024K, 0 young (0K), 0 survivors (0K)
 Metaspace       used 96607K, capacity 99317K, committed 99464K, reserved 1134592K
  class space    used 13130K, capacity 14369K, committed 14464K, reserved 1048576K
}
Event: 408.321 GC heap before
{Heap before GC invocations=243 (full 115):
 garbage-first heap   total 269312K, used 107962K [0x0000000740000000, 0x0000000800000000)
  region size 1024K, 3 young (3072K), 0 survivors (0K)
 Metaspace       used 96609K, capacity 99317K, committed 99464K, reserved 1134592K
  class space    used 13130K, capacity 14369K, committed 14464K, reserved 1048576K
}
Event: 408.372 GC heap after
{Heap after GC invocations=244 (full 116):
 garbage-first heap   total 269312K, used 99783K [0x0000000740000000, 0x0000000800000000)
  region size 1024K, 0 young (0K), 0 survivors (0K)
 Metaspace       used 96609K, capacity 99317K, committed 99464K, reserved 1134592K
  class space    used 13130K, capacity 14369K, committed 14464K, reserved 1048576K
}
Event: 408.738 GC heap before
{Heap before GC invocations=244 (full 116):
 garbage-first heap   total 269312K, used 101831K [0x0000000740000000, 0x0000000800000000)
  region size 1024K, 3 young (3072K), 0 survivors (0K)
 Metaspace       used 96609K, capacity 99317K, committed 99464K, reserved 1134592K
  class space    used 13130K, capacity 14369K, committed 14464K, reserved 1048576K
}
Event: 408.790 GC heap after
{Heap after GC invocations=245 (full 117):
 garbage-first heap   total 269312K, used 99763K [0x0000000740000000, 0x0000000800000000)
  region size 1024K, 0 young (0K), 0 survivors (0K)
 Metaspace       used 96609K, capacity 99317K, committed 99464K, reserved 1134592K
  class space    used 13130K, capacity 14369K, committed 14464K, reserved 1048576K
}
Event: 409.034 GC heap before
{Heap before GC invocations=245 (full 117):
 garbage-first heap   total 269312K, used 100787K [0x0000000740000000, 0x0000000800000000)
  region size 1024K, 2 young (2048K), 0 survivors (0K)
 Metaspace       used 96619K, capacity 99317K, committed 99464K, reserved 1134592K
  class space    used 13130K, capacity 14369K, committed 14464K, reserved 1048576K
}
Event: 409.088 GC heap after
{Heap after GC invocations=246 (full 118):
 garbage-first heap   total 269312K, used 99771K [0x0000000740000000, 0x0000000800000000)
  region size 1024K, 0 young (0K), 0 survivors (0K)
 Metaspace       used 96619K, capacity 99317K, committed 99464K, reserved 1134592K
  class space    used 13130K, capacity 14369K, committed 14464K, reserved 1048576K
}
Event: 412.471 GC heap before
{Heap before GC invocations=246 (full 118):
 garbage-first heap   total 269312K, used 126395K [0x0000000740000000, 0x0000000800000000)
  region size 1024K, 15 young (15360K), 0 survivors (0K)
 Metaspace       used 96619K, capacity 99317K, committed 99464K, reserved 1134592K
  class space    used 13130K, capacity 14369K, committed 14464K, reserved 1048576K
}
Event: 412.543 GC heap after
{Heap after GC invocations=247 (full 119):
 garbage-first heap   total 269312K, used 99790K [0x0000000740000000, 0x0000000800000000)
  region size 1024K, 0 young (0K), 0 survivors (0K)
 Metaspace       used 96619K, capacity 99317K, committed 99464K, reserved 1134592K
  class space    used 13130K, capacity 14369K, committed 14464K, reserved 1048576K
}

Deoptimization events (10 events):
Event: 379.401 Thread 0x000001dd568cc800 Uncommon trap: reason=profile_predicate action=maybe_recompile pc=0x000001dd07e42434 method=java.util.TreeMap.getEntryUsingComparator(Ljava/lang/Object;)Ljava/util/TreeMap$Entry; @ 19 c2
Event: 382.205 Thread 0x000001dd568cc800 Uncommon trap: reason=unstable_if action=reinterpret pc=0x000001dd08506294 method=javax.swing.RepaintManager.addDirtyRegion0(Ljava/awt/Container;IIII)V @ 26 c2
Event: 382.462 Thread 0x000001dd568cc800 Uncommon trap: reason=profile_predicate action=maybe_recompile pc=0x000001dd09017dc4 method=com.jidesoft.plaf.basic.BasicJideTabbedPaneUI$TabbedPaneScrollLayout.calculateTabRects(II)V @ 426 c2
Event: 382.462 Thread 0x000001dd568cc800 Uncommon trap: reason=profile_predicate action=maybe_recompile pc=0x000001dd09017dc4 method=com.jidesoft.plaf.basic.BasicJideTabbedPaneUI$TabbedPaneScrollLayout.calculateTabRects(II)V @ 426 c2
Event: 382.462 Thread 0x000001dd568cc800 Uncommon trap: reason=profile_predicate action=maybe_recompile pc=0x000001dd09017dc4 method=com.jidesoft.plaf.basic.BasicJideTabbedPaneUI$TabbedPaneScrollLayout.calculateTabRects(II)V @ 426 c2
Event: 382.462 Thread 0x000001dd568cc800 Uncommon trap: reason=profile_predicate action=maybe_recompile pc=0x000001dd09017dc4 method=com.jidesoft.plaf.basic.BasicJideTabbedPaneUI$TabbedPaneScrollLayout.calculateTabRects(II)V @ 426 c2
Event: 388.538 Thread 0x000001dd568cc800 Uncommon trap: reason=class_check action=maybe_recompile pc=0x000001dd0871dc80 method=com.jidesoft.docking.DefaultDockingManager.handleEvent(Ljava/awt/AWTEvent;)Z @ 2252 c2
Event: 392.823 Thread 0x000001dd568cc800 Uncommon trap: reason=range_check action=make_not_entrant pc=0x000001dd08fc78c8 method=ui.utils.lnf.HSyntheticaJideTabbedPaneUI$HTabSpaceAllocator.a([Lui/utils/lnf/HSyntheticaJideTabbedPaneUI$AbstractTab;II)V @ 6 c2
Event: 392.823 Thread 0x000001dd568cc800 Uncommon trap: reason=class_check action=maybe_recompile pc=0x000001dd0870dc8c method=java.util.HashMap.removeNode(ILjava/lang/Object;Ljava/lang/Object;ZZ)Ljava/util/HashMap$Node; @ 143 c2
Event: 394.679 Thread 0x000001dd568cc800 Uncommon trap: reason=bimorphic_or_optimized_type_check action=maybe_recompile pc=0x000001dd08fac438 method=java.awt.LightweightDispatcher.eventDispatched(Ljava/awt/AWTEvent;)V @ 70 c2

Classes redefined (0 events):
No events

Internal exceptions (10 events):
Event: 293.338 Thread 0x000001dd568cc800 Exception <a 'java/lang/NoSuchMethodError'{0x000000074fb7aa80}: java.lang.invoke.DirectMethodHandle$Holder.invokeSpecial(Ljava/lang/Object;Ljava/lang/Object;Ljava/lang/Object;IILjava/lang/Object;Ljava/lang/Object;Ljava/lang/Object;Ljava/lang/Object;Ljava/
Event: 293.338 Thread 0x000001dd568cc800 Exception <a 'java/lang/NoSuchMethodError'{0x000000074fb7edd8}: java.lang.invoke.DelegatingMethodHandle$Holder.reinvoke_L(Ljava/lang/Object;Ljava/lang/Object;IILjava/lang/Object;Ljava/lang/Object;Ljava/lang/Object;Ljava/lang/Object;Ljava/lang/Object;Ljava
Event: 293.339 Thread 0x000001dd568cc800 Exception <a 'java/lang/NoSuchMethodError'{0x000000074fbe4148}: java.lang.invoke.DirectMethodHandle$Holder.invokeSpecial(Ljava/lang/Object;Ljava/lang/Object;IILjava/lang/Object;Ljava/lang/Object;Ljava/lang/Object;Ljava/lang/Object;Ljava/lang/Object;Ljava/
Event: 293.339 Thread 0x000001dd568cc800 Exception <a 'java/lang/NoSuchMethodError'{0x000000074fbe8268}: java.lang.invoke.DelegatingMethodHandle$Holder.reinvoke_L(Ljava/lang/Object;IILjava/lang/Object;Ljava/lang/Object;Ljava/lang/Object;Ljava/lang/Object;Ljava/lang/Object;Ljava/lang/Object;Ljava
Event: 293.340 Thread 0x000001dd568cc800 Exception <a 'java/lang/NoSuchMethodError'{0x000000074fa2f808}: java.lang.invoke.DirectMethodHandle$Holder.invokeSpecial(Ljava/lang/Object;Ljava/lang/Object;Ljava/lang/Object;Ljava/lang/Object;Ljava/lang/Object;Ljava/lang/Object;Ljava/lang/Object;Ljava/la
Event: 293.340 Thread 0x000001dd568cc800 Exception <a 'java/lang/NoSuchMethodError'{0x000000074fa377d0}: java.lang.invoke.Invokers$Holder.linkToTargetMethod(Ljava/lang/Object;Ljava/lang/Object;Ljava/lang/Object;Ljava/lang/Object;Ljava/lang/Object;Ljava/lang/Object;Ljava/lang/Object;Ljava/lang/Ob
Event: 293.341 Thread 0x000001dd568cc800 Exception <a 'java/lang/NoSuchMethodError'{0x000000074faa6038}: java.lang.invoke.DirectMethodHandle$Holder.invokeSpecial(Ljava/lang/Object;Ljava/lang/Object;IILjava/lang/Object;IILjava/lang/Object;Ljava/lang/Object;)Ljava/lang/Object;> (0x000000074faa6038
Event: 293.341 Thread 0x000001dd568cc800 Exception <a 'java/lang/NoSuchMethodError'{0x000000074faa9990}: java.lang.invoke.DelegatingMethodHandle$Holder.reinvoke_L(Ljava/lang/Object;IILjava/lang/Object;IILjava/lang/Object;Ljava/lang/Object;)Ljava/lang/Object;> (0x000000074faa9990) thrown at [t:/w
Event: 293.342 Thread 0x000001dd568cc800 Exception <a 'java/lang/NoSuchMethodError'{0x000000074faf4db0}: java.lang.invoke.DirectMethodHandle$Holder.invokeSpecial(Ljava/lang/Object;Ljava/lang/Object;Ljava/lang/Object;IILjava/lang/Object;Ljava/lang/Object;)Ljava/lang/Object;> (0x000000074faf4db0) 
Event: 293.342 Thread 0x000001dd568cc800 Exception <a 'java/lang/NoSuchMethodError'{0x000000074fafbd68}: java.lang.invoke.Invokers$Holder.linkToTargetMethod(Ljava/lang/Object;IILjava/lang/Object;Ljava/lang/Object;Ljava/lang/Object;)Ljava/lang/Object;> (0x000000074fafbd68) thrown at [t:/workspace

Events (10 events):
Event: 413.017 Thread 0x000001dd15d61000 Thread exited: 0x000001dd15d61000
Event: 413.017 Executing VM operation: RevokeBias
Event: 413.018 Executing VM operation: RevokeBias done
Event: 413.129 Thread 0x000001dd15d61000 Thread added: 0x000001dd15d61000
Event: 413.135 Thread 0x000001dd15d61000 Thread exited: 0x000001dd15d61000
Event: 414.066 Thread 0x000001dd15d61000 Thread added: 0x000001dd15d61000
Event: 414.069 Executing VM operation: RevokeBias
Event: 414.072 Executing VM operation: RevokeBias done
Event: 414.129 Thread 0x000001dd15d68800 Thread added: 0x000001dd15d68800
Event: 414.131 Thread 0x000001dd15d68800 Thread exited: 0x000001dd15d68800


Dynamic libraries:
0x00007ff7a8980000 - 0x00007ff7a89af000 	C:\Xilinx\Vivado\2020.2\bin\unwrapped\win64.o\vivado.exe
0x00007ffa656a0000 - 0x00007ffa65906000 	C:\WINDOWS\SYSTEM32\ntdll.dll
0x00007ffa644e0000 - 0x00007ffa645a9000 	C:\WINDOWS\System32\KERNEL32.DLL
0x00007ffa62a90000 - 0x00007ffa62e5c000 	C:\WINDOWS\System32\KERNELBASE.dll
0x00007ffa63310000 - 0x00007ffa6345b000 	C:\WINDOWS\System32\ucrtbase.dll
0x00007ffa34fa0000 - 0x00007ffa35039000 	C:\WINDOWS\SYSTEM32\MSVCP140.dll
0x00007ffa3a410000 - 0x00007ffa3a428000 	C:\Xilinx\Vivado\2020.2\lib\win64.o\librdi_commonmain.dll
0x00007ffa3a430000 - 0x00007ffa3a443000 	C:\Xilinx\Vivado\2020.2\lib\win64.o\libboost_signals.dll
0x00007ffa3b420000 - 0x00007ffa3b436000 	C:\WINDOWS\SYSTEM32\VCRUNTIME140.dll
0x00007ff9dac40000 - 0x00007ff9dbdb7000 	C:\Xilinx\Vivado\2020.2\lib\win64.o\librdi_common.dll
0x00007ffa65320000 - 0x00007ffa654ea000 	C:\WINDOWS\System32\USER32.dll
0x00007ffa344f0000 - 0x00007ffa344f9000 	C:\Xilinx\Vivado\2020.2\lib\win64.o\librdi_commonversion.dll
0x00007ffa62830000 - 0x00007ffa62857000 	C:\WINDOWS\System32\win32u.dll
0x00007ffa3a3e0000 - 0x00007ffa3a402000 	C:\Xilinx\Vivado\2020.2\lib\win64.o\libboost_filesystem.dll
0x00007ffa64220000 - 0x00007ffa6424b000 	C:\WINDOWS\System32\GDI32.dll
0x00007ffa62f00000 - 0x00007ffa63032000 	C:\WINDOWS\System32\gdi32full.dll
0x00007ffa63960000 - 0x00007ffa63a12000 	C:\WINDOWS\System32\ADVAPI32.dll
0x00007ffa62860000 - 0x00007ffa62903000 	C:\WINDOWS\System32\msvcp_win.dll
0x00007ffa64350000 - 0x00007ffa643f9000 	C:\WINDOWS\System32\msvcrt.dll
0x00007ff9daaa0000 - 0x00007ff9dac39000 	C:\Xilinx\Vivado\2020.2\lib\win64.o\librdi_commonxillic.dll
0x00007ffa63a20000 - 0x00007ffa63ac6000 	C:\WINDOWS\System32\sechost.dll
0x00007ffa634d0000 - 0x00007ffa63544000 	C:\WINDOWS\System32\WS2_32.dll
0x00007ffa63ad0000 - 0x00007ffa641fd000 	C:\WINDOWS\System32\SHELL32.dll
0x00007ffa65170000 - 0x00007ffa65286000 	C:\WINDOWS\System32\RPCRT4.dll
0x00007ffa63190000 - 0x00007ffa63304000 	C:\WINDOWS\System32\wintypes.dll
0x00007ffa63560000 - 0x00007ffa638e4000 	C:\WINDOWS\System32\combase.dll
0x0000000052460000 - 0x000000005258b000 	C:\Xilinx\Vivado\2020.2\lib\win64.o\tcl85t.dll
0x00007ff9d9530000 - 0x00007ff9d989e000 	C:\Xilinx\Vivado\2020.2\lib\win64.o\libCOIN-all.dll
0x00007ffa2d090000 - 0x00007ffa2d0a0000 	C:\Xilinx\Vivado\2020.2\lib\win64.o\libboost_date_time.dll
0x00007ff9d94b0000 - 0x00007ff9d9523000 	C:\Xilinx\Vivado\2020.2\lib\win64.o\libboost_program_options.dll
0x00007ff9da6a0000 - 0x00007ff9da7b1000 	C:\Xilinx\Vivado\2020.2\lib\win64.o\libboost_regex.dll
0x00007ffa33fe0000 - 0x00007ffa33fe9000 	C:\Xilinx\Vivado\2020.2\lib\win64.o\libboost_system.dll
0x00007ff9d9490000 - 0x00007ff9d94ae000 	C:\Xilinx\Vivado\2020.2\lib\win64.o\libboost_thread.dll
0x00007ff9d9400000 - 0x00007ff9d9482000 	C:\Xilinx\Vivado\2020.2\lib\win64.o\libhdlpsolve.dll
0x00007ffa2cf10000 - 0x00007ffa2cf1c000 	C:\Xilinx\Vivado\2020.2\lib\win64.o\libboost_xilinx.dll
0x00007ff9d9350000 - 0x00007ff9d93f5000 	C:\Xilinx\Vivado\2020.2\lib\win64.o\libhdxml.dll
0x00007ff9d9320000 - 0x00007ff9d9348000 	C:\Xilinx\Vivado\2020.2\lib\win64.o\libisl_sysinfo.dll
0x00007ff9d98a0000 - 0x00007ff9da692600 	C:\Xilinx\Vivado\2020.2\lib\win64.o\libisl_iostreams.dll
0x00007ff9d9290000 - 0x00007ff9d92aa000 	C:\Xilinx\Vivado\2020.2\lib\win64.o\pthreadVC2.dll
0x00007ff9d92b0000 - 0x00007ff9d9315000 	C:\Xilinx\Vivado\2020.2\lib\win64.o\liblmx6.0.dll
0x00007ff9d9270000 - 0x00007ff9d928c000 	C:\Xilinx\Vivado\2020.2\lib\win64.o\librdiconfig.dll
0x00007ffa63460000 - 0x00007ffa634c9000 	C:\WINDOWS\System32\SHLWAPI.dll
0x00007ff9d9240000 - 0x00007ff9d9261000 	C:\Xilinx\Vivado\2020.2\lib\win64.o\librdizlib.dll
0x0000000012000000 - 0x0000000012270000 	C:\Xilinx\Vivado\2020.2\lib\win64.o\xerces-c_3_1.dll
0x00007ff9da7c0000 - 0x00007ff9daa9b000 	C:\Xilinx\Vivado\2020.2\lib\win64.o\libXil_lmgr11.dll
0x00007ffa64660000 - 0x00007ffa64754000 	C:\WINDOWS\System32\COMDLG32.dll
0x00007ffa64bf0000 - 0x00007ffa64cdf000 	C:\WINDOWS\System32\shcore.dll
0x00007ffa433e0000 - 0x00007ffa433fa000 	C:\WINDOWS\SYSTEM32\NETAPI32.dll
0x00007ffa4efb0000 - 0x00007ffa4f233000 	C:\WINDOWS\SYSTEM32\WININET.dll
0x00007ffa4d090000 - 0x00007ffa4d26c000 	C:\WINDOWS\SYSTEM32\urlmon.dll
0x00007ffa64cf0000 - 0x00007ffa64dd0000 	C:\WINDOWS\System32\OLEAUT32.dll
0x00007ffa5ba70000 - 0x00007ffa5bb8e000 	C:\WINDOWS\SYSTEM32\WINHTTP.dll
0x00007ffa64fc0000 - 0x00007ffa6515f000 	C:\WINDOWS\System32\ole32.dll
0x00007ffa62710000 - 0x00007ffa62736000 	C:\WINDOWS\SYSTEM32\bcrypt.dll
0x00007ffa63100000 - 0x00007ffa63180000 	C:\WINDOWS\System32\WINTRUST.dll
0x00007ffa4b1c0000 - 0x00007ffa4b1ca000 	C:\WINDOWS\SYSTEM32\WSOCK32.dll
0x00007ffa62910000 - 0x00007ffa62a87000 	C:\WINDOWS\System32\CRYPT32.dll
0x00007ff9d72f0000 - 0x00007ff9d9207000 	C:\Xilinx\Vivado\2020.2\lib\win64.o\gurobi90.dll
0x00007ff9d9210000 - 0x00007ff9d9239000 	C:\WINDOWS\SYSTEM32\VCOMP140.DLL
0x00007ffa64280000 - 0x00007ffa642f4000 	C:\WINDOWS\System32\WLDAP32.dll
0x00007ffa63550000 - 0x00007ffa63558000 	C:\WINDOWS\System32\Normaliz.dll
0x00007ffa29540000 - 0x00007ffa2954c000 	C:\Xilinx\Vivado\2020.2\lib\win64.o\libboost_chrono.dll
0x00007ff9d72d0000 - 0x00007ff9d72e6000 	C:\Xilinx\Vivado\2020.2\lib\win64.o\libboost_iostreams.dll
0x00007ff9d72a0000 - 0x00007ff9d72c3000 	C:\Xilinx\Vivado\2020.2\lib\win64.o\libisl_iosutils.dll
0x00007ffa3f120000 - 0x00007ffa3f1d4000 	C:\WINDOWS\WinSxS\amd64_microsoft.windows.common-controls_6595b64144ccf1df_5.82.26100.1882_none_87f34cef7a28f535\COMCTL32.dll
0x00007ffa604e0000 - 0x00007ffa60d36000 	C:\WINDOWS\SYSTEM32\windows.storage.dll
0x00007ffa4cc10000 - 0x00007ffa4ceda000 	C:\WINDOWS\SYSTEM32\iertutil.dll
0x00007ffa5c080000 - 0x00007ffa5c0a5000 	C:\WINDOWS\SYSTEM32\dhcpcsvc.DLL
0x00007ffa610b0000 - 0x00007ffa610bd000 	C:\WINDOWS\SYSTEM32\netutils.dll
0x00007ffa4cba0000 - 0x00007ffa4cbc9000 	C:\WINDOWS\SYSTEM32\srvcli.dll
0x00007ffa61c80000 - 0x00007ffa61cea000 	C:\WINDOWS\SYSTEM32\MSWSOCK.DLL
0x00007ffa64300000 - 0x00007ffa64330000 	C:\WINDOWS\System32\IMM32.DLL
0x00007ffa61f90000 - 0x00007ffa61fa3000 	C:\WINDOWS\SYSTEM32\MSASN1.dll
0x00007ffa61670000 - 0x00007ffa6168a000 	C:\WINDOWS\SYSTEM32\kernel.appcore.dll
0x00007ff9d68e0000 - 0x00007ff9d6e02000 	C:\Xilinx\Vivado\2020.2\lib\win64.o\librdi_commontasks.dll
0x00007ffa51a00000 - 0x00007ffa51a0b000 	C:\WINDOWS\SYSTEM32\VERSION.dll
0x00007ff9d5ad0000 - 0x00007ff9d5da5000 	C:\Xilinx\Vivado\2020.2\lib\win64.o\librdi_sio.dll
0x00007ffa610c0000 - 0x00007ffa610f3000 	C:\WINDOWS\SYSTEM32\IPHLPAPI.DLL
0x00007ff9d5db0000 - 0x00007ff9d68d3000 	C:\Xilinx\Vivado\2020.2\tps\win64\jre11.0.2\bin\server\jvm.dll
0x00007ffa64340000 - 0x00007ffa64348000 	C:\WINDOWS\System32\PSAPI.DLL
0x00007ffa2cc30000 - 0x00007ffa2cc66000 	C:\WINDOWS\SYSTEM32\WINMM.dll
0x00007ff9d2ff0000 - 0x00007ff9d5aae000 	C:\Xilinx\Vivado\2020.2\lib\win64.o\librdi_tcltasks.dll
0x00007ff9d2b40000 - 0x00007ff9d2fe6000 	C:\Xilinx\Vivado\2020.2\lib\win64.o\librdi_bitstream.dll
0x00007ff9d2880000 - 0x00007ff9d2976000 	C:\Xilinx\Vivado\2020.2\lib\win64.o\librdi_chipscope.dll
0x00007ff9d2980000 - 0x00007ff9d2b33000 	C:\Xilinx\Vivado\2020.2\lib\win64.o\librdi_board.dll
0x00007ff9d09d0000 - 0x00007ff9d27fc000 	C:\Xilinx\Vivado\2020.2\lib\win64.o\librdi_constraints.dll
0x00007ff9d07e0000 - 0x00007ff9d09ca000 	C:\Xilinx\Vivado\2020.2\lib\win64.o\librdi_chipscopeimpl.dll
0x00007ff9d2800000 - 0x00007ff9d287e000 	C:\Xilinx\Vivado\2020.2\lib\win64.o\librdi_boarddep.dll
0x00007ff9d0670000 - 0x00007ff9d07d1000 	C:\Xilinx\Vivado\2020.2\lib\win64.o\librdi_containers.dll
0x00007ff9ce2b0000 - 0x00007ff9d066d000 	C:\Xilinx\Vivado\2020.2\lib\win64.o\librdi_coregen.dll
0x00007ff9cdb90000 - 0x00007ff9ce2a8000 	C:\Xilinx\Vivado\2020.2\lib\win64.o\librdi_coregenipxact.dll
0x00007ff9cbe20000 - 0x00007ff9cdb81000 	C:\Xilinx\Vivado\2020.2\lib\win64.o\librdi_designutils.dll
0x00007ff9b34d0000 - 0x00007ff9b3838000 	C:\Xilinx\Vivado\2020.2\lib\win64.o\librdi_dlyest.dll
0x00007ff9b3840000 - 0x00007ff9cbe1f000 	C:\Xilinx\Vivado\2020.2\lib\win64.o\librdi_device.dll
0x00007ff9b2e70000 - 0x00007ff9b34cd000 	C:\Xilinx\Vivado\2020.2\lib\win64.o\librdi_drc.dll
0x00007ff9b2db0000 - 0x00007ff9b2e63000 	C:\Xilinx\Vivado\2020.2\lib\win64.o\librdi_dsp.dll
0x00007ff9b26e0000 - 0x00007ff9b2da2000 	C:\Xilinx\Vivado\2020.2\lib\win64.o\librdi_filemgmt.dll
0x00007ff9b2350000 - 0x00007ff9b23bb000 	C:\Xilinx\Vivado\2020.2\lib\win64.o\librdi_hdf.dll
0x00007ff9b23c0000 - 0x00007ff9b26dd000 	C:\Xilinx\Vivado\2020.2\lib\win64.o\librdi_guitools.dll
0x00007ff9b20d0000 - 0x00007ff9b2347000 	C:\Xilinx\Vivado\2020.2\lib\win64.o\librdi_hip_devdesign.dll
0x00007ff9b03a0000 - 0x00007ff9b1f74000 	C:\Xilinx\Vivado\2020.2\lib\win64.o\librdi_implflow.dll
0x00007ff9b1f80000 - 0x00007ff9b20c7000 	C:\Xilinx\Vivado\2020.2\lib\win64.o\librdi_hip_perf_analysis.dll
0x00007ff9afd50000 - 0x00007ff9b039c000 	C:\Xilinx\Vivado\2020.2\lib\win64.o\librdi_memdata.dll
0x00007ff9afcd0000 - 0x00007ff9afd42000 	C:\Xilinx\Vivado\2020.2\lib\win64.o\librdi_memoryarray.dll
0x00007ff9ad880000 - 0x00007ff9afcc4000 	C:\Xilinx\Vivado\2020.2\lib\win64.o\librdi_mig.dll
0x00007ff9ad0f0000 - 0x00007ff9ad81c000 	C:\Xilinx\Vivado\2020.2\lib\win64.o\librdi_netlist.dll
0x00007ff9ad820000 - 0x00007ff9ad874000 	C:\Xilinx\Vivado\2020.2\lib\win64.o\librdi_pfi.dll
0x00007ff9a9ee0000 - 0x00007ff9ad0e7000 	C:\Xilinx\Vivado\2020.2\lib\win64.o\librdi_place.dll
0x00007ff9a9320000 - 0x00007ff9a96be000 	C:\Xilinx\Vivado\2020.2\lib\win64.o\librdi_platform.dll
0x00007ff9a7d60000 - 0x00007ff9a83d4000 	C:\Xilinx\Vivado\2020.2\lib\win64.o\librdi_project.dll
0x00007ff9a96c0000 - 0x00007ff9a9ed7000 	C:\Xilinx\Vivado\2020.2\lib\win64.o\librdi_power.dll
0x00007ff9a8bf0000 - 0x00007ff9a9312000 	C:\Xilinx\Vivado\2020.2\lib\win64.o\librdi_psta.dll
0x00007ff9a7830000 - 0x00007ff9a7d5b000 	C:\Xilinx\Vivado\2020.2\lib\win64.o\librdi_runs.dll
0x00007ff9a74a0000 - 0x00007ff9a7714000 	C:\Xilinx\Vivado\2020.2\lib\win64.o\librdi_simdata.dll
0x00007ff9a7720000 - 0x00007ff9a7829000 	C:\Xilinx\Vivado\2020.2\lib\win64.o\librdi_runsbase.dll
0x00007ff9a83e0000 - 0x00007ff9a8bec000 	C:\Xilinx\Vivado\2020.2\lib\win64.o\librdi_rsb.dll
0x00007ff9a6510000 - 0x00007ff9a7491000 	C:\Xilinx\Vivado\2020.2\lib\win64.o\librdi_timing.dll
0x00007ff9a63f0000 - 0x00007ff9a6506000 	C:\Xilinx\Vivado\2020.2\lib\win64.o\librdi_xhub.dll
0x00007ff9a6340000 - 0x00007ff9a63e7000 	C:\Xilinx\Vivado\2020.2\lib\win64.o\librdi_xhubtasks.dll
0x00007ff9a6150000 - 0x00007ff9a633b000 	C:\Xilinx\Vivado\2020.2\lib\win64.o\librdi_advchipscopeimpl.dll
0x00007ff9a6100000 - 0x00007ff9a6147000 	C:\Xilinx\Vivado\2020.2\lib\win64.o\libboost_serialization.dll
0x00007ff9a6010000 - 0x00007ff9a60fb000 	C:\Xilinx\Vivado\2020.2\lib\win64.o\librdi_ipconfig_readwrite.dll
0x00007ff9a5fa0000 - 0x00007ff9a600a000 	C:\Xilinx\Vivado\2020.2\lib\win64.o\librdi_noc_frameworks.dll
0x00007ff9a5f50000 - 0x00007ff9a5f96000 	C:\Xilinx\Vivado\2020.2\lib\win64.o\libboost_graph.dll
0x00007ff9a5de0000 - 0x00007ff9a5ea6000 	C:\Xilinx\Vivado\2020.2\lib\win64.o\librdi_bda.dll
0x00007ff9a5670000 - 0x00007ff9a5dd7000 	C:\Xilinx\Vivado\2020.2\lib\win64.o\librdi_ippcw.dll
0x00007ff9a4b10000 - 0x00007ff9a5666000 	C:\Xilinx\Vivado\2020.2\lib\win64.o\libverific.dll
0x00007ff9a41f0000 - 0x00007ff9a44eb000 	C:\Xilinx\Vivado\2020.2\lib\win64.o\librdi_hip_config.dll

dbghelp: loaded successfully - version: 4.0.5 - missing functions: none
symbol engine: initialized successfully - sym options: 0x614 - pdb path: .;C:\Xilinx\Vivado\2020.2\bin\unwrapped\win64.o;C:\WINDOWS\SYSTEM32;C:\Xilinx\Vivado\2020.2\lib\win64.o;C:\WINDOWS\WinSxS\amd64_microsoft.windows.common-controls_6595b64144ccf1df_5.82.26100.1882_none_87f34cef7a28f535;C:\Xilinx\Vivado\2020.2\tps\win64\jre11.0.2\bin\server;C:\Xilinx\Vivado\2020.2\tps\win64\python-3.8.3;C:\Xilinx\Vivado\2020.2\tps\win64\jre11.0.2\bin;C:\WINDOWS\WinSxS\amd64_microsoft.windows.common-controls_6595b64144ccf1df_6.0.26100.3912_none_3e07963ce335137e

VM Arguments:
jvm_args: -Dsun.java2d.pmoffscreen=false -Dhttps.protocols=TLSv1,TLSv1.1,TLSv1.2 -Dsun.java2d.xrender=false -Dsun.java2d.d3d=false -Dsun.awt.nopixfmt=true -Dsun.java2d.dpiaware=true -Dsun.java2d.uiScale.enabled=false -Xverify:none -Dswing.aatext=true -XX:-UsePerfData -Djdk.map.althashing.threshold=512 -XX:StringTableSize=4072 --add-opens=java.base/java.nio=ALL-UNNAMED --add-opens=java.desktop/sun.swing=ALL-UNNAMED --add-opens=java.desktop/javax.swing=ALL-UNNAMED --add-opens=java.desktop/javax.swing.tree=ALL-UNNAMED --add-opens=java.desktop/javax.swing.plaf.basic=ALL-UNNAMED --add-opens=java.desktop/javax.swing.plaf.synth=ALL-UNNAMED --add-opens=java.desktop/com.sun.awt=ALL-UNNAMED -XX:NewSize=60m -XX:MaxNewSize=60m -Xms128m -Xmx3072m -Xss5m 
java_command: <unknown>
java_class_path (initial): C:/Xilinx/Vivado/2020.2\lib\classes\alloy.jar;C:/Xilinx/Vivado/2020.2\lib\classes\ArchiveSummary.jar;C:/Xilinx/Vivado/2020.2\lib\classes\autoesl-models.jar;C:/Xilinx/Vivado/2020.2\lib\classes\autopilot.scelaborator.jar;C:/Xilinx/Vivado/2020.2\lib\classes\autopilot.sourceprocessor.jar;C:/Xilinx/Vivado/2020.2\lib\classes\autopilot.tbprocessor.jar;C:/Xilinx/Vivado/2020.2\lib\classes\batik-anim.jar;C:/Xilinx/Vivado/2020.2\lib\classes\batik-awt-util.jar;C:/Xilinx/Vivado/2020.2\lib\classes\batik-bridge.jar;C:/Xilinx/Vivado/2020.2\lib\classes\batik-codec.jar;C:/Xilinx/Vivado/2020.2\lib\classes\batik-css.jar;C:/Xilinx/Vivado/2020.2\lib\classes\batik-dom.jar;C:/Xilinx/Vivado/2020.2\lib\classes\batik-ext.jar;C:/Xilinx/Vivado/2020.2\lib\classes\batik-gui-util.jar;C:/Xilinx/Vivado/2020.2\lib\classes\batik-gvt.jar;C:/Xilinx/Vivado/2020.2\lib\classes\batik-parser.jar;C:/Xilinx/Vivado/2020.2\lib\classes\batik-script.jar;C:/Xilinx/Vivado/2020.2\lib\classes\batik-svg-dom.jar;C:/Xilinx/Vivado/2020.2\lib\classes\batik-swing.jar;C:/Xilinx/Vivado/2020.2\lib\classes\batik-transcoder.jar;C:/Xilinx/Vivado/2020.2\lib\classes\batik-util.jar;C:/Xilinx/Vivado/2020.2\lib\classes\batik-xml.jar;C:/Xilinx/Vivado/2020.2\lib\classes\com.google.gson_2.8.2.v20180104-1110.jar;C:/Xilinx/Vivado/2020.2\lib\classes\com.google.guava_27.1.0.v20190517-1946.jar;C:/Xilinx/Vivado/2020.2\lib\classes\com.ibm.icu_4.4.2.v20110208.jar;C:/Xilinx/Vivado/2020.2\lib\classes\com.sigasi.hdt.connection_4.9.0.202009050929.jar;C:/Xilinx/Vivado/2020.2\lib\classes\com.sigasi.hdt.epl_4.9.0.202009050929.jar;C:/Xilinx/Vivado/2020.2\lib\classes\com.sigasi.hdt.project_4.9.0.202009050929.jar;C:/Xilinx/Vivado/2020.2\lib\classes\com.sigasi.hdt.readonlyfilesystem_4.9.0.202009050929.jar;C:/Xilinx/Vivado/2020.2\lib\classes\com.sigasi.lcm_4.9.0.202009050929.jar;C:/Xilinx/Vivado/2020.2\lib\classes\com.sigasi.sdk.client_4.9.0.202009050929.jar;C:/Xilinx/Vivado/2020.2\lib\classes\com.xilinx.hls.services.jar;C:/Xili
Launcher Type: generic

[Global flags]
     bool BytecodeVerificationLocal                = false                                     {product} {command line}
     bool BytecodeVerificationRemote               = false                                     {product} {command line}
     intx CICompilerCount                          = 12                                        {product} {ergonomic}
     uint ConcGCThreads                            = 3                                         {product} {ergonomic}
     uint G1ConcRefinementThreads                  = 13                                        {product} {ergonomic}
   size_t G1HeapRegionSize                         = 1048576                                   {product} {ergonomic}
    uintx GCDrainStackTargetSize                   = 64                                        {product} {ergonomic}
   size_t InitialHeapSize                          = 134217728                                 {product} {command line}
   size_t MarkStackSize                            = 4194304                                   {product} {ergonomic}
   size_t MaxHeapSize                              = 3221225472                                {product} {command line}
   size_t MaxNewSize                               = 62914560                                  {product} {command line}
   size_t MinHeapDeltaBytes                        = 1048576                                   {product} {ergonomic}
   size_t NewSize                                  = 62914560                                  {product} {command line}
    uintx NonNMethodCodeHeapSize                   = 7591728                                {pd product} {ergonomic}
    uintx NonProfiledCodeHeapSize                  = 122033256                              {pd product} {ergonomic}
    uintx ProfiledCodeHeapSize                     = 122033256                              {pd product} {ergonomic}
    uintx ReservedCodeCacheSize                    = 251658240                              {pd product} {ergonomic}
     bool SegmentedCodeCache                       = true                                      {product} {ergonomic}
    uintx StringTableSize                          = 4072                                      {product} {command line}
     intx ThreadStackSize                          = 5120                                   {pd product} {command line}
     bool UseCompressedClassPointers               = true                                 {lp64_product} {ergonomic}
     bool UseCompressedOops                        = true                                 {lp64_product} {ergonomic}
     bool UseG1GC                                  = true                                      {product} {ergonomic}
     bool UseLargePagesIndividualAllocation        = false                                  {pd product} {ergonomic}
     bool UsePerfData                              = false                                     {product} {command line}

Logging:
Log output configuration:
 #0: stdout all=warning uptime,level,tags
 #1: stderr all=off uptime,level,tags

Environment Variables:
PATH=C:/Xilinx/Vivado/2020.2\gnuwin\bin;C:/Xilinx/Vivado/2020.2\gnu\microblaze\nt\bin;C:/Xilinx/Vivado/2020.2/bin;C:/Xilinx/Vivado/2020.2/tps/win64/javafx-sdk-11.0.2/lib;C:/Xilinx/Vivado/2020.2/tps/win64/javafx-sdk-11.0.2/bin;C:/Xilinx/Vivado/2020.2/lib/win64.o;C:/Xilinx/Vivado/2020.2/tps/win64/jre11.0.2/bin/server;C:/Xilinx/Vivado/2020.2/tps/win64/jre11.0.2/bin;C:/Xilinx/Vitis/2020.2/bin;C:/Xilinx/Vivado/2020.2/ids_lite/ISE/bin/nt64;C:/Xilinx/Vivado/2020.2/ids_lite/ISE/lib/nt64;C:/Xilinx/Vitis_HLS/2020.2/bin;C:\WINDOWS\system32;C:\WINDOWS;C:\WINDOWS\System32\Wbem;C:\WINDOWS\System32\WindowsPowerShell\v1.0\;C:\WINDOWS\System32\OpenSSH\;C:\Program Files\Bandizip\;C:\Program Files\Microsoft SQL Server\130\Tools\Binn\;C:\Program Files\Amazon\AWSCLIV2\;C:\CodeSourcery\Sourcery G++ Lite\bin;C:\Users\kccistc\AppData\Local\Microsoft\WindowsApps;C:\Users\kccistc\AppData\Local\Programs\Microsoft VS Code\bin;;C:/Xilinx/Vivado/2020.2\tps\mingw\6.2.0\win64.o\nt\bin;C:/Xilinx/Vivado/2020.2\tps\mingw\6.2.0\win64.o\nt\libexec\gcc\x86_64-w64-mingw32\6.2.0;C:/Xilinx/Vivado/2020.2\tps\win64\python-3.8.3;C:/Xilinx/Vivado/2020.2\tps\win64\python-3.8.3\bin;C:/Xilinx/Vivado/2020.2\tps\win64\python-3.8.3\lib;C:/Xilinx/Vivado/2020.2\tps\win64\python-3.8.3\lib\site-packages
USERNAME=kccistc
OS=Windows_NT
PROCESSOR_IDENTIFIER=Intel64 Family 6 Model 154 Stepping 3, GenuineIntel



---------------  S Y S T E M  ---------------

OS: Windows 10 , 64 bit Build 26100 (10.0.26100.3912)

CPU:total 16 (initial active 16) (8 cores per cpu, 2 threads per core) family 6 model 154 stepping 3, cmov, cx8, fxsr, mmx, sse, sse2, sse3, ssse3, sse4.1, sse4.2, popcnt, avx, avx2, aes, clmul, erms, 3dnowpref, lzcnt, ht, tsc, tscinvbit, bmi1, bmi2, adx, sha, fma

Memory: 4k page, system-wide physical 16066M (3915M free)
TotalPageFile size 32450M (AvailPageFile size 11170M)
current process WorkingSet (physical memory assigned to process): 1057M, peak: 1116M
current process commit charge ("private bytes"): 1078M, peak: 1117M

vm_info: OpenJDK 64-Bit Server VM (11.0.2+9) for windows-amd64 JRE (11.0.2+9), built on Jan 18 2019 05:23:22 by "mach5one" with MS VC++ 15.5 (VS2017)

END.
