
*** Running vivado
    with args -log stopwatch_re.vds -m64 -product Vivado -mode batch -messageDb vivado.pb -notrace -source stopwatch_re.tcl



****** Vivado v2020.2 (64-bit)
  **** SW Build 3064766 on Wed Nov 18 09:12:45 MST 2020
  **** IP Build 3064653 on Wed Nov 18 14:17:31 MST 2020
    ** Copyright 1986-2020 Xilinx, Inc. All Rights Reserved.

source stopwatch_re.tcl -notrace
Command: synth_design -top stopwatch_re -part xc7a35tcpg236-1
Starting synth_design
Attempting to get a license for feature 'Synthesis' and/or device 'xc7a35t'
INFO: [Common 17-349] Got license for feature 'Synthesis' and/or device 'xc7a35t'
INFO: [Device 21-403] Loading part xc7a35tcpg236-1
INFO: [Synth 8-7079] Multithreading enabled for synth_design using a maximum of 2 processes.
INFO: [Synth 8-7078] Launching helper process for spawning children vivado processes
INFO: [Synth 8-7075] Helper process launched with PID 17516
---------------------------------------------------------------------------------
Starting RTL Elaboration : Time (s): cpu = 00:00:06 ; elapsed = 00:00:06 . Memory (MB): peak = 1103.344 ; gain = 0.000
---------------------------------------------------------------------------------
INFO: [Synth 8-6157] synthesizing module 'stopwatch_re' [C:/Working/FPGA_AI_25_2/250516_stopwatch_Re/250516_stopwatch_Re.srcs/sources_1/new/stopwatch_re.v:4]
INFO: [Synth 8-6157] synthesizing module 'stopwatch_cu' [C:/Working/FPGA_AI_25_2/250516_stopwatch_Re/250516_stopwatch_Re.srcs/sources_1/new/stopwatch_cu_re.v:4]
	Parameter STOP bound to: 0 - type: integer 
	Parameter RUN bound to: 1 - type: integer 
	Parameter CLEAR bound to: 2 - type: integer 
INFO: [Synth 8-6155] done synthesizing module 'stopwatch_cu' (1#1) [C:/Working/FPGA_AI_25_2/250516_stopwatch_Re/250516_stopwatch_Re.srcs/sources_1/new/stopwatch_cu_re.v:4]
INFO: [Synth 8-6157] synthesizing module 'stopwatch_dp' [C:/Working/FPGA_AI_25_2/250516_stopwatch_Re/250516_stopwatch_Re.srcs/sources_1/new/stopwatch_dp_re.v:4]
INFO: [Synth 8-6157] synthesizing module 'time_counter' [C:/Working/FPGA_AI_25_2/250516_stopwatch_Re/250516_stopwatch_Re.srcs/sources_1/new/stopwatch_dp_re.v:71]
	Parameter BIT_WIDTH bound to: 7 - type: integer 
	Parameter TICK_COUNT bound to: 100 - type: integer 
INFO: [Synth 8-6155] done synthesizing module 'time_counter' (2#1) [C:/Working/FPGA_AI_25_2/250516_stopwatch_Re/250516_stopwatch_Re.srcs/sources_1/new/stopwatch_dp_re.v:71]
INFO: [Synth 8-6157] synthesizing module 'time_counter__parameterized0' [C:/Working/FPGA_AI_25_2/250516_stopwatch_Re/250516_stopwatch_Re.srcs/sources_1/new/stopwatch_dp_re.v:71]
	Parameter BIT_WIDTH bound to: 6 - type: integer 
	Parameter TICK_COUNT bound to: 60 - type: integer 
INFO: [Synth 8-6155] done synthesizing module 'time_counter__parameterized0' (2#1) [C:/Working/FPGA_AI_25_2/250516_stopwatch_Re/250516_stopwatch_Re.srcs/sources_1/new/stopwatch_dp_re.v:71]
INFO: [Synth 8-6157] synthesizing module 'time_counter__parameterized1' [C:/Working/FPGA_AI_25_2/250516_stopwatch_Re/250516_stopwatch_Re.srcs/sources_1/new/stopwatch_dp_re.v:71]
	Parameter BIT_WIDTH bound to: 5 - type: integer 
	Parameter TICK_COUNT bound to: 24 - type: integer 
INFO: [Synth 8-6155] done synthesizing module 'time_counter__parameterized1' (2#1) [C:/Working/FPGA_AI_25_2/250516_stopwatch_Re/250516_stopwatch_Re.srcs/sources_1/new/stopwatch_dp_re.v:71]
INFO: [Synth 8-6157] synthesizing module 'tick_gen_100hz' [C:/Working/FPGA_AI_25_2/250516_stopwatch_Re/250516_stopwatch_Re.srcs/sources_1/new/stopwatch_dp_re.v:118]
	Parameter FCOUNT bound to: 1000000 - type: integer 
INFO: [Synth 8-6155] done synthesizing module 'tick_gen_100hz' (3#1) [C:/Working/FPGA_AI_25_2/250516_stopwatch_Re/250516_stopwatch_Re.srcs/sources_1/new/stopwatch_dp_re.v:118]
INFO: [Synth 8-6155] done synthesizing module 'stopwatch_dp' (4#1) [C:/Working/FPGA_AI_25_2/250516_stopwatch_Re/250516_stopwatch_Re.srcs/sources_1/new/stopwatch_dp_re.v:4]
INFO: [Synth 8-6157] synthesizing module 'fnd_controllr' [C:/Working/FPGA_AI_25_2/250516_stopwatch_Re/250516_stopwatch_Re.srcs/sources_1/new/stopwatch_fnd_ctl_re.v:3]
INFO: [Synth 8-6157] synthesizing module 'clk_div' [C:/Working/FPGA_AI_25_2/250516_stopwatch_Re/250516_stopwatch_Re.srcs/sources_1/new/stopwatch_fnd_ctl_re.v:99]
INFO: [Synth 8-6155] done synthesizing module 'clk_div' (5#1) [C:/Working/FPGA_AI_25_2/250516_stopwatch_Re/250516_stopwatch_Re.srcs/sources_1/new/stopwatch_fnd_ctl_re.v:99]
INFO: [Synth 8-6157] synthesizing module 'counter_4' [C:/Working/FPGA_AI_25_2/250516_stopwatch_Re/250516_stopwatch_Re.srcs/sources_1/new/stopwatch_fnd_ctl_re.v:128]
INFO: [Synth 8-6155] done synthesizing module 'counter_4' (6#1) [C:/Working/FPGA_AI_25_2/250516_stopwatch_Re/250516_stopwatch_Re.srcs/sources_1/new/stopwatch_fnd_ctl_re.v:128]
INFO: [Synth 8-6157] synthesizing module 'decoder_2x4' [C:/Working/FPGA_AI_25_2/250516_stopwatch_Re/250516_stopwatch_Re.srcs/sources_1/new/stopwatch_fnd_ctl_re.v:144]
INFO: [Synth 8-226] default block is never used [C:/Working/FPGA_AI_25_2/250516_stopwatch_Re/250516_stopwatch_Re.srcs/sources_1/new/stopwatch_fnd_ctl_re.v:149]
INFO: [Synth 8-6155] done synthesizing module 'decoder_2x4' (7#1) [C:/Working/FPGA_AI_25_2/250516_stopwatch_Re/250516_stopwatch_Re.srcs/sources_1/new/stopwatch_fnd_ctl_re.v:144]
INFO: [Synth 8-6157] synthesizing module 'digit_splitter' [C:/Working/FPGA_AI_25_2/250516_stopwatch_Re/250516_stopwatch_Re.srcs/sources_1/new/stopwatch_fnd_ctl_re.v:203]
	Parameter BIT_WIDTH bound to: 7 - type: integer 
INFO: [Synth 8-6155] done synthesizing module 'digit_splitter' (8#1) [C:/Working/FPGA_AI_25_2/250516_stopwatch_Re/250516_stopwatch_Re.srcs/sources_1/new/stopwatch_fnd_ctl_re.v:203]
INFO: [Synth 8-6157] synthesizing module 'digit_splitter__parameterized0' [C:/Working/FPGA_AI_25_2/250516_stopwatch_Re/250516_stopwatch_Re.srcs/sources_1/new/stopwatch_fnd_ctl_re.v:203]
	Parameter BIT_WIDTH bound to: 6 - type: integer 
INFO: [Synth 8-6155] done synthesizing module 'digit_splitter__parameterized0' (8#1) [C:/Working/FPGA_AI_25_2/250516_stopwatch_Re/250516_stopwatch_Re.srcs/sources_1/new/stopwatch_fnd_ctl_re.v:203]
INFO: [Synth 8-6157] synthesizing module 'digit_splitter__parameterized1' [C:/Working/FPGA_AI_25_2/250516_stopwatch_Re/250516_stopwatch_Re.srcs/sources_1/new/stopwatch_fnd_ctl_re.v:203]
	Parameter BIT_WIDTH bound to: 5 - type: integer 
INFO: [Synth 8-6155] done synthesizing module 'digit_splitter__parameterized1' (8#1) [C:/Working/FPGA_AI_25_2/250516_stopwatch_Re/250516_stopwatch_Re.srcs/sources_1/new/stopwatch_fnd_ctl_re.v:203]
INFO: [Synth 8-6157] synthesizing module 'mux_4x1' [C:/Working/FPGA_AI_25_2/250516_stopwatch_Re/250516_stopwatch_Re.srcs/sources_1/new/stopwatch_fnd_ctl_re.v:179]
INFO: [Synth 8-6155] done synthesizing module 'mux_4x1' (9#1) [C:/Working/FPGA_AI_25_2/250516_stopwatch_Re/250516_stopwatch_Re.srcs/sources_1/new/stopwatch_fnd_ctl_re.v:179]
INFO: [Synth 8-6157] synthesizing module 'mux_2x1' [C:/Working/FPGA_AI_25_2/250516_stopwatch_Re/250516_stopwatch_Re.srcs/sources_1/new/stopwatch_fnd_ctl_re.v:159]
INFO: [Synth 8-6155] done synthesizing module 'mux_2x1' (10#1) [C:/Working/FPGA_AI_25_2/250516_stopwatch_Re/250516_stopwatch_Re.srcs/sources_1/new/stopwatch_fnd_ctl_re.v:159]
INFO: [Synth 8-6157] synthesizing module 'bcd' [C:/Working/FPGA_AI_25_2/250516_stopwatch_Re/250516_stopwatch_Re.srcs/sources_1/new/stopwatch_fnd_ctl_re.v:216]
INFO: [Synth 8-6155] done synthesizing module 'bcd' (11#1) [C:/Working/FPGA_AI_25_2/250516_stopwatch_Re/250516_stopwatch_Re.srcs/sources_1/new/stopwatch_fnd_ctl_re.v:216]
INFO: [Synth 8-6155] done synthesizing module 'fnd_controllr' (12#1) [C:/Working/FPGA_AI_25_2/250516_stopwatch_Re/250516_stopwatch_Re.srcs/sources_1/new/stopwatch_fnd_ctl_re.v:3]
INFO: [Synth 8-6155] done synthesizing module 'stopwatch_re' (13#1) [C:/Working/FPGA_AI_25_2/250516_stopwatch_Re/250516_stopwatch_Re.srcs/sources_1/new/stopwatch_re.v:4]
---------------------------------------------------------------------------------
Finished RTL Elaboration : Time (s): cpu = 00:00:07 ; elapsed = 00:00:07 . Memory (MB): peak = 1103.344 ; gain = 0.000
---------------------------------------------------------------------------------
---------------------------------------------------------------------------------
Start Handling Custom Attributes
---------------------------------------------------------------------------------
---------------------------------------------------------------------------------
Finished Handling Custom Attributes : Time (s): cpu = 00:00:08 ; elapsed = 00:00:08 . Memory (MB): peak = 1103.344 ; gain = 0.000
---------------------------------------------------------------------------------
---------------------------------------------------------------------------------
Finished RTL Optimization Phase 1 : Time (s): cpu = 00:00:08 ; elapsed = 00:00:08 . Memory (MB): peak = 1103.344 ; gain = 0.000
---------------------------------------------------------------------------------
Netlist sorting complete. Time (s): cpu = 00:00:00 ; elapsed = 00:00:00.002 . Memory (MB): peak = 1103.344 ; gain = 0.000
INFO: [Project 1-570] Preparing netlist for logic optimization

Processing XDC Constraints
Initializing timing engine
Parsing XDC File [C:/Working/FPGA_AI_25_2/60_counter/60_counter.srcs/constrs_1/imports/FPGA_AI_25_2/Basys-3-Master.xdc]
Finished Parsing XDC File [C:/Working/FPGA_AI_25_2/60_counter/60_counter.srcs/constrs_1/imports/FPGA_AI_25_2/Basys-3-Master.xdc]
INFO: [Project 1-236] Implementation specific constraints were found while reading constraint file [C:/Working/FPGA_AI_25_2/60_counter/60_counter.srcs/constrs_1/imports/FPGA_AI_25_2/Basys-3-Master.xdc]. These constraints will be ignored for synthesis but will be used in implementation. Impacted constraints are listed in the file [.Xil/stopwatch_re_propImpl.xdc].
Resolution: To avoid this warning, move constraints listed in [.Xil/stopwatch_re_propImpl.xdc] to another XDC file and exclude this new file from synthesis with the used_in_synthesis property (File Properties dialog in GUI) and re-run elaboration/synthesis.
Completed Processing XDC Constraints

Netlist sorting complete. Time (s): cpu = 00:00:00 ; elapsed = 00:00:00.001 . Memory (MB): peak = 1162.906 ; gain = 0.000
INFO: [Project 1-111] Unisim Transformation Summary:
No Unisim elements were transformed.

Constraint Validation Runtime : Time (s): cpu = 00:00:00 ; elapsed = 00:00:00.002 . Memory (MB): peak = 1162.906 ; gain = 0.000
---------------------------------------------------------------------------------
Finished Constraint Validation : Time (s): cpu = 00:00:16 ; elapsed = 00:00:16 . Memory (MB): peak = 1162.906 ; gain = 59.562
---------------------------------------------------------------------------------
---------------------------------------------------------------------------------
Start Loading Part and Timing Information
---------------------------------------------------------------------------------
Loading part: xc7a35tcpg236-1
---------------------------------------------------------------------------------
Finished Loading Part and Timing Information : Time (s): cpu = 00:00:16 ; elapsed = 00:00:16 . Memory (MB): peak = 1162.906 ; gain = 59.562
---------------------------------------------------------------------------------
---------------------------------------------------------------------------------
Start Applying 'set_property' XDC Constraints
---------------------------------------------------------------------------------
---------------------------------------------------------------------------------
Finished applying 'set_property' XDC Constraints : Time (s): cpu = 00:00:16 ; elapsed = 00:00:16 . Memory (MB): peak = 1162.906 ; gain = 59.562
---------------------------------------------------------------------------------
INFO: [Synth 8-802] inferred FSM for state register 'c_state_reg' in module 'stopwatch_cu'
---------------------------------------------------------------------------------------------------
                   State |                     New Encoding |                Previous Encoding 
---------------------------------------------------------------------------------------------------
                    STOP |                              001 |                               00
                     RUN |                              010 |                               01
                   CLEAR |                              100 |                               10
---------------------------------------------------------------------------------------------------
INFO: [Synth 8-3354] encoded FSM with state register 'c_state_reg' using encoding 'one-hot' in module 'stopwatch_cu'
---------------------------------------------------------------------------------
Finished RTL Optimization Phase 2 : Time (s): cpu = 00:00:16 ; elapsed = 00:00:17 . Memory (MB): peak = 1162.906 ; gain = 59.562
---------------------------------------------------------------------------------
---------------------------------------------------------------------------------
Start RTL Component Statistics 
---------------------------------------------------------------------------------
Detailed RTL Component Info : 
+---Adders : 
	   2 Input   20 Bit       Adders := 1     
	   2 Input   17 Bit       Adders := 1     
	   2 Input    7 Bit       Adders := 1     
	   2 Input    6 Bit       Adders := 2     
	   2 Input    5 Bit       Adders := 1     
	   2 Input    2 Bit       Adders := 1     
+---Registers : 
	               20 Bit    Registers := 1     
	               17 Bit    Registers := 1     
	                7 Bit    Registers := 1     
	                6 Bit    Registers := 2     
	                5 Bit    Registers := 1     
	                2 Bit    Registers := 1     
	                1 Bit    Registers := 6     
+---Muxes : 
	   2 Input   20 Bit        Muxes := 1     
	   2 Input   17 Bit        Muxes := 1     
	   2 Input    6 Bit        Muxes := 2     
	   2 Input    5 Bit        Muxes := 1     
	   4 Input    4 Bit        Muxes := 3     
	   2 Input    4 Bit        Muxes := 1     
	   3 Input    3 Bit        Muxes := 1     
	   2 Input    3 Bit        Muxes := 1     
	   2 Input    1 Bit        Muxes := 5     
	   3 Input    1 Bit        Muxes := 1     
---------------------------------------------------------------------------------
Finished RTL Component Statistics 
---------------------------------------------------------------------------------
---------------------------------------------------------------------------------
Start Part Resource Summary
---------------------------------------------------------------------------------
Part Resources:
DSPs: 90 (col length:60)
BRAMs: 100 (col length: RAMB18 60 RAMB36 30)
---------------------------------------------------------------------------------
Finished Part Resource Summary
---------------------------------------------------------------------------------
---------------------------------------------------------------------------------
Start Cross Boundary and Area Optimization
---------------------------------------------------------------------------------
---------------------------------------------------------------------------------
Finished Cross Boundary and Area Optimization : Time (s): cpu = 00:00:22 ; elapsed = 00:00:23 . Memory (MB): peak = 1162.906 ; gain = 59.562
---------------------------------------------------------------------------------
---------------------------------------------------------------------------------
Start Applying XDC Timing Constraints
---------------------------------------------------------------------------------
---------------------------------------------------------------------------------
Finished Applying XDC Timing Constraints : Time (s): cpu = 00:00:30 ; elapsed = 00:00:32 . Memory (MB): peak = 1162.906 ; gain = 59.562
---------------------------------------------------------------------------------
---------------------------------------------------------------------------------
Start Timing Optimization
---------------------------------------------------------------------------------
---------------------------------------------------------------------------------
Finished Timing Optimization : Time (s): cpu = 00:00:30 ; elapsed = 00:00:32 . Memory (MB): peak = 1172.090 ; gain = 68.746
---------------------------------------------------------------------------------
---------------------------------------------------------------------------------
Start Technology Mapping
---------------------------------------------------------------------------------
---------------------------------------------------------------------------------
Finished Technology Mapping : Time (s): cpu = 00:00:31 ; elapsed = 00:00:32 . Memory (MB): peak = 1172.910 ; gain = 69.566
---------------------------------------------------------------------------------
---------------------------------------------------------------------------------
Start IO Insertion
---------------------------------------------------------------------------------
---------------------------------------------------------------------------------
Start Flattening Before IO Insertion
---------------------------------------------------------------------------------
---------------------------------------------------------------------------------
Finished Flattening Before IO Insertion
---------------------------------------------------------------------------------
---------------------------------------------------------------------------------
Start Final Netlist Cleanup
---------------------------------------------------------------------------------
---------------------------------------------------------------------------------
Finished Final Netlist Cleanup
---------------------------------------------------------------------------------
---------------------------------------------------------------------------------
Finished IO Insertion : Time (s): cpu = 00:00:35 ; elapsed = 00:00:37 . Memory (MB): peak = 1181.898 ; gain = 78.555
---------------------------------------------------------------------------------
---------------------------------------------------------------------------------
Start Renaming Generated Instances
---------------------------------------------------------------------------------
---------------------------------------------------------------------------------
Finished Renaming Generated Instances : Time (s): cpu = 00:00:35 ; elapsed = 00:00:37 . Memory (MB): peak = 1181.898 ; gain = 78.555
---------------------------------------------------------------------------------
---------------------------------------------------------------------------------
Start Rebuilding User Hierarchy
---------------------------------------------------------------------------------
---------------------------------------------------------------------------------
Finished Rebuilding User Hierarchy : Time (s): cpu = 00:00:35 ; elapsed = 00:00:37 . Memory (MB): peak = 1181.898 ; gain = 78.555
---------------------------------------------------------------------------------
---------------------------------------------------------------------------------
Start Renaming Generated Ports
---------------------------------------------------------------------------------
---------------------------------------------------------------------------------
Finished Renaming Generated Ports : Time (s): cpu = 00:00:35 ; elapsed = 00:00:37 . Memory (MB): peak = 1181.898 ; gain = 78.555
---------------------------------------------------------------------------------
---------------------------------------------------------------------------------
Start Handling Custom Attributes
---------------------------------------------------------------------------------
---------------------------------------------------------------------------------
Finished Handling Custom Attributes : Time (s): cpu = 00:00:35 ; elapsed = 00:00:37 . Memory (MB): peak = 1181.898 ; gain = 78.555
---------------------------------------------------------------------------------
---------------------------------------------------------------------------------
Start Renaming Generated Nets
---------------------------------------------------------------------------------
---------------------------------------------------------------------------------
Finished Renaming Generated Nets : Time (s): cpu = 00:00:35 ; elapsed = 00:00:37 . Memory (MB): peak = 1181.898 ; gain = 78.555
---------------------------------------------------------------------------------
---------------------------------------------------------------------------------
Start Writing Synthesis Report
---------------------------------------------------------------------------------

Report BlackBoxes: 
+-+--------------+----------+
| |BlackBox name |Instances |
+-+--------------+----------+
+-+--------------+----------+

Report Cell Usage: 
+------+-------+------+
|      |Cell   |Count |
+------+-------+------+
|1     |BUFG   |     1|
|2     |CARRY4 |     9|
|3     |LUT1   |     9|
|4     |LUT2   |    50|
|5     |LUT3   |     4|
|6     |LUT4   |    11|
|7     |LUT5   |    19|
|8     |LUT6   |    33|
|9     |MUXF7  |     3|
|10    |FDCE   |    70|
|11    |FDPE   |     1|
|12    |IBUF   |     5|
|13    |OBUF   |    12|
+------+-------+------+
---------------------------------------------------------------------------------
Finished Writing Synthesis Report : Time (s): cpu = 00:00:35 ; elapsed = 00:00:37 . Memory (MB): peak = 1181.898 ; gain = 78.555
---------------------------------------------------------------------------------
Synthesis finished with 0 errors, 0 critical warnings and 0 warnings.
Synthesis Optimization Runtime : Time (s): cpu = 00:00:25 ; elapsed = 00:00:34 . Memory (MB): peak = 1181.898 ; gain = 18.992
Synthesis Optimization Complete : Time (s): cpu = 00:00:36 ; elapsed = 00:00:37 . Memory (MB): peak = 1181.898 ; gain = 78.555
INFO: [Project 1-571] Translating synthesized netlist
Netlist sorting complete. Time (s): cpu = 00:00:00 ; elapsed = 00:00:00.002 . Memory (MB): peak = 1193.961 ; gain = 0.000
INFO: [Netlist 29-17] Analyzing 12 Unisim elements for replacement
INFO: [Netlist 29-28] Unisim Transformation completed in 0 CPU seconds
INFO: [Project 1-570] Preparing netlist for logic optimization
INFO: [Opt 31-138] Pushed 0 inverter(s) to 0 load pin(s).
Netlist sorting complete. Time (s): cpu = 00:00:00 ; elapsed = 00:00:00 . Memory (MB): peak = 1193.988 ; gain = 0.000
INFO: [Project 1-111] Unisim Transformation Summary:
No Unisim elements were transformed.

INFO: [Common 17-83] Releasing license: Synthesis
52 Infos, 0 Warnings, 0 Critical Warnings and 0 Errors encountered.
synth_design completed successfully
synth_design: Time (s): cpu = 00:00:40 ; elapsed = 00:00:43 . Memory (MB): peak = 1193.988 ; gain = 90.645
INFO: [Common 17-1381] The checkpoint 'C:/Working/FPGA_AI_25_2/250516_stopwatch_Re/250516_stopwatch_Re.runs/synth_1/stopwatch_re.dcp' has been generated.
INFO: [runtcl-4] Executing : report_utilization -file stopwatch_re_utilization_synth.rpt -pb stopwatch_re_utilization_synth.pb
INFO: [Common 17-206] Exiting Vivado at Mon May 19 15:04:19 2025...
