
*** Running vivado
    with args -log TOP_10000_counter.vds -m64 -product Vivado -mode batch -messageDb vivado.pb -notrace -source TOP_10000_counter.tcl



****** Vivado v2020.2 (64-bit)
  **** SW Build 3064766 on Wed Nov 18 09:12:45 MST 2020
  **** IP Build 3064653 on Wed Nov 18 14:17:31 MST 2020
    ** Copyright 1986-2020 Xilinx, Inc. All Rights Reserved.

source TOP_10000_counter.tcl -notrace
Command: synth_design -top TOP_10000_counter -part xc7a35tcpg236-1
Starting synth_design
Attempting to get a license for feature 'Synthesis' and/or device 'xc7a35t'
INFO: [Common 17-349] Got license for feature 'Synthesis' and/or device 'xc7a35t'
INFO: [Device 21-403] Loading part xc7a35tcpg236-1
INFO: [Synth 8-7079] Multithreading enabled for synth_design using a maximum of 2 processes.
INFO: [Synth 8-7078] Launching helper process for spawning children vivado processes
INFO: [Synth 8-7075] Helper process launched with PID 27184
---------------------------------------------------------------------------------
Starting RTL Elaboration : Time (s): cpu = 00:00:05 ; elapsed = 00:00:05 . Memory (MB): peak = 1103.309 ; gain = 0.000
---------------------------------------------------------------------------------
INFO: [Synth 8-6157] synthesizing module 'TOP_10000_counter' [C:/Working/FPGA_AI_25_2/10000_counter/10000_counter.srcs/sources_1/new/TOP_10000_counter.v:3]
INFO: [Synth 8-6157] synthesizing module 'clk_div_100hz' [C:/Working/FPGA_AI_25_2/10000_counter/10000_counter.srcs/sources_1/new/TOP_10000_counter.v:47]
	Parameter F_COUNT bound to: 100000000 - type: integer 
INFO: [Synth 8-6155] done synthesizing module 'clk_div_100hz' (1#1) [C:/Working/FPGA_AI_25_2/10000_counter/10000_counter.srcs/sources_1/new/TOP_10000_counter.v:47]
INFO: [Synth 8-6157] synthesizing module 'counter_1000' [C:/Working/FPGA_AI_25_2/10000_counter/10000_counter.srcs/sources_1/new/TOP_10000_counter.v:76]
INFO: [Synth 8-6155] done synthesizing module 'counter_1000' (2#1) [C:/Working/FPGA_AI_25_2/10000_counter/10000_counter.srcs/sources_1/new/TOP_10000_counter.v:76]
INFO: [Synth 8-6157] synthesizing module 'fnd_controllr' [C:/Working/FPGA_AI_25_2/10000_counter/10000_counter.srcs/sources_1/imports/new/fnd_controller.v:3]
INFO: [Synth 8-6157] synthesizing module 'clk_div' [C:/Working/FPGA_AI_25_2/10000_counter/10000_counter.srcs/sources_1/imports/new/fnd_controller.v:52]
INFO: [Synth 8-6155] done synthesizing module 'clk_div' (3#1) [C:/Working/FPGA_AI_25_2/10000_counter/10000_counter.srcs/sources_1/imports/new/fnd_controller.v:52]
INFO: [Synth 8-6157] synthesizing module 'counter_4' [C:/Working/FPGA_AI_25_2/10000_counter/10000_counter.srcs/sources_1/imports/new/fnd_controller.v:81]
INFO: [Synth 8-6155] done synthesizing module 'counter_4' (4#1) [C:/Working/FPGA_AI_25_2/10000_counter/10000_counter.srcs/sources_1/imports/new/fnd_controller.v:81]
INFO: [Synth 8-6157] synthesizing module 'decoder_2x4' [C:/Working/FPGA_AI_25_2/10000_counter/10000_counter.srcs/sources_1/imports/new/fnd_controller.v:97]
INFO: [Synth 8-226] default block is never used [C:/Working/FPGA_AI_25_2/10000_counter/10000_counter.srcs/sources_1/imports/new/fnd_controller.v:102]
INFO: [Synth 8-6155] done synthesizing module 'decoder_2x4' (5#1) [C:/Working/FPGA_AI_25_2/10000_counter/10000_counter.srcs/sources_1/imports/new/fnd_controller.v:97]
INFO: [Synth 8-6157] synthesizing module 'digit_splitter' [C:/Working/FPGA_AI_25_2/10000_counter/10000_counter.srcs/sources_1/imports/new/fnd_controller.v:136]
INFO: [Synth 8-6155] done synthesizing module 'digit_splitter' (6#1) [C:/Working/FPGA_AI_25_2/10000_counter/10000_counter.srcs/sources_1/imports/new/fnd_controller.v:136]
INFO: [Synth 8-6157] synthesizing module 'mux_4x1' [C:/Working/FPGA_AI_25_2/10000_counter/10000_counter.srcs/sources_1/imports/new/fnd_controller.v:112]
INFO: [Synth 8-6155] done synthesizing module 'mux_4x1' (7#1) [C:/Working/FPGA_AI_25_2/10000_counter/10000_counter.srcs/sources_1/imports/new/fnd_controller.v:112]
INFO: [Synth 8-6157] synthesizing module 'bcd' [C:/Working/FPGA_AI_25_2/10000_counter/10000_counter.srcs/sources_1/imports/new/fnd_controller.v:151]
INFO: [Synth 8-6155] done synthesizing module 'bcd' (8#1) [C:/Working/FPGA_AI_25_2/10000_counter/10000_counter.srcs/sources_1/imports/new/fnd_controller.v:151]
INFO: [Synth 8-6155] done synthesizing module 'fnd_controllr' (9#1) [C:/Working/FPGA_AI_25_2/10000_counter/10000_counter.srcs/sources_1/imports/new/fnd_controller.v:3]
INFO: [Synth 8-6155] done synthesizing module 'TOP_10000_counter' (10#1) [C:/Working/FPGA_AI_25_2/10000_counter/10000_counter.srcs/sources_1/new/TOP_10000_counter.v:3]
---------------------------------------------------------------------------------
Finished RTL Elaboration : Time (s): cpu = 00:00:06 ; elapsed = 00:00:07 . Memory (MB): peak = 1103.309 ; gain = 0.000
---------------------------------------------------------------------------------
---------------------------------------------------------------------------------
Start Handling Custom Attributes
---------------------------------------------------------------------------------
---------------------------------------------------------------------------------
Finished Handling Custom Attributes : Time (s): cpu = 00:00:07 ; elapsed = 00:00:07 . Memory (MB): peak = 1103.309 ; gain = 0.000
---------------------------------------------------------------------------------
---------------------------------------------------------------------------------
Finished RTL Optimization Phase 1 : Time (s): cpu = 00:00:07 ; elapsed = 00:00:07 . Memory (MB): peak = 1103.309 ; gain = 0.000
---------------------------------------------------------------------------------
Netlist sorting complete. Time (s): cpu = 00:00:00 ; elapsed = 00:00:00.002 . Memory (MB): peak = 1103.309 ; gain = 0.000
INFO: [Project 1-570] Preparing netlist for logic optimization

Processing XDC Constraints
Initializing timing engine
Parsing XDC File [C:/Working/FPGA_AI_25_2/10000_counter/10000_counter.srcs/constrs_1/imports/FPGA_AI_25_2/Basys-3-Master.xdc]
Finished Parsing XDC File [C:/Working/FPGA_AI_25_2/10000_counter/10000_counter.srcs/constrs_1/imports/FPGA_AI_25_2/Basys-3-Master.xdc]
INFO: [Project 1-236] Implementation specific constraints were found while reading constraint file [C:/Working/FPGA_AI_25_2/10000_counter/10000_counter.srcs/constrs_1/imports/FPGA_AI_25_2/Basys-3-Master.xdc]. These constraints will be ignored for synthesis but will be used in implementation. Impacted constraints are listed in the file [.Xil/TOP_10000_counter_propImpl.xdc].
Resolution: To avoid this warning, move constraints listed in [.Xil/TOP_10000_counter_propImpl.xdc] to another XDC file and exclude this new file from synthesis with the used_in_synthesis property (File Properties dialog in GUI) and re-run elaboration/synthesis.
Completed Processing XDC Constraints

Netlist sorting complete. Time (s): cpu = 00:00:00 ; elapsed = 00:00:00 . Memory (MB): peak = 1162.695 ; gain = 0.000
INFO: [Project 1-111] Unisim Transformation Summary:
No Unisim elements were transformed.

Constraint Validation Runtime : Time (s): cpu = 00:00:00 ; elapsed = 00:00:00.003 . Memory (MB): peak = 1162.695 ; gain = 0.000
---------------------------------------------------------------------------------
Finished Constraint Validation : Time (s): cpu = 00:00:14 ; elapsed = 00:00:15 . Memory (MB): peak = 1162.695 ; gain = 59.387
---------------------------------------------------------------------------------
---------------------------------------------------------------------------------
Start Loading Part and Timing Information
---------------------------------------------------------------------------------
Loading part: xc7a35tcpg236-1
---------------------------------------------------------------------------------
Finished Loading Part and Timing Information : Time (s): cpu = 00:00:14 ; elapsed = 00:00:15 . Memory (MB): peak = 1162.695 ; gain = 59.387
---------------------------------------------------------------------------------
---------------------------------------------------------------------------------
Start Applying 'set_property' XDC Constraints
---------------------------------------------------------------------------------
---------------------------------------------------------------------------------
Finished applying 'set_property' XDC Constraints : Time (s): cpu = 00:00:14 ; elapsed = 00:00:15 . Memory (MB): peak = 1162.695 ; gain = 59.387
---------------------------------------------------------------------------------
---------------------------------------------------------------------------------
Finished RTL Optimization Phase 2 : Time (s): cpu = 00:00:14 ; elapsed = 00:00:15 . Memory (MB): peak = 1162.695 ; gain = 59.387
---------------------------------------------------------------------------------
---------------------------------------------------------------------------------
Start RTL Component Statistics 
---------------------------------------------------------------------------------
Detailed RTL Component Info : 
+---Adders : 
	   2 Input   27 Bit       Adders := 1     
	   2 Input   17 Bit       Adders := 1     
	   2 Input   14 Bit       Adders := 1     
	   2 Input    2 Bit       Adders := 1     
+---Registers : 
	               27 Bit    Registers := 1     
	               17 Bit    Registers := 1     
	               14 Bit    Registers := 1     
	                2 Bit    Registers := 1     
	                1 Bit    Registers := 2     
+---Muxes : 
	   2 Input   27 Bit        Muxes := 1     
	   2 Input   17 Bit        Muxes := 1     
	   2 Input   14 Bit        Muxes := 1     
	   4 Input    4 Bit        Muxes := 2     
	   2 Input    1 Bit        Muxes := 3     
---------------------------------------------------------------------------------
Finished RTL Component Statistics 
---------------------------------------------------------------------------------
---------------------------------------------------------------------------------
Start Part Resource Summary
---------------------------------------------------------------------------------
Part Resources:
DSPs: 90 (col length:60)
BRAMs: 100 (col length: RAMB18 60 RAMB36 30)
---------------------------------------------------------------------------------
Finished Part Resource Summary
---------------------------------------------------------------------------------
---------------------------------------------------------------------------------
Start Cross Boundary and Area Optimization
---------------------------------------------------------------------------------
---------------------------------------------------------------------------------
Finished Cross Boundary and Area Optimization : Time (s): cpu = 00:00:23 ; elapsed = 00:00:25 . Memory (MB): peak = 1162.695 ; gain = 59.387
---------------------------------------------------------------------------------
---------------------------------------------------------------------------------
Start Applying XDC Timing Constraints
---------------------------------------------------------------------------------
---------------------------------------------------------------------------------
Finished Applying XDC Timing Constraints : Time (s): cpu = 00:00:31 ; elapsed = 00:00:32 . Memory (MB): peak = 1162.695 ; gain = 59.387
---------------------------------------------------------------------------------
---------------------------------------------------------------------------------
Start Timing Optimization
---------------------------------------------------------------------------------
---------------------------------------------------------------------------------
Finished Timing Optimization : Time (s): cpu = 00:00:35 ; elapsed = 00:00:37 . Memory (MB): peak = 1259.387 ; gain = 156.078
---------------------------------------------------------------------------------
---------------------------------------------------------------------------------
Start Technology Mapping
---------------------------------------------------------------------------------
---------------------------------------------------------------------------------
Finished Technology Mapping : Time (s): cpu = 00:00:36 ; elapsed = 00:00:38 . Memory (MB): peak = 1260.434 ; gain = 157.125
---------------------------------------------------------------------------------
---------------------------------------------------------------------------------
Start IO Insertion
---------------------------------------------------------------------------------
---------------------------------------------------------------------------------
Start Flattening Before IO Insertion
---------------------------------------------------------------------------------
---------------------------------------------------------------------------------
Finished Flattening Before IO Insertion
---------------------------------------------------------------------------------
---------------------------------------------------------------------------------
Start Final Netlist Cleanup
---------------------------------------------------------------------------------
---------------------------------------------------------------------------------
Finished Final Netlist Cleanup
---------------------------------------------------------------------------------
---------------------------------------------------------------------------------
Finished IO Insertion : Time (s): cpu = 00:00:40 ; elapsed = 00:00:42 . Memory (MB): peak = 1260.434 ; gain = 157.125
---------------------------------------------------------------------------------
---------------------------------------------------------------------------------
Start Renaming Generated Instances
---------------------------------------------------------------------------------
---------------------------------------------------------------------------------
Finished Renaming Generated Instances : Time (s): cpu = 00:00:40 ; elapsed = 00:00:42 . Memory (MB): peak = 1260.434 ; gain = 157.125
---------------------------------------------------------------------------------
---------------------------------------------------------------------------------
Start Rebuilding User Hierarchy
---------------------------------------------------------------------------------
---------------------------------------------------------------------------------
Finished Rebuilding User Hierarchy : Time (s): cpu = 00:00:40 ; elapsed = 00:00:42 . Memory (MB): peak = 1260.434 ; gain = 157.125
---------------------------------------------------------------------------------
---------------------------------------------------------------------------------
Start Renaming Generated Ports
---------------------------------------------------------------------------------
---------------------------------------------------------------------------------
Finished Renaming Generated Ports : Time (s): cpu = 00:00:40 ; elapsed = 00:00:42 . Memory (MB): peak = 1260.434 ; gain = 157.125
---------------------------------------------------------------------------------
---------------------------------------------------------------------------------
Start Handling Custom Attributes
---------------------------------------------------------------------------------
---------------------------------------------------------------------------------
Finished Handling Custom Attributes : Time (s): cpu = 00:00:40 ; elapsed = 00:00:42 . Memory (MB): peak = 1260.434 ; gain = 157.125
---------------------------------------------------------------------------------
---------------------------------------------------------------------------------
Start Renaming Generated Nets
---------------------------------------------------------------------------------
---------------------------------------------------------------------------------
Finished Renaming Generated Nets : Time (s): cpu = 00:00:40 ; elapsed = 00:00:42 . Memory (MB): peak = 1260.434 ; gain = 157.125
---------------------------------------------------------------------------------
---------------------------------------------------------------------------------
Start Writing Synthesis Report
---------------------------------------------------------------------------------

Report BlackBoxes: 
+-+--------------+----------+
| |BlackBox name |Instances |
+-+--------------+----------+
+-+--------------+----------+

Report Cell Usage: 
+------+-------+------+
|      |Cell   |Count |
+------+-------+------+
|1     |BUFG   |     1|
|2     |CARRY4 |    35|
|3     |LUT1   |     5|
|4     |LUT2   |    83|
|5     |LUT3   |    42|
|6     |LUT4   |    44|
|7     |LUT5   |    59|
|8     |LUT6   |    88|
|9     |FDCE   |    62|
|10    |IBUF   |     4|
|11    |OBUF   |    12|
+------+-------+------+
---------------------------------------------------------------------------------
Finished Writing Synthesis Report : Time (s): cpu = 00:00:40 ; elapsed = 00:00:42 . Memory (MB): peak = 1260.434 ; gain = 157.125
---------------------------------------------------------------------------------
Synthesis finished with 0 errors, 0 critical warnings and 0 warnings.
Synthesis Optimization Runtime : Time (s): cpu = 00:00:31 ; elapsed = 00:00:40 . Memory (MB): peak = 1260.434 ; gain = 97.738
Synthesis Optimization Complete : Time (s): cpu = 00:00:40 ; elapsed = 00:00:42 . Memory (MB): peak = 1260.434 ; gain = 157.125
INFO: [Project 1-571] Translating synthesized netlist
Netlist sorting complete. Time (s): cpu = 00:00:00 ; elapsed = 00:00:00.008 . Memory (MB): peak = 1272.305 ; gain = 0.000
INFO: [Netlist 29-17] Analyzing 35 Unisim elements for replacement
INFO: [Netlist 29-28] Unisim Transformation completed in 0 CPU seconds
INFO: [Project 1-570] Preparing netlist for logic optimization
INFO: [Opt 31-138] Pushed 0 inverter(s) to 0 load pin(s).
Netlist sorting complete. Time (s): cpu = 00:00:00 ; elapsed = 00:00:00 . Memory (MB): peak = 1272.305 ; gain = 0.000
INFO: [Project 1-111] Unisim Transformation Summary:
No Unisim elements were transformed.

INFO: [Common 17-83] Releasing license: Synthesis
36 Infos, 0 Warnings, 0 Critical Warnings and 0 Errors encountered.
synth_design completed successfully
synth_design: Time (s): cpu = 00:00:46 ; elapsed = 00:00:49 . Memory (MB): peak = 1272.305 ; gain = 168.996
INFO: [Common 17-1381] The checkpoint 'C:/Working/FPGA_AI_25_2/10000_counter/10000_counter.runs/synth_1/TOP_10000_counter.dcp' has been generated.
INFO: [runtcl-4] Executing : report_utilization -file TOP_10000_counter_utilization_synth.rpt -pb TOP_10000_counter_utilization_synth.pb
INFO: [Common 17-206] Exiting Vivado at Tue May 13 15:45:03 2025...
